Log file open, 12/06/17 00:07:14
LogWindows: Failed to load 'aqProf.dll' (GetLastError=126)
LogWindows: File 'aqProf.dll' does not exist
LogWindows: Failed to load 'VtuneApi.dll' (GetLastError=126)
LogWindows: File 'VtuneApi.dll' does not exist
LogWindows: Failed to load 'VtuneApi32e.dll' (GetLastError=126)
LogWindows: File 'VtuneApi32e.dll' does not exist
LogInit: Display: Running engine for game: CastleOfPerdition
LogPlatformFile: Not using cached read wrapper
LogInit: Display: RandInit(-1359696619) SRandInit(-1359696618).
LogInit: Read version file with build ID '3709383'
LogInit: Overriding engine version to CL 3754814, compatible CL 3709383
LogInit: Registered custom module enumerator with build ID '3709383'
LogTaskGraph: Started task graph with 5 named threads and 14 total threads with 3 sets of task threads.
LogStats: Stats thread started at 3.099206
LogD3D11RHI: Aftermath initialized
LogPluginManager: Mounting plugin Paper2D
LogPluginManager: Mounting plugin LightPropagationVolume
LogPluginManager: Mounting plugin CodeLiteSourceCodeAccess
LogPluginManager: Mounting plugin GitSourceControl
LogPluginManager: Mounting plugin KDevelopSourceCodeAccess
LogPluginManager: Mounting plugin NullSourceCodeAccess
LogPluginManager: Mounting plugin PerforceSourceControl
LogPluginManager: Mounting plugin SubversionSourceControl
LogPluginManager: Mounting plugin UObjectPlugin
LogPluginManager: Mounting plugin VisualStudioCodeSourceCodeAccess
LogPluginManager: Mounting plugin VisualStudioSourceCodeAccess
LogPluginManager: Mounting plugin XCodeSourceCodeAccess
LogPluginManager: Mounting plugin AssetManagerEditor
LogPluginManager: Mounting plugin AudioCapture
LogPluginManager: Mounting plugin FacialAnimation
LogPluginManager: Mounting plugin GameplayTagsEditor
LogPluginManager: Mounting plugin MobileLauncherProfileWizard
LogPluginManager: Mounting plugin PluginBrowser
LogPluginManager: Mounting plugin SpeedTreeImporter
LogPluginManager: Mounting plugin AlembicImporter
LogPluginManager: Mounting plugin CharacterAI
LogPluginManager: Mounting plugin HTML5Networking
LogPluginManager: Mounting plugin AndroidMedia
LogPluginManager: Mounting plugin AvfMedia
LogPluginManager: Mounting plugin ImgMedia
LogPluginManager: Mounting plugin MediaCompositing
LogPluginManager: Mounting plugin MediaPlayerEditor
LogPluginManager: Mounting plugin WmfMedia
LogPluginManager: Mounting plugin TcpMessaging
LogPluginManager: Mounting plugin UdpMessaging
LogPluginManager: Mounting plugin ActorSequence
LogPluginManager: Mounting plugin LevelSequenceEditor
LogPluginManager: Mounting plugin MatineeToLevelSequence
LogPluginManager: Mounting plugin OnlineSubsystemGooglePlay
LogPluginManager: Mounting plugin OnlineSubsystemIOS
LogPluginManager: Mounting plugin OnlineSubsystem
LogPluginManager: Mounting plugin OnlineSubsystemNull
LogPluginManager: Mounting plugin OnlineSubsystemUtils
LogPluginManager: Mounting plugin AndroidDeviceProfileSelector
LogPluginManager: Mounting plugin AndroidMoviePlayer
LogPluginManager: Mounting plugin AndroidPermission
LogPluginManager: Mounting plugin AppleARKit
LogPluginManager: Mounting plugin AppleMoviePlayer
LogPluginManager: Mounting plugin ArchVisCharacter
LogPluginManager: Mounting plugin CableComponent
LogPluginManager: Mounting plugin CustomMeshComponent
LogPluginManager: Mounting plugin ExampleDeviceProfileSelector
LogPluginManager: Mounting plugin GoogleCloudMessaging
LogPluginManager: Mounting plugin ImmediatePhysics
LogPluginManager: Mounting plugin IOSDeviceProfileSelector
LogPluginManager: Mounting plugin LinuxDeviceProfileSelector
LogPluginManager: Mounting plugin LocationServicesBPLibrary
LogPluginManager: Mounting plugin MobilePatchingUtils
LogPluginManager: Mounting plugin OculusVR
LogPluginManager: Plugin shader directory ../../../Engine/Plugins/Runtime/Oculus/OculusVR/Shaders found
LogPluginManager: Mapping shader source directory ../../../Engine/Plugins/Runtime/Oculus/OculusVR/Shaders to virtual directory /Plugin/OculusVR
LogPluginManager: Mounting plugin PhysXVehicles
LogPluginManager: Mounting plugin ProceduralMeshComponent
LogPluginManager: Mounting plugin RuntimePhysXCooking
LogPluginManager: Mounting plugin SteamVR
LogPluginManager: Mounting plugin WindowsMoviePlayer
LogModuleManager: Display: Found up-to-date module file ../../../../../../Programming/Git Repos/Team_heresy/CastleOfPerdition/Binaries/Win64/UE4Editor-CastleOfPerdition.dll (API version 3709383).
LogModuleManager: Display: Found up-to-date module file ../../../Engine/Plugins/2D/Paper2D/Binaries/Win64/UE4Editor-Paper2D.dll (API version 3709383).
LogModuleManager: Display: Found up-to-date module file ../../../Engine/Plugins/2D/Paper2D/Binaries/Win64/UE4Editor-Paper2DEditor.dll (API version 3709383).
LogModuleManager: Display: Found up-to-date module file ../../../Engine/Plugins/2D/Paper2D/Binaries/Win64/UE4Editor-PaperSpriteSheetImporter.dll (API version 3709383).
LogModuleManager: Display: Found up-to-date module file ../../../Engine/Plugins/2D/Paper2D/Binaries/Win64/UE4Editor-PaperTiledImporter.dll (API version 3709383).
LogModuleManager: Display: Found up-to-date module file ../../../Engine/Plugins/2D/Paper2D/Binaries/Win64/UE4Editor-SmartSnapping.dll (API version 3709383).
LogModuleManager: Display: Found up-to-date module file ../../../Engine/Plugins/Blendables/LightPropagationVolume/Binaries/Win64/UE4Editor-LightPropagationVolumeRuntime.dll (API version 3709383).
LogModuleManager: Display: Found up-to-date module file ../../../Engine/Plugins/Blendables/LightPropagationVolume/Binaries/Win64/UE4Editor-LightPropagationVolumeEditor.dll (API version 3709383).
LogModuleManager: Display: Found up-to-date module file ../../../Engine/Plugins/Developer/GitSourceControl/Binaries/Win64/UE4Editor-GitSourceControl.dll (API version 3709383).
LogModuleManager: Display: Found up-to-date module file ../../../Engine/Plugins/Developer/PerforceSourceControl/Binaries/Win64/UE4Editor-PerforceSourceControl.dll (API version 3709383).
LogModuleManager: Display: Found up-to-date module file ../../../Engine/Plugins/Developer/SubversionSourceControl/Binaries/Win64/UE4Editor-SubversionSourceControl.dll (API version 3709383).
LogModuleManager: Display: Found up-to-date module file ../../../Engine/Plugins/Developer/UObjectPlugin/Binaries/Win64/UE4Editor-UObjectPlugin.dll (API version 3709383).
LogModuleManager: Display: Found up-to-date module file ../../../Engine/Plugins/Developer/VisualStudioCodeSourceCodeAccess/Binaries/Win64/UE4Editor-VisualStudioCodeSourceCodeAccess.dll (API version 3709383).
LogModuleManager: Display: Found up-to-date module file ../../../Engine/Plugins/Developer/VisualStudioSourceCodeAccess/Binaries/Win64/UE4Editor-VisualStudioSourceCodeAccess.dll (API version 3709383).
LogModuleManager: Display: Found up-to-date module file ../../../Engine/Plugins/Editor/AssetManagerEditor/Binaries/Win64/UE4Editor-AssetManagerEditor.dll (API version 3709383).
LogModuleManager: Display: Found up-to-date module file ../../../Engine/Plugins/Editor/AudioCapture/Binaries/Win64/UE4Editor-AudioCapture.dll (API version 3709383).
LogModuleManager: Display: Found up-to-date module file ../../../Engine/Plugins/Editor/FacialAnimation/Binaries/Win64/UE4Editor-FacialAnimation.dll (API version 3709383).
LogModuleManager: Display: Found up-to-date module file ../../../Engine/Plugins/Editor/FacialAnimation/Binaries/Win64/UE4Editor-FacialAnimationEditor.dll (API version 3709383).
LogModuleManager: Display: Found up-to-date module file ../../../Engine/Plugins/Editor/GameplayTagsEditor/Binaries/Win64/UE4Editor-GameplayTagsEditor.dll (API version 3709383).
LogModuleManager: Display: Found up-to-date module file ../../../Engine/Plugins/Editor/MobileLauncherProfileWizard/Binaries/Win64/UE4Editor-MobileLauncherProfileWizard.dll (API version 3709383).
LogModuleManager: Display: Found up-to-date module file ../../../Engine/Plugins/Editor/PluginBrowser/Binaries/Win64/UE4Editor-PluginBrowser.dll (API version 3709383).
LogModuleManager: Display: Found up-to-date module file ../../../Engine/Plugins/Editor/SpeedTreeImporter/Binaries/Win64/UE4Editor-SpeedTreeImporter.dll (API version 3709383).
LogModuleManager: Display: Found up-to-date module file ../../../Engine/Plugins/Experimental/AlembicImporter/Binaries/Win64/UE4Editor-AlembicImporter.dll (API version 3709383).
LogModuleManager: Display: Found up-to-date module file ../../../Engine/Plugins/Experimental/AlembicImporter/Binaries/Win64/UE4Editor-AlembicLibrary.dll (API version 3709383).
LogModuleManager: Display: Found up-to-date module file ../../../Engine/Plugins/Experimental/CharacterAI/Binaries/Win64/UE4Editor-CharacterAI.dll (API version 3709383).
LogModuleManager: Display: Found up-to-date module file ../../../Engine/Plugins/Experimental/HTML5Networking/Binaries/Win64/UE4Editor-HTML5Networking.dll (API version 3709383).
LogModuleManager: Display: Found up-to-date module file ../../../Engine/Plugins/Media/AndroidMedia/Binaries/Win64/UE4Editor-AndroidMediaEditor.dll (API version 3709383).
LogModuleManager: Display: Found up-to-date module file ../../../Engine/Plugins/Media/AndroidMedia/Binaries/Win64/UE4Editor-AndroidMediaFactory.dll (API version 3709383).
LogModuleManager: Display: Found up-to-date module file ../../../Engine/Plugins/Media/AvfMedia/Binaries/Win64/UE4Editor-AvfMediaEditor.dll (API version 3709383).
LogModuleManager: Display: Found up-to-date module file ../../../Engine/Plugins/Media/AvfMedia/Binaries/Win64/UE4Editor-AvfMediaFactory.dll (API version 3709383).
LogModuleManager: Display: Found up-to-date module file ../../../Engine/Plugins/Media/AvfMedia/Binaries/Win64/UE4Editor-AvfMediaFactory.dll (API version 3709383).
LogModuleManager: Display: Found up-to-date module file ../../../Engine/Plugins/Media/ImgMedia/Binaries/Win64/UE4Editor-ImgMedia.dll (API version 3709383).
LogModuleManager: Display: Found up-to-date module file ../../../Engine/Plugins/Media/ImgMedia/Binaries/Win64/UE4Editor-ImgMediaEditor.dll (API version 3709383).
LogModuleManager: Display: Found up-to-date module file ../../../Engine/Plugins/Media/ImgMedia/Binaries/Win64/UE4Editor-ImgMediaFactory.dll (API version 3709383).
LogModuleManager: Display: Found up-to-date module file ../../../Engine/Plugins/Media/ImgMedia/Binaries/Win64/UE4Editor-ImgMediaFactory.dll (API version 3709383).
LogModuleManager: Display: Found up-to-date module file ../../../Engine/Plugins/Media/ImgMedia/Binaries/Win64/UE4Editor-OpenExrWrapper.dll (API version 3709383).
LogModuleManager: Display: Found up-to-date module file ../../../Engine/Plugins/Media/MediaCompositing/Binaries/Win64/UE4Editor-MediaCompositing.dll (API version 3709383).
LogModuleManager: Display: Found up-to-date module file ../../../Engine/Plugins/Media/MediaCompositing/Binaries/Win64/UE4Editor-MediaCompositingEditor.dll (API version 3709383).
LogModuleManager: Display: Found up-to-date module file ../../../Engine/Plugins/Media/MediaPlayerEditor/Binaries/Win64/UE4Editor-MediaPlayerEditor.dll (API version 3709383).
LogModuleManager: Display: Found up-to-date module file ../../../Engine/Plugins/Media/WmfMedia/Binaries/Win64/UE4Editor-WmfMedia.dll (API version 3709383).
LogModuleManager: Display: Found up-to-date module file ../../../Engine/Plugins/Media/WmfMedia/Binaries/Win64/UE4Editor-WmfMediaEditor.dll (API version 3709383).
LogModuleManager: Display: Found up-to-date module file ../../../Engine/Plugins/Media/WmfMedia/Binaries/Win64/UE4Editor-WmfMediaFactory.dll (API version 3709383).
LogModuleManager: Display: Found up-to-date module file ../../../Engine/Plugins/Media/WmfMedia/Binaries/Win64/UE4Editor-WmfMediaFactory.dll (API version 3709383).
LogModuleManager: Display: Found up-to-date module file ../../../Engine/Plugins/Messaging/TcpMessaging/Binaries/Win64/UE4Editor-TcpMessaging.dll (API version 3709383).
LogModuleManager: Display: Found up-to-date module file ../../../Engine/Plugins/Messaging/UdpMessaging/Binaries/Win64/UE4Editor-UdpMessaging.dll (API version 3709383).
LogModuleManager: Display: Found up-to-date module file ../../../Engine/Plugins/MovieScene/ActorSequence/Binaries/Win64/UE4Editor-ActorSequence.dll (API version 3709383).
LogModuleManager: Display: Found up-to-date module file ../../../Engine/Plugins/MovieScene/LevelSequenceEditor/Binaries/Win64/UE4Editor-LevelSequenceEditor.dll (API version 3709383).
LogModuleManager: Display: Found up-to-date module file ../../../Engine/Plugins/MovieScene/MatineeToLevelSequence/Binaries/Win64/UE4Editor-MatineeToLevelSequence.dll (API version 3709383).
LogModuleManager: Display: Found up-to-date module file ../../../Engine/Plugins/Online/OnlineSubsystem/Binaries/Win64/UE4Editor-OnlineSubsystem.dll (API version 3709383).
LogModuleManager: Display: Found up-to-date module file ../../../Engine/Plugins/Online/OnlineSubsystemNull/Binaries/Win64/UE4Editor-OnlineSubsystemNull.dll (API version 3709383).
LogModuleManager: Display: Found up-to-date module file ../../../Engine/Plugins/Online/OnlineSubsystemUtils/Binaries/Win64/UE4Editor-OnlineSubsystemUtils.dll (API version 3709383).
LogModuleManager: Display: Found up-to-date module file ../../../Engine/Plugins/Online/OnlineSubsystemUtils/Binaries/Win64/UE4Editor-OnlineBlueprintSupport.dll (API version 3709383).
LogModuleManager: Display: Found up-to-date module file ../../../Engine/Plugins/Runtime/AndroidDeviceProfileSelector/Binaries/Win64/UE4Editor-AndroidDeviceProfileSelector.dll (API version 3709383).
LogModuleManager: Display: Found up-to-date module file ../../../Engine/Plugins/Runtime/AndroidPermission/Binaries/Win64/UE4Editor-AndroidPermission.dll (API version 3709383).
LogModuleManager: Display: Found up-to-date module file ../../../Engine/Plugins/Runtime/AppleARKit/Binaries/Win64/UE4Editor-AppleARKit.dll (API version 3709383).
LogModuleManager: Display: Found up-to-date module file ../../../Engine/Plugins/Runtime/ArchVisCharacter/Binaries/Win64/UE4Editor-ArchVisCharacter.dll (API version 3709383).
LogModuleManager: Display: Found up-to-date module file ../../../Engine/Plugins/Runtime/CableComponent/Binaries/Win64/UE4Editor-CableComponent.dll (API version 3709383).
LogModuleManager: Display: Found up-to-date module file ../../../Engine/Plugins/Runtime/CustomMeshComponent/Binaries/Win64/UE4Editor-CustomMeshComponent.dll (API version 3709383).
LogModuleManager: Display: Found up-to-date module file ../../../Engine/Plugins/Runtime/ExampleDeviceProfileSelector/Binaries/Win64/UE4Editor-ExampleDeviceProfileSelector.dll (API version 3709383).
LogModuleManager: Display: Found up-to-date module file ../../../Engine/Plugins/Runtime/ImmediatePhysics/Binaries/Win64/UE4Editor-ImmediatePhysics.dll (API version 3709383).
LogModuleManager: Display: Found up-to-date module file ../../../Engine/Plugins/Runtime/ImmediatePhysics/Binaries/Win64/UE4Editor-ImmediatePhysicsEditor.dll (API version 3709383).
LogModuleManager: Display: Found up-to-date module file ../../../Engine/Plugins/Runtime/LocationServicesBPLibrary/Binaries/Win64/UE4Editor-LocationServicesBPLibrary.dll (API version 3709383).
LogModuleManager: Display: Found up-to-date module file ../../../Engine/Plugins/Runtime/MobilePatchingUtils/Binaries/Win64/UE4Editor-MobilePatchingUtils.dll (API version 3709383).
LogModuleManager: Display: Found up-to-date module file ../../../Engine/Plugins/Runtime/Oculus/OculusVR/Binaries/Win64/UE4Editor-OculusHMD.dll (API version 3709383).
LogModuleManager: Display: Found up-to-date module file ../../../Engine/Plugins/Runtime/Oculus/OculusVR/Binaries/Win64/UE4Editor-OculusInput.dll (API version 3709383).
LogModuleManager: Display: Found up-to-date module file ../../../Engine/Plugins/Runtime/Oculus/OculusVR/Binaries/Win64/UE4Editor-OculusEditor.dll (API version 3709383).
LogModuleManager: Display: Found up-to-date module file ../../../Engine/Plugins/Runtime/PhysXVehicles/Binaries/Win64/UE4Editor-PhysXVehicles.dll (API version 3709383).
LogModuleManager: Display: Found up-to-date module file ../../../Engine/Plugins/Runtime/PhysXVehicles/Binaries/Win64/UE4Editor-PhysXVehiclesEditor.dll (API version 3709383).
LogModuleManager: Display: Found up-to-date module file ../../../Engine/Plugins/Runtime/ProceduralMeshComponent/Binaries/Win64/UE4Editor-ProceduralMeshComponent.dll (API version 3709383).
LogModuleManager: Display: Found up-to-date module file ../../../Engine/Plugins/Runtime/ProceduralMeshComponent/Binaries/Win64/UE4Editor-ProceduralMeshComponentEditor.dll (API version 3709383).
LogModuleManager: Display: Found up-to-date module file ../../../Engine/Plugins/Runtime/RuntimePhysXCooking/Binaries/Win64/UE4Editor-RuntimePhysXCooking.dll (API version 3709383).
LogModuleManager: Display: Found up-to-date module file ../../../Engine/Plugins/Runtime/Steam/SteamVR/Binaries/Win64/UE4Editor-SteamVR.dll (API version 3709383).
LogModuleManager: Display: Found up-to-date module file ../../../Engine/Plugins/Runtime/Steam/SteamVR/Binaries/Win64/UE4Editor-SteamVRController.dll (API version 3709383).
LogModuleManager: Display: Found up-to-date module file ../../../Engine/Plugins/Runtime/WindowsMoviePlayer/Binaries/Win64/UE4Editor-WindowsMoviePlayer.dll (API version 3709383).
LogInit: Using libcurl 7.47.1
LogInit:  - built for x86_64-pc-win32
LogInit:  - supports SSL with OpenSSL/1.0.2g
LogInit:  - supports HTTP deflate (compression) using libz 1.2.8
LogInit:  - other features:
LogInit:      CURL_VERSION_SSL
LogInit:      CURL_VERSION_LIBZ
LogInit:      CURL_VERSION_IPV6
LogInit:      CURL_VERSION_ASYNCHDNS
LogInit:      CURL_VERSION_LARGEFILE
LogInit:      CURL_VERSION_IDN
LogInit:  CurlRequestOptions (configurable via config and command line):
LogInit:  - bVerifyPeer = false  - Libcurl will NOT verify peer certificate
LogInit:  - bUseHttpProxy = false  - Libcurl will NOT use HTTP proxy
LogInit:  - bDontReuseConnections = false  - Libcurl will reuse connections
LogInit:  - CertBundlePath = nullptr  - Libcurl will use whatever was configured at build time.
LogInit: Build: ++UE4+Release-4.18-CL-3754814
LogInit: Engine Version: 4.18.1-3754814+++UE4+Release-4.18
LogInit: Compatible Engine Version: 4.18.0-3709383+++UE4+Release-4.18
LogInit: Net CL: 3709383
LogDevObjectVersion: Number of dev versions registered: 16
LogDevObjectVersion:   Dev-Blueprints (B0D832E4-1F89-4F0D-ACCF-7EB736FD4AA2): 10
LogDevObjectVersion:   Dev-Build (E1C64328-A22C-4D53-A36C-8E866417BD8C): 0
LogDevObjectVersion:   Dev-Core (375EC13C-06E4-48FB-B500-84F0262A717E): 2
LogDevObjectVersion:   Dev-Editor (E4B068ED-F494-42E9-A231-DA0B2E46BB41): 20
LogDevObjectVersion:   Dev-Framework (CFFC743F-43B0-4480-9391-14DF171D2073): 30
LogDevObjectVersion:   Dev-Mobile (B02B49B5-BB20-44E9-A304-32B752E40360): 0
LogDevObjectVersion:   Dev-Networking (A4E4105C-59A1-49B5-A7C5-40C4547EDFEE): 0
LogDevObjectVersion:   Dev-Online (39C831C9-5AE6-47DC-9A44-9C173E1C8E7C): 0
LogDevObjectVersion:   Dev-Physics (78F01B33-EBEA-4F98-B9B4-84EACCB95AA2): 0
LogDevObjectVersion:   Dev-Platform (6631380F-2D4D-43E0-8009-CF276956A95A): 0
LogDevObjectVersion:   Dev-Rendering (12F88B9F-8875-4AFC-A67C-D90C383ABD29): 20
LogDevObjectVersion:   Dev-Sequencer (7B5AE74C-D270-4C10-A958-57980B212A5A): 4
LogDevObjectVersion:   Dev-VR (D7296918-1DD6-4BDD-9DE2-64A83CC13884): 0
LogDevObjectVersion:   Dev-LoadTimes (C2A15278-BFE7-4AFE-6C17-90FF531DF755): 1
LogDevObjectVersion:   Private-Geometry (6EACA3D4-40EC-4CC1-B786-8BED09428FC5): 1
LogDevObjectVersion:   Dev-AnimPhys (29E575DD-E0A3-4627-9D10-D276232CDCEA): 12
LogInit: Compiled (64-bit): Nov 14 2017 02:05:55
LogInit: Compiled with Visual C++: 19.00.24215.01
LogInit: Build Configuration: Development
LogInit: Branch Name: ++UE4+Release-4.18
LogInit: Command line:  
LogInit: Base directory: D:/Program Files (x86)/Epic Games/UE_4.18/Engine/Binaries/Win64/
LogInit: Installed Engine Build: 1
LogInit: Presizing for max 8388607 objects, including 0 objects not considered by GC, pre-allocating 0 bytes for permanent pool.
LogInit: Object subsystem initialized
[2017.12.06-07.07.28:215][  0]LogInit: Selected Device Profile: [Windows]
[2017.12.06-07.07.28:215][  0]LogInit: Applying CVar settings loaded from the selected device profile: [Windows]
[2017.12.06-07.07.28:447][  0]LogInit: Computer: ALIENWARE-SHANU
[2017.12.06-07.07.28:447][  0]LogInit: User: shant
[2017.12.06-07.07.28:447][  0]LogInit: CPU Page size=4096, Cores=4
[2017.12.06-07.07.28:447][  0]LogInit: High frequency timer resolution =2.742184 MHz
[2017.12.06-07.07.28:448][  0]LogMemory: Memory total: Physical=15.9GB (16GB approx)
[2017.12.06-07.07.28:456][  0]LogMemory: Platform Memory Stats for Windows
[2017.12.06-07.07.28:456][  0]LogMemory: Process Physical Memory: 272.63 MB used, 272.63 MB peak
[2017.12.06-07.07.28:456][  0]LogMemory: Process Virtual Memory: 271.82 MB used, 271.82 MB peak
[2017.12.06-07.07.28:456][  0]LogMemory: Physical Memory: 6242.45 MB used,  10014.58 MB free, 16257.03 MB total
[2017.12.06-07.07.28:456][  0]LogMemory: Virtual Memory: 646.33 MB used,  10014.58 MB free, 134217728.00 MB total
[2017.12.06-07.07.32:140][  0]LogInit: Using OS detected language (en-US).
[2017.12.06-07.07.32:141][  0]LogInit: Using OS detected locale (en-US).
[2017.12.06-07.07.32:623][  0]LogTextLocalizationManager: No specific localization for 'en-US' exists, so the 'en' localization will be used.
[2017.12.06-07.07.34:376][  0]LogInit: Setting process to per monitor DPI aware
[2017.12.06-07.07.46:033][  0]LogD3D11RHI: D3D11 adapters:
[2017.12.06-07.07.46:277][  0]LogD3D11RHI:    0. 'NVIDIA GeForce GTX 1060' (Feature Level 11_0)
[2017.12.06-07.07.46:277][  0]LogD3D11RHI:       6046/0/8128 MB DedicatedVideo/DedicatedSystem/SharedSystem, Outputs:2, VendorId:0x10de
[2017.12.06-07.07.46:352][  0]LogD3D11RHI:    1. 'Intel(R) HD Graphics 630' (Feature Level 11_0)
[2017.12.06-07.07.46:352][  0]LogD3D11RHI:       128/0/8128 MB DedicatedVideo/DedicatedSystem/SharedSystem, Outputs:0, VendorId:0x8086
[2017.12.06-07.07.46:356][  0]LogD3D11RHI:    2. 'Microsoft Basic Render Driver' (Feature Level 11_0)
[2017.12.06-07.07.46:356][  0]LogD3D11RHI:       0/0/8128 MB DedicatedVideo/DedicatedSystem/SharedSystem, Outputs:0, VendorId:0x1414
[2017.12.06-07.07.46:356][  0]LogD3D11RHI: Chosen D3D11 Adapter: 0
[2017.12.06-07.07.46:380][  0]LogD3D11RHI: Creating new Direct3DDevice
[2017.12.06-07.07.46:395][  0]LogD3D11RHI:     GPU DeviceId: 0x1c20 (for the marketing name, search the web for "GPU Device Id")
[2017.12.06-07.07.46:395][  0]LogWindows: EnumDisplayDevices:
[2017.12.06-07.07.46:396][  0]LogWindows:    0. 'Intel(R) HD Graphics 630' (P:0 D:1)
[2017.12.06-07.07.46:408][  0]LogWindows:    1. 'Intel(R) HD Graphics 630' (P:0 D:0)
[2017.12.06-07.07.46:408][  0]LogWindows:    2. 'Intel(R) HD Graphics 630' (P:0 D:0)
[2017.12.06-07.07.46:409][  0]LogWindows:    3. 'NVIDIA GeForce GTX 1060' (P:1 D:1)
[2017.12.06-07.07.46:409][  0]LogWindows:    4. 'NVIDIA GeForce GTX 1060' (P:0 D:0)
[2017.12.06-07.07.46:410][  0]LogWindows:    5. 'NVIDIA GeForce GTX 1060' (P:0 D:0)
[2017.12.06-07.07.46:410][  0]LogWindows:    6. 'NVIDIA GeForce GTX 1060' (P:0 D:0)
[2017.12.06-07.07.46:411][  0]LogWindows: DebugString: PrimaryIsNotTheChoosenAdapter PrimaryIsNotTheChoosenAdapter PrimaryIsNotTheChoosenAdapter FoundDriverCount:4 
[2017.12.06-07.07.46:411][  0]LogD3D11RHI:     Adapter Name: NVIDIA GeForce GTX 1060
[2017.12.06-07.07.46:411][  0]LogD3D11RHI:   Driver Version: 385.14 (internal:22.21.13.8514, unified:385.14)
[2017.12.06-07.07.46:411][  0]LogD3D11RHI:      Driver Date: 7-30-2017
[2017.12.06-07.07.46:411][  0]LogRHI: Texture pool is 4232 MB (70% of 6046 MB)
[2017.12.06-07.07.46:585][  0]LogD3D11RHI: Async texture creation enabled
[2017.12.06-07.07.46:921][  0]LogD3D11RHI: GPU Timing Frequency: 1000.000000 (Debug: 2 3)
[2017.12.06-07.07.47:113][  0]LogShaderCompilers: Guid format shader working directory is -23 characters bigger than the processId version (../../../../../../Programming/Git Repos/Team_heresy/CastleOfPerdition/Intermediate/Shaders/WorkingDirectory/1644/).
[2017.12.06-07.07.47:113][  0]LogShaderCompilers: Cleaned the shader compiler working directory 'C:/Users/shant/AppData/Local/Temp/UnrealShaderWorkingDir/C5D4870E4E6CBB6C8EC0FABB144E22F0/'.
[2017.12.06-07.07.47:127][  0]LogShaderCompilers: Display: Using Local Shader Compiler.
[2017.12.06-07.08.00:119][  0]LogTemp: Display: Loaded TP AllDesktopTargetPlatform
[2017.12.06-07.08.00:602][  0]LogTemp: Display: Loaded TP MacClientTargetPlatform
[2017.12.06-07.08.01:123][  0]LogTemp: Display: Loaded TP MacNoEditorTargetPlatform
[2017.12.06-07.08.01:340][  0]LogTemp: Display: Loaded TP MacServerTargetPlatform
[2017.12.06-07.08.01:605][  0]LogTemp: Display: Loaded TP MacTargetPlatform
[2017.12.06-07.08.02:030][  0]LogTemp: Display: Loaded TP WindowsClientTargetPlatform
[2017.12.06-07.08.02:332][  0]LogTemp: Display: Loaded TP WindowsNoEditorTargetPlatform
[2017.12.06-07.08.02:746][  0]LogTemp: Display: Loaded TP WindowsServerTargetPlatform
[2017.12.06-07.08.03:153][  0]LogTemp: Display: Loaded TP WindowsTargetPlatform
[2017.12.06-07.08.03:688][  0]LogTemp: Display: Loaded TP Android_ASTCTargetPlatform
[2017.12.06-07.08.04:152][  0]LogTemp: Display: Loaded TP Android_ATCTargetPlatform
[2017.12.06-07.08.04:322][  0]LogTemp: Display: Loaded TP Android_DXTTargetPlatform
[2017.12.06-07.08.04:867][  0]LogTemp: Display: Loaded TP Android_ETC1TargetPlatform
[2017.12.06-07.08.05:391][  0]LogTemp: Display: Loaded TP Android_ETC2TargetPlatform
[2017.12.06-07.08.05:957][  0]LogTemp: Display: Loaded TP Android_MultiTargetPlatform
[2017.12.06-07.08.05:957][  0]LogTemp: Display: Loaded TP Android_PVRTCTargetPlatform
[2017.12.06-07.08.06:467][  0]LogTemp: Display: Loaded TP AndroidTargetPlatform
[2017.12.06-07.08.06:811][  0]LogTemp: Display: Loaded TP HTML5TargetPlatform
[2017.12.06-07.08.07:704][  0]LogTemp: Display: Loaded TP IOSTargetPlatform
[2017.12.06-07.08.07:988][  0]LogTemp: Display: Loaded TP TVOSTargetPlatform
[2017.12.06-07.08.08:496][  0]LogTemp: Display: Loaded TP LinuxClientTargetPlatform
[2017.12.06-07.08.08:795][  0]LogTemp: Display: Loaded TP LinuxNoEditorTargetPlatform
[2017.12.06-07.08.09:203][  0]LogTemp: Display: Loaded TP LinuxServerTargetPlatform
[2017.12.06-07.08.09:661][  0]LogTemp: Display: Loaded TP LinuxTargetPlatform
[2017.12.06-07.08.09:661][  0]LogTargetPlatformManager: Display: Building Assets For Windows
[2017.12.06-07.08.15:981][  0]LogDerivedDataCache: Display: Max Cache Size: 512 MB
[2017.12.06-07.08.17:405][  0]LogDerivedDataCache: Loaded boot cache 1.39s 78MB C:/Users/shant/AppData/Local/UnrealEngine/4.18/DerivedDataCache/Boot.ddc.
[2017.12.06-07.08.17:405][  0]LogDerivedDataCache: Display: Loaded Boot cache: C:/Users/shant/AppData/Local/UnrealEngine/4.18/DerivedDataCache/Boot.ddc
[2017.12.06-07.08.17:405][  0]LogDerivedDataCache: FDerivedDataBackendGraph:  Pak pak cache file ../../../../../../Programming/Git Repos/Team_heresy/CastleOfPerdition/DerivedDataCache/DDC.ddp not found, will not use a pak cache.
[2017.12.06-07.08.17:405][  0]LogDerivedDataCache: Unable to find inner node Pak for hierarchical cache Hierarchy.
[2017.12.06-07.08.17:405][  0]LogDerivedDataCache: FDerivedDataBackendGraph:  CompressedPak pak cache file ../../../../../../Programming/Git Repos/Team_heresy/CastleOfPerdition/DerivedDataCache/Compressed.ddp not found, will not use a pak cache.
[2017.12.06-07.08.17:405][  0]LogDerivedDataCache: Unable to find inner node CompressedPak for hierarchical cache Hierarchy.
[2017.12.06-07.08.17:592][  0]LogDerivedDataCache: Display: Pak cache opened for reading ../../../Engine/DerivedDataCache/Compressed.ddp.
[2017.12.06-07.08.17:606][  0]LogDerivedDataCache: Using Local data cache path C:/Users/shant/AppData/Local/UnrealEngine/Common/DerivedDataCache: Writable
[2017.12.06-07.08.17:741][  0]LogMaterial: Verifying Global Shaders for PCD3D_SM5
[2017.12.06-07.08.17:784][  0]LogSlate: Using Freetype 2.6.0
[2017.12.06-07.08.17:899][  0]LogSlate: SlateFontCache - WITH_FREETYPE: 1, WITH_HARFBUZZ: 1
[2017.12.06-07.08.17:899][  0]LogSlate: SlateFontCache - WITH_FREETYPE: 1, WITH_HARFBUZZ: 1
[2017.12.06-07.08.35:602][  0]LogInit: Selected Device Profile: [Windows]
[2017.12.06-07.08.38:570][  0]LogSimplygon: Simplygon DLL not present - disabling.
[2017.12.06-07.08.38:862][  0]LogMeshReduction: Using SimplygonSwarm for distributed automatic mesh merging
[2017.12.06-07.08.38:863][  0]LogMeshReduction: Using QuadricMeshReduction for automatic static mesh reduction
[2017.12.06-07.08.38:863][  0]LogMeshReduction: No automatic skeletal mesh reduction module available
[2017.12.06-07.08.38:863][  0]LogMeshReduction: No automatic mesh merging module available
[2017.12.06-07.08.38:863][  0]LogMeshMerging: No automatic mesh merging module available
[2017.12.06-07.08.39:542][  0]LogNetVersion: CastleOfPerdition , NetCL: 3709383, EngineNetVer: 2, GameNetVer: 0 (Checksum: 261315538)
[2017.12.06-07.08.41:687][  0]LogAssetRegistry: FAssetRegistry took 0.0515 seconds to start up
[2017.12.06-07.08.50:912][  0]LogPackageLocalizationCache: Processed 7 localized package path(s) for 2 prioritized culture(s) in 0.280975 seconds
[2017.12.06-07.08.51:028][  0]LogUObjectArray: 35900 objects as part of root set at end of initial load.
[2017.12.06-07.08.51:028][  0]LogUObjectAllocator: 7372024 out of 0 bytes used by permanent object pool.
[2017.12.06-07.08.51:028][  0]LogUObjectArray: CloseDisregardForGC: 0/0 objects in disregard for GC pool
[2017.12.06-07.08.51:429][  0]LogInit: WinSock: version 1.1 (2.2), MaxSocks=32767, MaxUdp=65467
[2017.12.06-07.09.28:495][  0]LogTcpMessaging: Initializing TcpMessaging bridge
[2017.12.06-07.09.28:761][  0]LogUdpMessaging: Initializing bridge on interface 0.0.0.0:0 to multicast group 230.0.0.1:6666.
[2017.12.06-07.09.34:818][  0]LogMaterial: Uniform references updated for custom material expression Custom.
[2017.12.06-07.09.37:955][  0]SourceControl: Source control is disabled
[2017.12.06-07.09.37:955][  0]SourceControl: Source control is disabled
[2017.12.06-07.09.38:508][  0]SourceControl: Source control is disabled
[2017.12.06-07.09.38:991][  0]SourceControl: Source control is disabled
[2017.12.06-07.09.47:367][  0]LogAndroidPermission: UAndroidPermissionCallbackProxy::GetInstance
[2017.12.06-07.09.49:845][  0]LogOcInput: OculusInput pre-init called
[2017.12.06-07.09.52:372][  0]LogEngine: Initializing Engine...
[2017.12.06-07.09.52:465][  0]LogHMD: Failed to initialize OpenVR with code 110
[2017.12.06-07.09.54:146][  0]LogStats: UGameplayTagsManager::ConstructGameplayTagTree: Construct from data asset -  0.000 s
[2017.12.06-07.09.54:148][  0]LogStats: UGameplayTagsManager::ConstructGameplayTagTree: GameplayTagTreeChangedEvent.Broadcast -  0.000 s
[2017.12.06-07.09.55:288][  0]LogAIModule: Creating AISystem for world Untitled
[2017.12.06-07.09.55:654][  0]LogInit: XAudio2 using 'Headphones (2- boAt Rockerz 600 Stereo)' : 2 channels at 44.1 kHz using 16 bits per sample (channel mask 0x3)
[2017.12.06-07.09.56:084][  0]LogInit: FAudioDevice initialized.
[2017.12.06-07.09.56:433][  0]LogDerivedDataCache: Saved boot cache 0.27s 78MB C:/Users/shant/AppData/Local/UnrealEngine/4.18/DerivedDataCache/Boot.ddc.
[2017.12.06-07.09.56:464][  0]LogInit: Texture streaming: Enabled
[2017.12.06-07.09.57:864][  0]LogEngineSessionManager: EngineSessionManager initialized
[2017.12.06-07.09.59:396][  0]LogInit: Transaction tracking system initialized
[2017.12.06-07.10.06:354][  0]BlueprintLog: New page: Editor Load
[2017.12.06-07.10.13:959][  0]LocalizationService: Localization service is disabled
[2017.12.06-07.10.19:420][  0]LogConsoleResponse: Display: 
[2017.12.06-07.10.23:449][  0]LogFileCache: Scanning file cache for directory 'D:/Programming/Git Repos/Team_heresy/CastleOfPerdition/Content/' took 0.05s
[2017.12.06-07.10.23:449][  0]LogCook: Display: Max memory allowance for cook 16384mb min free memory 0mb
[2017.12.06-07.10.23:470][  0]LogCook: Display: Mobile HDR setting 1
[2017.12.06-07.10.23:520][  0]LogGameplayTags: Display: UGameplayTagsManager::DoneAddingNativeTags. DelegateIsBound: 0
[2017.12.06-07.10.36:610][  0]SourceControl: Source control is disabled
[2017.12.06-07.10.37:071][  0]LogSlate: Took 0.028251 seconds to synchronously load lazily loaded font '../../../Engine/Content/Slate/Fonts/Roboto-Regular.ttf' (155K)
[2017.12.06-07.11.47:279][  0]LogWindowsTextInputMethodSystem: Display: IME system now deactivated.
[2017.12.06-07.11.47:377][  0]LogWindowsTextInputMethodSystem: Display: IME system now deactivated.
[2017.12.06-07.11.47:440][  0]Cmd: MAP LOAD FILE="../../../../../../Programming/Git Repos/Team_heresy/CastleOfPerdition/Content/2DSideScrollerCPP/Maps/2DSideScrollerExampleMap.umap" TEMPLATE=0 SHOWPROGRESS=1 FEATURELEVEL=3
[2017.12.06-07.11.47:610][  0]LightingResults: New page: Lighting Build
[2017.12.06-07.11.48:190][  0]MapCheck: New page: Map Check
[2017.12.06-07.11.48:190][  0]LightingResults: New page: Lighting Build
[2017.12.06-07.11.55:190][  0]LogAIModule: Creating AISystem for world 2DSideScrollerExampleMap
[2017.12.06-07.11.55:926][  0]LogEditorServer: Finished looking for orphan Actors (0.000 secs)
[2017.12.06-07.11.56:120][  0]Cmd: MAP CHECKDEP NOCLEARLOG
[2017.12.06-07.11.56:559][  0]MapCheck: Map check complete: 0 Error(s), 0 Warning(s), took 435.271ms to complete.
[2017.12.06-07.11.56:581][  0]LogFileHelpers: Loading map '2DSideScrollerExampleMap' took 9.171
[2017.12.06-07.11.59:083][  0]LogStats: Warning: MetaData mismatch. Did you assign a stat to two groups? New //STATGROUP_Threads//SplashScreenThread///Thread_2180_0///####STATCAT_Advanced#### old //STATGROUP_Threads//SplashScreenThread///Thread_334_0///####STATCAT_Advanced####
[2017.12.06-07.11.59:083][  0]LogCollectionManager: Loaded 0 collections in 0.006793 seconds
[2017.12.06-07.11.59:920][  0]LogFileCache: Scanning file cache for directory 'D:/Programming/Git Repos/Team_heresy/CastleOfPerdition/Saved/Collections/' took 0.01s
[2017.12.06-07.11.59:920][  0]LogFileCache: Scanning file cache for directory 'D:/Programming/Git Repos/Team_heresy/CastleOfPerdition/Content/Developers/shant/Collections/' took 0.01s
[2017.12.06-07.11.59:920][  0]LogFileCache: Scanning file cache for directory 'D:/Programming/Git Repos/Team_heresy/CastleOfPerdition/Content/Collections/' took 0.01s
[2017.12.06-07.11.59:920][  0]LogCollectionManager: Rebuilt the GUID cache for 0 collections in 0.000001 seconds
[2017.12.06-07.11.59:988][  0]LogContentBrowser: Native class hierarchy populated in 0.0636 seconds. Added 2365 classes and 521 folders.
[2017.12.06-07.12.00:839][  0]LogContentBrowser: Native class hierarchy updated for 'WidgetCarousel' in 0.0033 seconds. Added 0 classes and 0 folders.
[2017.12.06-07.12.02:896][  0]LogContentBrowser: Native class hierarchy updated for 'AddContentDialog' in 0.0039 seconds. Added 0 classes and 0 folders.
[2017.12.06-07.12.03:448][  0]LogContentBrowser: Native class hierarchy updated for 'SceneOutliner' in 0.0038 seconds. Added 1 classes and 2 folders.
[2017.12.06-07.12.04:027][  0]LogSlate: Took 0.030916 seconds to synchronously load lazily loaded font '../../../Engine/Content/Slate/Fonts/Roboto-Bold.ttf' (160K)
[2017.12.06-07.12.04:133][  0]LogSlate: Took 0.027813 seconds to synchronously load lazily loaded font '../../../Engine/Content/Editor/Slate/Fonts/FontAwesome.ttf' (139K)
[2017.12.06-07.12.05:266][  0]LogRenderer: Reallocating scene render targets to support 1208x576 Format 10 NumSamples 1 (Frame:1).
[2017.12.06-07.12.06:499][  0]LogContentBrowser: Native class hierarchy updated for 'HierarchicalLODOutliner' in 0.0037 seconds. Added 1 classes and 2 folders.
[2017.12.06-07.12.06:499][  0]LogLoad: (Engine Initialization) Total time: 306.99 seconds
[2017.12.06-07.12.06:499][  0]LogLoad: (Engine Initialization) Total Blueprint compile time: 0.00 seconds
[2017.12.06-07.12.06:526][  0]LogExternalProfiler: Found external profiler: VSPerf
[2017.12.06-07.12.06:527][  0]LogExternalProfiler: Using external profiler: VSPerf
[2017.12.06-07.12.07:166][  0]LogContentStreaming: Texture pool size now 1000 MB
[2017.12.06-07.12.07:671][  1]LogSlate: Took 0.021744 seconds to synchronously load lazily loaded font '../../../Engine/Content/Slate/Fonts/Roboto-Light.ttf' (159K)
[2017.12.06-07.12.07:963][  3]LogSlate: Took 0.000675 seconds to synchronously load lazily loaded font '../../../Engine/Content/Slate/Fonts/Roboto-Light.ttf' (159K)
[2017.12.06-07.12.09:245][  3]LogSlate: Took 0.000568 seconds to synchronously load lazily loaded font '../../../Engine/Content/Slate/Fonts/Roboto-Regular.ttf' (155K)
[2017.12.06-07.12.10:385][  3]LogContentBrowser: Native class hierarchy updated for 'BlueprintGraph' in 0.0048 seconds. Added 116 classes and 0 folders.
[2017.12.06-07.12.14:846][  3]LogMaterial: Missing cached shader map for material Red_Head_Material, compiling. 
[2017.12.06-07.12.17:334][  3]LogSlate: Took 0.956736 seconds to synchronously load lazily loaded font '../../../Engine/Content/Editor/Slate/Fonts/Roboto-BoldCondensed.ttf' (158K)
[2017.12.06-07.12.19:233][  4]LogSlate: Took 0.018172 seconds to synchronously load lazily loaded font '../../../Engine/Content/Editor/Slate/Fonts/Roboto-Italic.ttf' (157K)
[2017.12.06-07.12.22:270][ 13]LogAssetRegistry: Asset discovery search completed in 220.6054 seconds
[2017.12.06-07.12.22:322][ 13]LogCollectionManager: Rebuilt the object cache for 0 collections in 0.000001 seconds (found 0 objects)
[2017.12.06-07.12.22:323][ 13]LogCollectionManager: Fixed up redirectors for 0 collections in 0.018911 seconds (updated 0 objects)
[2017.12.06-07.13.57:204][593]LogAIModule: Creating AISystem for world Level1_2
[2017.12.06-07.13.57:405][593]Cmd: MAP LOAD FILE="../../../../../../Programming/Git Repos/Team_heresy/CastleOfPerdition/Content/2DSideScrollerCPP/Maps/Level1_2.umap" TEMPLATE=0 SHOWPROGRESS=1 FEATURELEVEL=3
[2017.12.06-07.13.57:405][593]LightingResults: New page: Lighting Build
[2017.12.06-07.13.57:406][593]LoadErrors: New page: Loading map: Level1_2.umap
[2017.12.06-07.13.57:420][593]MapCheck: New page: Map Check
[2017.12.06-07.13.57:420][593]LightingResults: New page: Lighting Build
[2017.12.06-07.13.57:578][593]LogEditorServer: Finished looking for orphan Actors (0.000 secs)
[2017.12.06-07.13.57:680][593]Cmd: MAP CHECKDEP NOCLEARLOG
[2017.12.06-07.13.57:796][593]MapCheck: Map check complete: 0 Error(s), 0 Warning(s), took 115.486ms to complete.
[2017.12.06-07.13.57:796][593]LogFileHelpers: Loading map 'Level1_2' took 0.500
[2017.12.06-07.14.30:375][517]LogInit: XAudio2 using 'Headphones (2- boAt Rockerz 600 Stereo)' : 2 channels at 44.1 kHz using 16 bits per sample (channel mask 0x3)
[2017.12.06-07.14.30:430][517]LogAudio: Error: CreateMasteringVoice error: Unhandled error code -2147024875
[2017.12.06-07.14.30:430][517]LogInit: Warning: Failed to create the mastering voice for XAudio2
[2017.12.06-07.14.30:750][536]LogAudio: Warning: Current Audio Device with ID {0.0.0.00000000}.{f826dc68-c2e1-4ed1-8667-5426ad8a8fc8} was removed. Shutting down audio device.
[2017.12.06-07.14.30:802][536]LogInit: XAudio2 using 'Speakers / Headphones (Realtek Audio)' : 6 channels at 48 kHz using 32 bits per sample (channel mask 0x3f)
[2017.12.06-07.14.39:307][  5]LogTemp: Repeating last play command: Selected Viewport
[2017.12.06-07.14.40:106][  5]LogPlayLevel: PlayLevel: No blueprints needed recompiling
[2017.12.06-07.14.41:933][  5]PIE: New page: PIE session: Level1_2 (Dec 5, 2017, 5:14:41 PM)
[2017.12.06-07.14.41:962][  5]LogPlayLevel: Creating play world package: /Game/2DSideScrollerCPP/Maps/UEDPIE_0_Level1_2
[2017.12.06-07.14.42:073][  5]LogPlayLevel: PIE: StaticDuplicateObject took: (0.110910s)
[2017.12.06-07.14.42:074][  5]LogAIModule: Creating AISystem for world Level1_2
[2017.12.06-07.14.42:075][  5]LogPlayLevel: PIE: World Init took: (0.002135s)
[2017.12.06-07.14.42:090][  5]LogPlayLevel: PIE: Created PIE world by copying editor world from /Game/2DSideScrollerCPP/Maps/Level1_2.Level1_2 to /Game/2DSideScrollerCPP/Maps/UEDPIE_0_Level1_2.Level1_2 (0.128769s)
[2017.12.06-07.14.42:272][  5]LogInit: XAudio2 using 'Speakers / Headphones (Realtek Audio)' : 6 channels at 48 kHz using 32 bits per sample (channel mask 0x3f)
[2017.12.06-07.14.42:377][  5]LogInit: FAudioDevice initialized.
[2017.12.06-07.14.42:485][  5]LogLoad: Game class is 'CastleOfPerditionGameMode'
[2017.12.06-07.14.42:621][  5]LogWorld: Bringing World /Game/2DSideScrollerCPP/Maps/UEDPIE_0_Level1_2.Level1_2 up for play (max tick rate 60) at 2017.12.06-00.14.42
[2017.12.06-07.14.42:653][  5]LogWorld: Bringing up level for play took: 0.042410
[2017.12.06-07.14.42:965][  5]LogContentBrowser: Native class hierarchy updated for 'MovieSceneCapture' in 0.0038 seconds. Added 11 classes and 0 folders.
[2017.12.06-07.14.43:047][  5]PIE: Play in editor start time for /Game/2DSideScrollerCPP/Maps/UEDPIE_0_Level1_2 3.221
[2017.12.06-07.18.22:008][234]LogInit: XAudio2 using 'S271HL (2- High Definition Audio Device)' : 2 channels at 44.1 kHz using 16 bits per sample (channel mask 0x3)
[2017.12.06-07.18.25:390][244]LogInit: XAudio2 using 'Speakers / Headphones (Realtek Audio)' : 6 channels at 48 kHz using 32 bits per sample (channel mask 0x3f)
[2017.12.06-07.20.46:959][151]LogTemp: Repeating last play command: Selected Viewport
[2017.12.06-07.20.46:985][151]LogPlayLevel: PlayLevel: No blueprints needed recompiling
[2017.12.06-07.20.46:985][151]PIE: New page: PIE session: Level1_2 (Dec 5, 2017, 5:20:46 PM)
[2017.12.06-07.20.46:985][151]LogPlayLevel: Creating play world package: /Game/2DSideScrollerCPP/Maps/UEDPIE_0_Level1_2
[2017.12.06-07.20.47:001][151]LogPlayLevel: PIE: StaticDuplicateObject took: (0.016294s)
[2017.12.06-07.20.47:002][151]LogAIModule: Creating AISystem for world Level1_2
[2017.12.06-07.20.47:002][151]LogPlayLevel: PIE: World Init took: (0.000827s)
[2017.12.06-07.20.47:003][151]LogPlayLevel: PIE: Created PIE world by copying editor world from /Game/2DSideScrollerCPP/Maps/Level1_2.Level1_2 to /Game/2DSideScrollerCPP/Maps/UEDPIE_0_Level1_2.Level1_2 (0.017537s)
[2017.12.06-07.20.47:050][151]LogInit: XAudio2 using 'Speakers / Headphones (Realtek Audio)' : 6 channels at 48 kHz using 32 bits per sample (channel mask 0x3f)
[2017.12.06-07.20.47:093][151]LogInit: FAudioDevice initialized.
[2017.12.06-07.20.47:126][151]LogLoad: Game class is 'CastleOfPerditionGameMode'
[2017.12.06-07.20.47:130][151]LogWorld: Bringing World /Game/2DSideScrollerCPP/Maps/UEDPIE_0_Level1_2.Level1_2 up for play (max tick rate 60) at 2017.12.06-00.20.47
[2017.12.06-07.20.47:131][151]LogWorld: Bringing up level for play took: 0.003190
[2017.12.06-07.20.47:133][151]PIE: Play in editor start time for /Game/2DSideScrollerCPP/Maps/UEDPIE_0_Level1_2 -0.693
[2017.12.06-07.22.13:345][587]LogEditorViewport: Clicking on Actor (LMB): PaperSpriteActor (Ledge_36)
[2017.12.06-07.22.14:591][617]LogEditorViewport: Clicking Background
[2017.12.06-07.22.23:346][126]LogActorFactory: Actor Factory created Cube
[2017.12.06-07.22.24:828][212]LogActorFactory: Actor Factory created Cube
[2017.12.06-07.22.26:876][250]LogEditorViewport: Clicking Background
[2017.12.06-07.22.30:580][468]LogEditorViewport: Clicking on Actor (LMB): StaticMeshActor (Cube)
[2017.12.06-07.22.36:915][831]LogEditorViewport: Clicking on Actor (LMB): PaperSpriteActor (Ledge_36)
[2017.12.06-07.22.40:570][ 43]LogEditorViewport: Clicking on Actor (LMB): StaticMeshActor (Cube)
[2017.12.06-07.22.42:744][169]LogEditorViewport: Clicking on Actor (LMB): PaperSpriteActor (Ledge_36)
[2017.12.06-07.22.44:513][272]LogEditorViewport: Clicking on Actor (LMB): StaticMeshActor (Cube)
[2017.12.06-07.23.16:490][ 63]LogSlate: Took 0.000505 seconds to synchronously load lazily loaded font '../../../Engine/Content/Slate/Fonts/Roboto-Light.ttf' (159K)
[2017.12.06-07.23.20:227][265]LogTemp: Repeating last play command: Selected Viewport
[2017.12.06-07.23.20:251][265]LogPlayLevel: PlayLevel: No blueprints needed recompiling
[2017.12.06-07.23.20:251][265]PIE: New page: PIE session: Level1_2 (Dec 5, 2017, 5:23:20 PM)
[2017.12.06-07.23.20:252][265]LogPlayLevel: Creating play world package: /Game/2DSideScrollerCPP/Maps/UEDPIE_0_Level1_2
[2017.12.06-07.23.20:256][265]LogPlayLevel: PIE: StaticDuplicateObject took: (0.003968s)
[2017.12.06-07.23.20:256][265]LogAIModule: Creating AISystem for world Level1_2
[2017.12.06-07.23.20:257][265]LogPlayLevel: PIE: World Init took: (0.000850s)
[2017.12.06-07.23.20:257][265]LogPlayLevel: PIE: Created PIE world by copying editor world from /Game/2DSideScrollerCPP/Maps/Level1_2.Level1_2 to /Game/2DSideScrollerCPP/Maps/UEDPIE_0_Level1_2.Level1_2 (0.005139s)
[2017.12.06-07.23.20:302][265]LogInit: XAudio2 using 'Speakers / Headphones (Realtek Audio)' : 6 channels at 48 kHz using 32 bits per sample (channel mask 0x3f)
[2017.12.06-07.23.20:347][265]LogInit: FAudioDevice initialized.
[2017.12.06-07.23.20:385][265]LogLoad: Game class is 'CastleOfPerditionGameMode'
[2017.12.06-07.23.20:390][265]LogWorld: Bringing World /Game/2DSideScrollerCPP/Maps/UEDPIE_0_Level1_2.Level1_2 up for play (max tick rate 60) at 2017.12.06-00.23.20
[2017.12.06-07.23.20:391][265]LogWorld: Bringing up level for play took: 0.004044
[2017.12.06-07.23.20:393][265]PIE: Play in editor start time for /Game/2DSideScrollerCPP/Maps/UEDPIE_0_Level1_2 0.568
[2017.12.06-07.23.25:481][548]LogEditorViewport: Clicking on Actor (LMB): BP_2DSideScrollerCharacter_C (TP_2DSideScrollerCharacter)
[2017.12.06-07.23.38:400][263]LogTemp: Repeating last play command: Selected Viewport
[2017.12.06-07.23.38:423][263]LogPlayLevel: PlayLevel: No blueprints needed recompiling
[2017.12.06-07.23.38:424][263]PIE: New page: PIE session: Level1_2 (Dec 5, 2017, 5:23:38 PM)
[2017.12.06-07.23.38:424][263]LogPlayLevel: Creating play world package: /Game/2DSideScrollerCPP/Maps/UEDPIE_0_Level1_2
[2017.12.06-07.23.38:427][263]LogPlayLevel: PIE: StaticDuplicateObject took: (0.003408s)
[2017.12.06-07.23.38:427][263]LogAIModule: Creating AISystem for world Level1_2
[2017.12.06-07.23.38:428][263]LogPlayLevel: PIE: World Init took: (0.000482s)
[2017.12.06-07.23.38:428][263]LogPlayLevel: PIE: Created PIE world by copying editor world from /Game/2DSideScrollerCPP/Maps/Level1_2.Level1_2 to /Game/2DSideScrollerCPP/Maps/UEDPIE_0_Level1_2.Level1_2 (0.004198s)
[2017.12.06-07.23.38:659][263]LogInit: XAudio2 using 'Speakers / Headphones (Realtek Audio)' : 6 channels at 48 kHz using 32 bits per sample (channel mask 0x3f)
[2017.12.06-07.23.38:745][263]LogInit: FAudioDevice initialized.
[2017.12.06-07.23.38:782][263]LogLoad: Game class is 'CastleOfPerditionGameMode'
[2017.12.06-07.23.38:786][263]LogWorld: Bringing World /Game/2DSideScrollerCPP/Maps/UEDPIE_0_Level1_2.Level1_2 up for play (max tick rate 60) at 2017.12.06-00.23.38
[2017.12.06-07.23.38:787][263]LogWorld: Bringing up level for play took: 0.003170
[2017.12.06-07.23.38:789][263]PIE: Play in editor start time for /Game/2DSideScrollerCPP/Maps/UEDPIE_0_Level1_2 0.963
[2017.12.06-07.23.48:367][804]LogEditorViewport: Clicking on Actor (LMB): StaticMeshActor (Cube)
[2017.12.06-07.24.27:852][ 69]LogRenderer: Reallocating scene render targets to support 1256x704 Format 10 NumSamples 1 (Frame:1).
[2017.12.06-07.24.36:678][549]LogRenderer: Reallocating scene render targets to support 1260x704 Format 10 NumSamples 1 (Frame:13614).
[2017.12.06-07.26.19:433][121]LogEditorViewport: Clicking on Actor (LMB): BP_2DSideScrollerCharacter_C (TP_2DSideScrollerCharacter)
[2017.12.06-07.27.08:421][970]Cmd: TRANSACTION UNDO
[2017.12.06-07.27.08:421][970]LogEditorTransaction: Undo Rotate Actors
[2017.12.06-07.27.09:288][ 19]Cmd: TRANSACTION UNDO
[2017.12.06-07.27.09:288][ 19]LogEditorTransaction: Undo Rotate Actors
[2017.12.06-07.27.09:875][ 54]Cmd: TRANSACTION UNDO
[2017.12.06-07.27.09:875][ 54]LogEditorTransaction: Undo Change Vector Pin Value
[2017.12.06-07.27.53:786][645]BlueprintLog: New page: Compile wrap_teleport_bp
[2017.12.06-07.27.57:491][827]LogTemp: Repeating last play command: Selected Viewport
[2017.12.06-07.27.57:519][827]LogPlayLevel: PlayLevel: No blueprints needed recompiling
[2017.12.06-07.27.57:519][827]PIE: New page: PIE session: Level1_2 (Dec 5, 2017, 5:27:57 PM)
[2017.12.06-07.27.57:519][827]LogPlayLevel: Creating play world package: /Game/2DSideScrollerCPP/Maps/UEDPIE_0_Level1_2
[2017.12.06-07.27.57:535][827]LogPlayLevel: PIE: StaticDuplicateObject took: (0.015698s)
[2017.12.06-07.27.57:535][827]LogAIModule: Creating AISystem for world Level1_2
[2017.12.06-07.27.57:535][827]LogPlayLevel: PIE: World Init took: (0.000674s)
[2017.12.06-07.27.57:536][827]LogPlayLevel: PIE: Created PIE world by copying editor world from /Game/2DSideScrollerCPP/Maps/Level1_2.Level1_2 to /Game/2DSideScrollerCPP/Maps/UEDPIE_0_Level1_2.Level1_2 (0.016660s)
[2017.12.06-07.27.57:623][827]LogInit: XAudio2 using 'Speakers / Headphones (Realtek Audio)' : 6 channels at 48 kHz using 32 bits per sample (channel mask 0x3f)
[2017.12.06-07.27.57:704][827]LogInit: FAudioDevice initialized.
[2017.12.06-07.27.57:753][827]LogLoad: Game class is 'CastleOfPerditionGameMode'
[2017.12.06-07.27.57:759][827]LogWorld: Bringing World /Game/2DSideScrollerCPP/Maps/UEDPIE_0_Level1_2.Level1_2 up for play (max tick rate 60) at 2017.12.06-00.27.57
[2017.12.06-07.27.57:760][827]LogWorld: Bringing up level for play took: 0.005102
[2017.12.06-07.27.57:762][827]PIE: Play in editor start time for /Game/2DSideScrollerCPP/Maps/UEDPIE_0_Level1_2 -0.063
[2017.12.06-07.28.05:815][304]LogBlueprintUserMessages: [wrap_teleport_bp] teleport
[2017.12.06-07.28.12:889][725]LogBlueprintUserMessages: [wrap_teleport_bp] teleport
[2017.12.06-07.28.49:534][879]LogEditorViewport: Clicking on Actor (LMB): BP_2DSideScrollerCharacter_C (TP_2DSideScrollerCharacter)
[2017.12.06-07.29.19:405][653]Cmd: TRANSACTION UNDO
[2017.12.06-07.29.19:405][653]LogEditorTransaction: Undo Set Location
[2017.12.06-07.29.30:059][284]BlueprintLog: New page: Compile wrap_teleport_bp
[2017.12.06-07.29.32:984][436]LogTemp: Repeating last play command: Selected Viewport
[2017.12.06-07.29.33:012][436]LogPlayLevel: PlayLevel: No blueprints needed recompiling
[2017.12.06-07.29.33:012][436]PIE: New page: PIE session: Level1_2 (Dec 5, 2017, 5:29:33 PM)
[2017.12.06-07.29.33:012][436]LogPlayLevel: Creating play world package: /Game/2DSideScrollerCPP/Maps/UEDPIE_0_Level1_2
[2017.12.06-07.29.33:016][436]LogPlayLevel: PIE: StaticDuplicateObject took: (0.003456s)
[2017.12.06-07.29.33:016][436]LogAIModule: Creating AISystem for world Level1_2
[2017.12.06-07.29.33:016][436]LogPlayLevel: PIE: World Init took: (0.000489s)
[2017.12.06-07.29.33:016][436]LogPlayLevel: PIE: Created PIE world by copying editor world from /Game/2DSideScrollerCPP/Maps/Level1_2.Level1_2 to /Game/2DSideScrollerCPP/Maps/UEDPIE_0_Level1_2.Level1_2 (0.004282s)
[2017.12.06-07.29.33:141][436]LogInit: XAudio2 using 'Speakers / Headphones (Realtek Audio)' : 6 channels at 48 kHz using 32 bits per sample (channel mask 0x3f)
[2017.12.06-07.29.33:248][436]LogInit: FAudioDevice initialized.
[2017.12.06-07.29.33:304][436]LogLoad: Game class is 'CastleOfPerditionGameMode'
[2017.12.06-07.29.33:311][436]LogWorld: Bringing World /Game/2DSideScrollerCPP/Maps/UEDPIE_0_Level1_2.Level1_2 up for play (max tick rate 60) at 2017.12.06-00.29.33
[2017.12.06-07.29.33:312][436]LogWorld: Bringing up level for play took: 0.006135
[2017.12.06-07.29.33:315][436]PIE: Play in editor start time for /Game/2DSideScrollerCPP/Maps/UEDPIE_0_Level1_2 -0.51
[2017.12.06-07.29.44:958][132]LogBlueprintUserMessages: [wrap_teleport_bp] teleport
[2017.12.06-07.29.44:958][132]LogBlueprintUserMessages: [wrap_teleport_bp] teleport
[2017.12.06-07.30.15:332][948]LogTemp: Repeating last play command: Selected Viewport
[2017.12.06-07.30.15:361][948]LogPlayLevel: PlayLevel: No blueprints needed recompiling
[2017.12.06-07.30.15:362][948]PIE: New page: PIE session: Level1_2 (Dec 5, 2017, 5:30:15 PM)
[2017.12.06-07.30.15:362][948]LogPlayLevel: Creating play world package: /Game/2DSideScrollerCPP/Maps/UEDPIE_0_Level1_2
[2017.12.06-07.30.15:365][948]LogPlayLevel: PIE: StaticDuplicateObject took: (0.003713s)
[2017.12.06-07.30.15:366][948]LogAIModule: Creating AISystem for world Level1_2
[2017.12.06-07.30.15:366][948]LogPlayLevel: PIE: World Init took: (0.000721s)
[2017.12.06-07.30.15:366][948]LogPlayLevel: PIE: Created PIE world by copying editor world from /Game/2DSideScrollerCPP/Maps/Level1_2.Level1_2 to /Game/2DSideScrollerCPP/Maps/UEDPIE_0_Level1_2.Level1_2 (0.004703s)
[2017.12.06-07.30.15:412][948]LogInit: XAudio2 using 'Speakers / Headphones (Realtek Audio)' : 6 channels at 48 kHz using 32 bits per sample (channel mask 0x3f)
[2017.12.06-07.30.15:462][948]LogInit: FAudioDevice initialized.
[2017.12.06-07.30.15:496][948]LogLoad: Game class is 'CastleOfPerditionGameMode'
[2017.12.06-07.30.15:498][948]LogWorld: Bringing World /Game/2DSideScrollerCPP/Maps/UEDPIE_0_Level1_2.Level1_2 up for play (max tick rate 60) at 2017.12.06-00.30.15
[2017.12.06-07.30.15:499][948]LogWorld: Bringing up level for play took: 0.001769
[2017.12.06-07.30.15:500][948]PIE: Play in editor start time for /Game/2DSideScrollerCPP/Maps/UEDPIE_0_Level1_2 -0.326
[2017.12.06-07.30.23:277][409]LogEditorViewport: Clicking on Actor (LMB): BP_2DSideScrollerCharacter_C (TP_2DSideScrollerCharacter)
[2017.12.06-07.31.55:656][926]LogTemp: Repeating last play command: Selected Viewport
[2017.12.06-07.31.55:681][926]LogPlayLevel: PlayLevel: No blueprints needed recompiling
[2017.12.06-07.31.55:681][926]PIE: New page: PIE session: Level1_2 (Dec 5, 2017, 5:31:55 PM)
[2017.12.06-07.31.55:681][926]LogPlayLevel: Creating play world package: /Game/2DSideScrollerCPP/Maps/UEDPIE_0_Level1_2
[2017.12.06-07.31.55:686][926]LogPlayLevel: PIE: StaticDuplicateObject took: (0.004161s)
[2017.12.06-07.31.55:686][926]LogAIModule: Creating AISystem for world Level1_2
[2017.12.06-07.31.55:686][926]LogPlayLevel: PIE: World Init took: (0.000692s)
[2017.12.06-07.31.55:687][926]LogPlayLevel: PIE: Created PIE world by copying editor world from /Game/2DSideScrollerCPP/Maps/Level1_2.Level1_2 to /Game/2DSideScrollerCPP/Maps/UEDPIE_0_Level1_2.Level1_2 (0.005163s)
[2017.12.06-07.31.55:766][926]LogInit: XAudio2 using 'Speakers / Headphones (Realtek Audio)' : 6 channels at 48 kHz using 32 bits per sample (channel mask 0x3f)
[2017.12.06-07.31.55:824][926]LogInit: FAudioDevice initialized.
[2017.12.06-07.31.55:855][926]LogLoad: Game class is 'CastleOfPerditionGameMode'
[2017.12.06-07.31.55:858][926]LogWorld: Bringing World /Game/2DSideScrollerCPP/Maps/UEDPIE_0_Level1_2.Level1_2 up for play (max tick rate 60) at 2017.12.06-00.31.55
[2017.12.06-07.31.55:858][926]LogWorld: Bringing up level for play took: 0.002042
[2017.12.06-07.31.55:859][926]PIE: Play in editor start time for /Game/2DSideScrollerCPP/Maps/UEDPIE_0_Level1_2 0.034
[2017.12.06-07.31.57:896][ 48]LogBlueprintUserMessages: [wrap_teleport_bp] teleport
[2017.12.06-07.31.57:897][ 48]LogBlueprintUserMessages: [wrap_teleport_bp] teleport
[2017.12.06-07.32.41:307][914]LogSavePackage: Save=229.49ms
[2017.12.06-07.32.41:307][914]LogSavePackage: Moving '../../../../../../Programming/Git Repos/Team_heresy/CastleOfPerdition/Saved/Level1_2_Auto1A95D05BF4323D51CAFB7E58280EAD854.tmp' to '../../../../../../Programming/Git Repos/Team_heresy/CastleOfPerdition/Saved/Autosaves/Game/2DSideScrollerCPP/Maps/Level1_2_Auto1.umap'
[2017.12.06-07.32.41:324][914]LogSavePackage: Display: Finished SavePackage ../../../../../../Programming/Git Repos/Team_heresy/CastleOfPerdition/Saved/Autosaves/Game/2DSideScrollerCPP/Maps/Level1_2_Auto1.umap
[2017.12.06-07.32.41:335][914]LogFileHelpers: Editor autosave (incl. sublevels) for '/Game/2DSideScrollerCPP/Maps/Level1_2' took 0.487
[2017.12.06-07.32.41:336][914]LogFileHelpers: Editor autosave (incl. sublevels) for all levels took 0.487
[2017.12.06-07.32.41:341][914]OBJ SavePackage: Generating thumbnails for [1] asset(s) in package [/Game/2DSideScrollerCPP/Blueprints/wrap_teleport_bp] ([1] browsable assets)...
[2017.12.06-07.32.41:414][914]OBJ SavePackage:     Rendered thumbnail for [Blueprint /Game/2DSideScrollerCPP/Blueprints/wrap_teleport_bp.wrap_teleport_bp]
[2017.12.06-07.32.41:415][914]OBJ SavePackage: Finished generating thumbnails for package [/Game/2DSideScrollerCPP/Blueprints/wrap_teleport_bp]
[2017.12.06-07.32.41:593][914]LogSavePackage: Save=169.03ms
[2017.12.06-07.32.41:593][914]LogSavePackage: Moving '../../../../../../Programming/Git Repos/Team_heresy/CastleOfPerdition/Saved/wrap_teleport_bp_Auto1792E050A46C84B03B684289D697CC9C1.tmp' to '../../../../../../Programming/Git Repos/Team_heresy/CastleOfPerdition/Saved/Autosaves/Game/2DSideScrollerCPP/Blueprints/wrap_teleport_bp_Auto1.uasset'
[2017.12.06-07.32.41:596][914]LogSavePackage: Display: Finished SavePackage ../../../../../../Programming/Git Repos/Team_heresy/CastleOfPerdition/Saved/Autosaves/Game/2DSideScrollerCPP/Blueprints/wrap_teleport_bp_Auto1.uasset
[2017.12.06-07.32.41:597][914]LogFileHelpers: Auto-saving content packages took 0.258
[2017.12.06-07.33.05:970][988]LogTemp: Repeating last play command: Selected Viewport
[2017.12.06-07.33.05:996][988]LogPlayLevel: PlayLevel: No blueprints needed recompiling
[2017.12.06-07.33.05:996][988]PIE: New page: PIE session: Level1_2 (Dec 5, 2017, 5:33:05 PM)
[2017.12.06-07.33.05:997][988]LogPlayLevel: Creating play world package: /Game/2DSideScrollerCPP/Maps/UEDPIE_0_Level1_2
[2017.12.06-07.33.06:000][988]LogPlayLevel: PIE: StaticDuplicateObject took: (0.003459s)
[2017.12.06-07.33.06:001][988]LogAIModule: Creating AISystem for world Level1_2
[2017.12.06-07.33.06:001][988]LogPlayLevel: PIE: World Init took: (0.000943s)
[2017.12.06-07.33.06:001][988]LogPlayLevel: PIE: Created PIE world by copying editor world from /Game/2DSideScrollerCPP/Maps/Level1_2.Level1_2 to /Game/2DSideScrollerCPP/Maps/UEDPIE_0_Level1_2.Level1_2 (0.004703s)
[2017.12.06-07.33.06:098][988]LogInit: XAudio2 using 'Speakers / Headphones (Realtek Audio)' : 6 channels at 48 kHz using 32 bits per sample (channel mask 0x3f)
[2017.12.06-07.33.06:149][988]LogInit: FAudioDevice initialized.
[2017.12.06-07.33.06:184][988]LogLoad: Game class is 'CastleOfPerditionGameMode'
[2017.12.06-07.33.06:186][988]LogWorld: Bringing World /Game/2DSideScrollerCPP/Maps/UEDPIE_0_Level1_2.Level1_2 up for play (max tick rate 60) at 2017.12.06-00.33.06
[2017.12.06-07.33.06:188][988]LogWorld: Bringing up level for play took: 0.002251
[2017.12.06-07.33.06:191][988]PIE: Play in editor start time for /Game/2DSideScrollerCPP/Maps/UEDPIE_0_Level1_2 0.365
[2017.12.06-07.33.07:361][ 53]LogBlueprintUserMessages: [wrap_teleport_bp] teleport
[2017.12.06-07.33.07:361][ 53]LogBlueprintUserMessages: [wrap_teleport_bp] teleport
[2017.12.06-07.33.21:810][836]LogEditorViewport: Clicking on Actor (LMB): 2DLift_C (2DLift)
[2017.12.06-07.33.26:965][140]LogTemp: Repeating last play command: Selected Viewport
[2017.12.06-07.33.26:988][140]LogPlayLevel: PlayLevel: No blueprints needed recompiling
[2017.12.06-07.33.26:988][140]PIE: New page: PIE session: Level1_2 (Dec 5, 2017, 5:33:26 PM)
[2017.12.06-07.33.26:988][140]LogPlayLevel: Creating play world package: /Game/2DSideScrollerCPP/Maps/UEDPIE_0_Level1_2
[2017.12.06-07.33.26:991][140]LogPlayLevel: PIE: StaticDuplicateObject took: (0.003130s)
[2017.12.06-07.33.26:992][140]LogAIModule: Creating AISystem for world Level1_2
[2017.12.06-07.33.26:992][140]LogPlayLevel: PIE: World Init took: (0.000598s)
[2017.12.06-07.33.26:992][140]LogPlayLevel: PIE: Created PIE world by copying editor world from /Game/2DSideScrollerCPP/Maps/Level1_2.Level1_2 to /Game/2DSideScrollerCPP/Maps/UEDPIE_0_Level1_2.Level1_2 (0.004081s)
[2017.12.06-07.33.27:042][140]LogInit: XAudio2 using 'Speakers / Headphones (Realtek Audio)' : 6 channels at 48 kHz using 32 bits per sample (channel mask 0x3f)
[2017.12.06-07.33.27:109][140]LogInit: FAudioDevice initialized.
[2017.12.06-07.33.27:147][140]LogLoad: Game class is 'CastleOfPerditionGameMode'
[2017.12.06-07.33.27:152][140]LogWorld: Bringing World /Game/2DSideScrollerCPP/Maps/UEDPIE_0_Level1_2.Level1_2 up for play (max tick rate 60) at 2017.12.06-00.33.27
[2017.12.06-07.33.27:152][140]LogWorld: Bringing up level for play took: 0.003352
[2017.12.06-07.33.27:154][140]PIE: Play in editor start time for /Game/2DSideScrollerCPP/Maps/UEDPIE_0_Level1_2 -0.671
[2017.12.06-07.33.28:138][198]LogBlueprintUserMessages: [wrap_teleport_bp] teleport
[2017.12.06-07.33.28:138][198]LogBlueprintUserMessages: [wrap_teleport_bp] teleport
[2017.12.06-07.34.03:107][232]LogTemp: Repeating last play command: Selected Viewport
[2017.12.06-07.34.03:130][232]LogPlayLevel: PlayLevel: No blueprints needed recompiling
[2017.12.06-07.34.03:130][232]PIE: New page: PIE session: Level1_2 (Dec 5, 2017, 5:34:03 PM)
[2017.12.06-07.34.03:130][232]LogPlayLevel: Creating play world package: /Game/2DSideScrollerCPP/Maps/UEDPIE_0_Level1_2
[2017.12.06-07.34.03:134][232]LogPlayLevel: PIE: StaticDuplicateObject took: (0.003878s)
[2017.12.06-07.34.03:135][232]LogAIModule: Creating AISystem for world Level1_2
[2017.12.06-07.34.03:135][232]LogPlayLevel: PIE: World Init took: (0.000630s)
[2017.12.06-07.34.03:135][232]LogPlayLevel: PIE: Created PIE world by copying editor world from /Game/2DSideScrollerCPP/Maps/Level1_2.Level1_2 to /Game/2DSideScrollerCPP/Maps/UEDPIE_0_Level1_2.Level1_2 (0.004814s)
[2017.12.06-07.34.03:181][232]LogInit: XAudio2 using 'Speakers / Headphones (Realtek Audio)' : 6 channels at 48 kHz using 32 bits per sample (channel mask 0x3f)
[2017.12.06-07.34.03:223][232]LogInit: FAudioDevice initialized.
[2017.12.06-07.34.03:257][232]LogLoad: Game class is 'CastleOfPerditionGameMode'
[2017.12.06-07.34.03:259][232]LogWorld: Bringing World /Game/2DSideScrollerCPP/Maps/UEDPIE_0_Level1_2.Level1_2 up for play (max tick rate 60) at 2017.12.06-00.34.03
[2017.12.06-07.34.03:260][232]LogWorld: Bringing up level for play took: 0.001447
[2017.12.06-07.34.03:261][232]PIE: Play in editor start time for /Game/2DSideScrollerCPP/Maps/UEDPIE_0_Level1_2 -0.565
[2017.12.06-07.34.04:831][319]LogEditorViewport: Clicking on Actor (LMB): wrap_teleport_bp_C (wrap_teleport_bp)
[2017.12.06-07.34.23:400][429]LogTemp: Repeating last play command: Selected Viewport
[2017.12.06-07.34.23:425][429]LogPlayLevel: PlayLevel: No blueprints needed recompiling
[2017.12.06-07.34.23:425][429]PIE: New page: PIE session: Level1_2 (Dec 5, 2017, 5:34:23 PM)
[2017.12.06-07.34.23:425][429]LogPlayLevel: Creating play world package: /Game/2DSideScrollerCPP/Maps/UEDPIE_0_Level1_2
[2017.12.06-07.34.23:429][429]LogPlayLevel: PIE: StaticDuplicateObject took: (0.003313s)
[2017.12.06-07.34.23:429][429]LogAIModule: Creating AISystem for world Level1_2
[2017.12.06-07.34.23:429][429]LogPlayLevel: PIE: World Init took: (0.000523s)
[2017.12.06-07.34.23:429][429]LogPlayLevel: PIE: Created PIE world by copying editor world from /Game/2DSideScrollerCPP/Maps/Level1_2.Level1_2 to /Game/2DSideScrollerCPP/Maps/UEDPIE_0_Level1_2.Level1_2 (0.004094s)
[2017.12.06-07.34.23:478][429]LogInit: XAudio2 using 'Speakers / Headphones (Realtek Audio)' : 6 channels at 48 kHz using 32 bits per sample (channel mask 0x3f)
[2017.12.06-07.34.23:563][429]LogInit: FAudioDevice initialized.
[2017.12.06-07.34.23:604][429]LogLoad: Game class is 'CastleOfPerditionGameMode'
[2017.12.06-07.34.23:610][429]LogWorld: Bringing World /Game/2DSideScrollerCPP/Maps/UEDPIE_0_Level1_2.Level1_2 up for play (max tick rate 60) at 2017.12.06-00.34.23
[2017.12.06-07.34.23:611][429]LogWorld: Bringing up level for play took: 0.004909
[2017.12.06-07.34.23:614][429]PIE: Play in editor start time for /Game/2DSideScrollerCPP/Maps/UEDPIE_0_Level1_2 -0.212
[2017.12.06-07.34.24:977][510]LogBlueprintUserMessages: [wrap_teleport_bp] teleport
[2017.12.06-07.34.34:689][ 88]LogEditorViewport: Clicking on Actor (LMB): wrap_teleport_bp_C (wrap_teleport_bp)
[2017.12.06-07.34.36:947][220]Cmd: EDIT COPY
[2017.12.06-07.34.39:017][330]LogEditorViewport: Clicking Background
[2017.12.06-07.34.39:656][368]Cmd: EDIT PASTE
[2017.12.06-07.35.16:080][541]LogTemp: Repeating last play command: Selected Viewport
[2017.12.06-07.35.16:104][541]LogPlayLevel: PlayLevel: No blueprints needed recompiling
[2017.12.06-07.35.16:104][541]PIE: New page: PIE session: Level1_2 (Dec 5, 2017, 5:35:16 PM)
[2017.12.06-07.35.16:104][541]LogPlayLevel: Creating play world package: /Game/2DSideScrollerCPP/Maps/UEDPIE_0_Level1_2
[2017.12.06-07.35.16:108][541]LogPlayLevel: PIE: StaticDuplicateObject took: (0.003435s)
[2017.12.06-07.35.16:108][541]LogAIModule: Creating AISystem for world Level1_2
[2017.12.06-07.35.16:108][541]LogPlayLevel: PIE: World Init took: (0.000632s)
[2017.12.06-07.35.16:109][541]LogPlayLevel: PIE: Created PIE world by copying editor world from /Game/2DSideScrollerCPP/Maps/Level1_2.Level1_2 to /Game/2DSideScrollerCPP/Maps/UEDPIE_0_Level1_2.Level1_2 (0.004371s)
[2017.12.06-07.35.16:154][541]LogInit: XAudio2 using 'Speakers / Headphones (Realtek Audio)' : 6 channels at 48 kHz using 32 bits per sample (channel mask 0x3f)
[2017.12.06-07.35.16:203][541]LogInit: FAudioDevice initialized.
[2017.12.06-07.35.16:236][541]LogLoad: Game class is 'CastleOfPerditionGameMode'
[2017.12.06-07.35.16:239][541]LogWorld: Bringing World /Game/2DSideScrollerCPP/Maps/UEDPIE_0_Level1_2.Level1_2 up for play (max tick rate 60) at 2017.12.06-00.35.16
[2017.12.06-07.35.16:239][541]LogWorld: Bringing up level for play took: 0.002194
[2017.12.06-07.35.16:240][541]PIE: Play in editor start time for /Game/2DSideScrollerCPP/Maps/UEDPIE_0_Level1_2 0.415
[2017.12.06-07.35.17:301][604]LogBlueprintUserMessages: [wrap_teleport_bp] teleport
[2017.12.06-07.35.18:818][695]LogBlueprintUserMessages: [wrap_teleport_bp2] teleport
[2017.12.06-07.35.19:184][717]LogBlueprintUserMessages: [wrap_teleport_bp2] teleport
[2017.12.06-07.35.19:551][739]LogBlueprintUserMessages: [wrap_teleport_bp2] teleport
[2017.12.06-07.35.20:901][820]LogBlueprintUserMessages: [wrap_teleport_bp2] teleport
[2017.12.06-07.35.21:968][884]LogBlueprintUserMessages: [wrap_teleport_bp2] teleport
[2017.12.06-07.35.22:785][933]LogBlueprintUserMessages: [wrap_teleport_bp2] teleport
[2017.12.06-07.35.23:151][955]LogBlueprintUserMessages: [wrap_teleport_bp2] teleport
[2017.12.06-07.35.23:518][977]LogBlueprintUserMessages: [wrap_teleport_bp2] teleport
[2017.12.06-07.35.24:435][ 32]LogBlueprintUserMessages: [wrap_teleport_bp2] teleport
[2017.12.06-07.35.25:552][ 99]LogBlueprintUserMessages: [wrap_teleport_bp2] teleport
[2017.12.06-07.35.25:918][121]LogBlueprintUserMessages: [wrap_teleport_bp2] teleport
[2017.12.06-07.35.26:285][143]LogBlueprintUserMessages: [wrap_teleport_bp2] teleport
[2017.12.06-07.35.26:652][165]LogBlueprintUserMessages: [wrap_teleport_bp2] teleport
[2017.12.06-07.35.27:018][187]LogBlueprintUserMessages: [wrap_teleport_bp2] teleport
[2017.12.06-07.35.27:435][212]LogBlueprintUserMessages: [wrap_teleport_bp2] teleport
[2017.12.06-07.35.27:868][238]LogBlueprintUserMessages: [wrap_teleport_bp2] teleport
[2017.12.06-07.35.28:235][260]LogBlueprintUserMessages: [wrap_teleport_bp2] teleport
[2017.12.06-07.35.28:602][282]LogBlueprintUserMessages: [wrap_teleport_bp2] teleport
[2017.12.06-07.35.28:969][304]LogBlueprintUserMessages: [wrap_teleport_bp2] teleport
[2017.12.06-07.35.29:335][326]LogBlueprintUserMessages: [wrap_teleport_bp2] teleport
[2017.12.06-07.35.29:702][348]LogBlueprintUserMessages: [wrap_teleport_bp2] teleport
[2017.12.06-07.35.30:069][370]LogBlueprintUserMessages: [wrap_teleport_bp2] teleport
[2017.12.06-07.36.52:245][158]BlueprintLog: New page: Compile wrap_teleport_bp
[2017.12.06-07.36.53:579][208]LogTemp: Repeating last play command: Selected Viewport
[2017.12.06-07.36.53:607][208]LogPlayLevel: PlayLevel: No blueprints needed recompiling
[2017.12.06-07.36.53:608][208]PIE: New page: PIE session: Level1_2 (Dec 5, 2017, 5:36:53 PM)
[2017.12.06-07.36.53:608][208]LogPlayLevel: Creating play world package: /Game/2DSideScrollerCPP/Maps/UEDPIE_0_Level1_2
[2017.12.06-07.36.53:611][208]LogPlayLevel: PIE: StaticDuplicateObject took: (0.003253s)
[2017.12.06-07.36.53:612][208]LogAIModule: Creating AISystem for world Level1_2
[2017.12.06-07.36.53:612][208]LogPlayLevel: PIE: World Init took: (0.000648s)
[2017.12.06-07.36.53:612][208]LogPlayLevel: PIE: Created PIE world by copying editor world from /Game/2DSideScrollerCPP/Maps/Level1_2.Level1_2 to /Game/2DSideScrollerCPP/Maps/UEDPIE_0_Level1_2.Level1_2 (0.004129s)
[2017.12.06-07.36.53:687][208]LogInit: XAudio2 using 'Speakers / Headphones (Realtek Audio)' : 6 channels at 48 kHz using 32 bits per sample (channel mask 0x3f)
[2017.12.06-07.36.53:748][208]LogInit: FAudioDevice initialized.
[2017.12.06-07.36.53:784][208]LogLoad: Game class is 'CastleOfPerditionGameMode'
[2017.12.06-07.36.53:787][208]LogWorld: Bringing World /Game/2DSideScrollerCPP/Maps/UEDPIE_0_Level1_2.Level1_2 up for play (max tick rate 60) at 2017.12.06-00.36.53
[2017.12.06-07.36.53:787][208]LogWorld: Bringing up level for play took: 0.002036
[2017.12.06-07.36.53:788][208]PIE: Play in editor start time for /Game/2DSideScrollerCPP/Maps/UEDPIE_0_Level1_2 -0.037
[2017.12.06-07.36.54:943][276]LogBlueprintUserMessages: [wrap_teleport_bp] teleport
[2017.12.06-07.36.56:526][371]LogBlueprintUserMessages: [wrap_teleport_bp2] teleport
[2017.12.06-07.36.56:893][393]LogBlueprintUserMessages: [wrap_teleport_bp2] teleport
[2017.12.06-07.36.57:260][415]LogBlueprintUserMessages: [wrap_teleport_bp2] teleport
[2017.12.06-07.36.57:626][437]LogBlueprintUserMessages: [wrap_teleport_bp2] teleport
[2017.12.06-07.36.59:693][561]LogBlueprintUserMessages: [wrap_teleport_bp2] teleport
[2017.12.06-07.37.00:060][583]LogBlueprintUserMessages: [wrap_teleport_bp2] teleport
[2017.12.06-07.37.00:427][605]LogBlueprintUserMessages: [wrap_teleport_bp2] teleport
[2017.12.06-07.37.20:396][790]BlueprintLog: New page: Compile wrap_teleport_bp
[2017.12.06-07.37.21:923][855]LogTemp: Repeating last play command: Selected Viewport
[2017.12.06-07.37.21:950][855]LogPlayLevel: PlayLevel: No blueprints needed recompiling
[2017.12.06-07.37.21:950][855]PIE: New page: PIE session: Level1_2 (Dec 5, 2017, 5:37:21 PM)
[2017.12.06-07.37.21:950][855]LogPlayLevel: Creating play world package: /Game/2DSideScrollerCPP/Maps/UEDPIE_0_Level1_2
[2017.12.06-07.37.21:953][855]LogPlayLevel: PIE: StaticDuplicateObject took: (0.003414s)
[2017.12.06-07.37.21:954][855]LogAIModule: Creating AISystem for world Level1_2
[2017.12.06-07.37.21:954][855]LogPlayLevel: PIE: World Init took: (0.000507s)
[2017.12.06-07.37.21:954][855]LogPlayLevel: PIE: Created PIE world by copying editor world from /Game/2DSideScrollerCPP/Maps/Level1_2.Level1_2 to /Game/2DSideScrollerCPP/Maps/UEDPIE_0_Level1_2.Level1_2 (0.004267s)
[2017.12.06-07.37.22:021][855]LogInit: XAudio2 using 'Speakers / Headphones (Realtek Audio)' : 6 channels at 48 kHz using 32 bits per sample (channel mask 0x3f)
[2017.12.06-07.37.22:074][855]LogInit: FAudioDevice initialized.
[2017.12.06-07.37.22:115][855]LogLoad: Game class is 'CastleOfPerditionGameMode'
[2017.12.06-07.37.22:119][855]LogWorld: Bringing World /Game/2DSideScrollerCPP/Maps/UEDPIE_0_Level1_2.Level1_2 up for play (max tick rate 60) at 2017.12.06-00.37.22
[2017.12.06-07.37.22:119][855]LogWorld: Bringing up level for play took: 0.003644
[2017.12.06-07.37.22:121][855]PIE: Play in editor start time for /Game/2DSideScrollerCPP/Maps/UEDPIE_0_Level1_2 0.296
[2017.12.06-07.37.42:020][ 27]BlueprintLog: New page: Compile wrap_teleport_bp
[2017.12.06-07.37.43:210][ 72]LogTemp: Repeating last play command: Selected Viewport
[2017.12.06-07.37.43:236][ 72]LogPlayLevel: PlayLevel: No blueprints needed recompiling
[2017.12.06-07.37.43:236][ 72]PIE: New page: PIE session: Level1_2 (Dec 5, 2017, 5:37:43 PM)
[2017.12.06-07.37.43:236][ 72]LogPlayLevel: Creating play world package: /Game/2DSideScrollerCPP/Maps/UEDPIE_0_Level1_2
[2017.12.06-07.37.43:240][ 72]LogPlayLevel: PIE: StaticDuplicateObject took: (0.003260s)
[2017.12.06-07.37.43:241][ 72]LogAIModule: Creating AISystem for world Level1_2
[2017.12.06-07.37.43:241][ 72]LogPlayLevel: PIE: World Init took: (0.000538s)
[2017.12.06-07.37.43:241][ 72]LogPlayLevel: PIE: Created PIE world by copying editor world from /Game/2DSideScrollerCPP/Maps/Level1_2.Level1_2 to /Game/2DSideScrollerCPP/Maps/UEDPIE_0_Level1_2.Level1_2 (0.004029s)
[2017.12.06-07.37.43:302][ 72]LogInit: XAudio2 using 'Speakers / Headphones (Realtek Audio)' : 6 channels at 48 kHz using 32 bits per sample (channel mask 0x3f)
[2017.12.06-07.37.43:355][ 72]LogInit: FAudioDevice initialized.
[2017.12.06-07.37.43:397][ 72]LogLoad: Game class is 'CastleOfPerditionGameMode'
[2017.12.06-07.37.43:400][ 72]LogWorld: Bringing World /Game/2DSideScrollerCPP/Maps/UEDPIE_0_Level1_2.Level1_2 up for play (max tick rate 60) at 2017.12.06-00.37.43
[2017.12.06-07.37.43:400][ 72]LogWorld: Bringing up level for play took: 0.002262
[2017.12.06-07.37.43:402][ 72]PIE: Play in editor start time for /Game/2DSideScrollerCPP/Maps/UEDPIE_0_Level1_2 -0.424
[2017.12.06-07.37.44:590][142]LogBlueprintUserMessages: [wrap_teleport_bp] teleport
[2017.12.06-07.37.45:990][226]LogBlueprintUserMessages: [wrap_teleport_bp2] teleport
[2017.12.06-07.37.47:724][330]LogBlueprintUserMessages: [wrap_teleport_bp] teleport
[2017.12.06-07.37.49:041][409]LogBlueprintUserMessages: [wrap_teleport_bp2] teleport
[2017.12.06-07.38.14:076][153]BlueprintLog: New page: Compile wrap_teleport_bp
[2017.12.06-07.38.16:356][314]LogTemp: Repeating last play command: Selected Viewport
[2017.12.06-07.38.16:385][314]LogPlayLevel: PlayLevel: No blueprints needed recompiling
[2017.12.06-07.38.16:385][314]PIE: New page: PIE session: Level1_2 (Dec 5, 2017, 5:38:16 PM)
[2017.12.06-07.38.16:385][314]LogPlayLevel: Creating play world package: /Game/2DSideScrollerCPP/Maps/UEDPIE_0_Level1_2
[2017.12.06-07.38.16:391][314]LogPlayLevel: PIE: StaticDuplicateObject took: (0.005253s)
[2017.12.06-07.38.16:391][314]LogAIModule: Creating AISystem for world Level1_2
[2017.12.06-07.38.16:391][314]LogPlayLevel: PIE: World Init took: (0.000769s)
[2017.12.06-07.38.16:392][314]LogPlayLevel: PIE: Created PIE world by copying editor world from /Game/2DSideScrollerCPP/Maps/Level1_2.Level1_2 to /Game/2DSideScrollerCPP/Maps/UEDPIE_0_Level1_2.Level1_2 (0.006322s)
[2017.12.06-07.38.16:447][314]LogInit: XAudio2 using 'Speakers / Headphones (Realtek Audio)' : 6 channels at 48 kHz using 32 bits per sample (channel mask 0x3f)
[2017.12.06-07.38.16:496][314]LogInit: FAudioDevice initialized.
[2017.12.06-07.38.16:532][314]LogLoad: Game class is 'CastleOfPerditionGameMode'
[2017.12.06-07.38.16:535][314]LogWorld: Bringing World /Game/2DSideScrollerCPP/Maps/UEDPIE_0_Level1_2.Level1_2 up for play (max tick rate 0) at 2017.12.06-00.38.16
[2017.12.06-07.38.16:535][314]LogWorld: Bringing up level for play took: 0.001897
[2017.12.06-07.38.16:536][314]PIE: Play in editor start time for /Game/2DSideScrollerCPP/Maps/UEDPIE_0_Level1_2 0.71
[2017.12.06-07.38.18:108][456]LogBlueprintUserMessages: [wrap_teleport_bp] teleport
[2017.12.06-07.38.19:297][563]LogBlueprintUserMessages: [wrap_teleport_bp2] teleport
[2017.12.06-07.38.23:043][908]LogBlueprintUserMessages: [wrap_teleport_bp] teleport
[2017.12.06-07.38.25:428][125]LogBlueprintUserMessages: [wrap_teleport_bp2] teleport
[2017.12.06-07.38.27:194][285]LogBlueprintUserMessages: [wrap_teleport_bp] teleport
[2017.12.06-07.38.30:336][566]LogEditorViewport: Clicking on Actor (LMB): wrap_teleport_bp_C (wrap_teleport_bp2)
[2017.12.06-07.38.44:259][663]LogEditorViewport: Clicking on Actor (LMB): wrap_teleport_bp_C (wrap_teleport_bp)
[2017.12.06-07.38.48:218][940]LogSavePackage: Save=101.26ms
[2017.12.06-07.38.48:219][940]LogSavePackage: Moving '../../../../../../Programming/Git Repos/Team_heresy/CastleOfPerdition/Saved/Level1_228466ECA4D610A012D7019BE0274A6ED.tmp' to '../../../../../../Programming/Git Repos/Team_heresy/CastleOfPerdition/Content/2DSideScrollerCPP/Maps/Level1_2.umap'
[2017.12.06-07.38.48:226][940]LogSavePackage: Display: Finished SavePackage ../../../../../../Programming/Git Repos/Team_heresy/CastleOfPerdition/Content/2DSideScrollerCPP/Maps/Level1_2.umap
[2017.12.06-07.38.49:298][ 15]LogTemp: Repeating last play command: Selected Viewport
[2017.12.06-07.38.49:326][ 15]LogPlayLevel: PlayLevel: No blueprints needed recompiling
[2017.12.06-07.38.49:326][ 15]PIE: New page: PIE session: Level1_2 (Dec 5, 2017, 5:38:49 PM)
[2017.12.06-07.38.49:326][ 15]LogPlayLevel: Creating play world package: /Game/2DSideScrollerCPP/Maps/UEDPIE_0_Level1_2
[2017.12.06-07.38.49:330][ 15]LogPlayLevel: PIE: StaticDuplicateObject took: (0.003633s)
[2017.12.06-07.38.49:331][ 15]LogAIModule: Creating AISystem for world Level1_2
[2017.12.06-07.38.49:331][ 15]LogPlayLevel: PIE: World Init took: (0.000670s)
[2017.12.06-07.38.49:331][ 15]LogPlayLevel: PIE: Created PIE world by copying editor world from /Game/2DSideScrollerCPP/Maps/Level1_2.Level1_2 to /Game/2DSideScrollerCPP/Maps/UEDPIE_0_Level1_2.Level1_2 (0.004590s)
[2017.12.06-07.38.49:383][ 15]LogInit: XAudio2 using 'Speakers / Headphones (Realtek Audio)' : 6 channels at 48 kHz using 32 bits per sample (channel mask 0x3f)
[2017.12.06-07.38.49:435][ 15]LogInit: FAudioDevice initialized.
[2017.12.06-07.38.49:465][ 15]LogLoad: Game class is 'CastleOfPerditionGameMode'
[2017.12.06-07.38.49:467][ 15]LogWorld: Bringing World /Game/2DSideScrollerCPP/Maps/UEDPIE_0_Level1_2.Level1_2 up for play (max tick rate 0) at 2017.12.06-00.38.49
[2017.12.06-07.38.49:468][ 15]LogWorld: Bringing up level for play took: 0.001770
[2017.12.06-07.38.49:468][ 15]PIE: Play in editor start time for /Game/2DSideScrollerCPP/Maps/UEDPIE_0_Level1_2 -0.357
[2017.12.06-07.38.50:344][ 88]LogBlueprintUserMessages: [wrap_teleport_bp] teleport
[2017.12.06-07.38.51:657][204]LogBlueprintUserMessages: [wrap_teleport_bp2] teleport
[2017.12.06-07.38.52:509][277]LogBlueprintUserMessages: [wrap_teleport_bp] teleport
[2017.12.06-07.38.53:993][405]LogBlueprintUserMessages: [wrap_teleport_bp2] teleport
[2017.12.06-07.38.56:293][617]LogBlueprintUserMessages: [wrap_teleport_bp] teleport
[2017.12.06-07.38.57:607][740]LogBlueprintUserMessages: [wrap_teleport_bp2] teleport
[2017.12.06-07.38.58:481][827]LogBlueprintUserMessages: [wrap_teleport_bp] teleport
[2017.12.06-07.38.59:684][937]LogBlueprintUserMessages: [wrap_teleport_bp2] teleport
[2017.12.06-07.39.02:977][216]LogSavePackage: Save=85.83ms
[2017.12.06-07.39.02:977][216]LogSavePackage: Moving '../../../../../../Programming/Git Repos/Team_heresy/CastleOfPerdition/Saved/Level1_262F8C35248B6CFA2AFA06D8AA7BE4CF9.tmp' to '../../../../../../Programming/Git Repos/Team_heresy/CastleOfPerdition/Content/2DSideScrollerCPP/Maps/Level1_2.umap'
[2017.12.06-07.39.02:980][216]LogSavePackage: Display: Finished SavePackage ../../../../../../Programming/Git Repos/Team_heresy/CastleOfPerdition/Content/2DSideScrollerCPP/Maps/Level1_2.umap
