Log file open, 12/06/17 17:51:57
LogWindows: Failed to load 'aqProf.dll' (GetLastError=126)
LogWindows: File 'aqProf.dll' does not exist
LogWindows: Failed to load 'VtuneApi.dll' (GetLastError=126)
LogWindows: File 'VtuneApi.dll' does not exist
LogWindows: Failed to load 'VtuneApi32e.dll' (GetLastError=126)
LogWindows: File 'VtuneApi32e.dll' does not exist
LogInit: Display: Running engine for game: CastleOfPerdition
LogPlatformFile: Not using cached read wrapper
LogInit: Display: RandInit(-1846641676) SRandInit(-1846641676).
LogInit: Read version file with build ID '3709383'
LogInit: Overriding engine version to CL 3754814, compatible CL 3709383
LogInit: Registered custom module enumerator with build ID '3709383'
LogTaskGraph: Started task graph with 5 named threads and 14 total threads with 3 sets of task threads.
LogStats: Stats thread started at 0.169910
LogD3D11RHI: Aftermath initialized
LogPluginManager: Mounting plugin Paper2D
LogPluginManager: Mounting plugin LightPropagationVolume
LogPluginManager: Mounting plugin CodeLiteSourceCodeAccess
LogPluginManager: Mounting plugin GitSourceControl
LogPluginManager: Mounting plugin KDevelopSourceCodeAccess
LogPluginManager: Mounting plugin NullSourceCodeAccess
LogPluginManager: Mounting plugin PerforceSourceControl
LogPluginManager: Mounting plugin SubversionSourceControl
LogPluginManager: Mounting plugin UObjectPlugin
LogPluginManager: Mounting plugin VisualStudioCodeSourceCodeAccess
LogPluginManager: Mounting plugin VisualStudioSourceCodeAccess
LogPluginManager: Mounting plugin XCodeSourceCodeAccess
LogPluginManager: Mounting plugin AssetManagerEditor
LogPluginManager: Mounting plugin AudioCapture
LogPluginManager: Mounting plugin FacialAnimation
LogPluginManager: Mounting plugin GameplayTagsEditor
LogPluginManager: Mounting plugin MobileLauncherProfileWizard
LogPluginManager: Mounting plugin PluginBrowser
LogPluginManager: Mounting plugin SpeedTreeImporter
LogPluginManager: Mounting plugin AlembicImporter
LogPluginManager: Mounting plugin CharacterAI
LogPluginManager: Mounting plugin HTML5Networking
LogPluginManager: Mounting plugin AndroidMedia
LogPluginManager: Mounting plugin AvfMedia
LogPluginManager: Mounting plugin ImgMedia
LogPluginManager: Mounting plugin MediaCompositing
LogPluginManager: Mounting plugin MediaPlayerEditor
LogPluginManager: Mounting plugin WmfMedia
LogPluginManager: Mounting plugin TcpMessaging
LogPluginManager: Mounting plugin UdpMessaging
LogPluginManager: Mounting plugin ActorSequence
LogPluginManager: Mounting plugin LevelSequenceEditor
LogPluginManager: Mounting plugin MatineeToLevelSequence
LogPluginManager: Mounting plugin OnlineSubsystemGooglePlay
LogPluginManager: Mounting plugin OnlineSubsystemIOS
LogPluginManager: Mounting plugin OnlineSubsystem
LogPluginManager: Mounting plugin OnlineSubsystemNull
LogPluginManager: Mounting plugin OnlineSubsystemUtils
LogPluginManager: Mounting plugin AndroidDeviceProfileSelector
LogPluginManager: Mounting plugin AndroidMoviePlayer
LogPluginManager: Mounting plugin AndroidPermission
LogPluginManager: Mounting plugin AppleARKit
LogPluginManager: Mounting plugin AppleMoviePlayer
LogPluginManager: Mounting plugin ArchVisCharacter
LogPluginManager: Mounting plugin CableComponent
LogPluginManager: Mounting plugin CustomMeshComponent
LogPluginManager: Mounting plugin ExampleDeviceProfileSelector
LogPluginManager: Mounting plugin GoogleCloudMessaging
LogPluginManager: Mounting plugin ImmediatePhysics
LogPluginManager: Mounting plugin IOSDeviceProfileSelector
LogPluginManager: Mounting plugin LinuxDeviceProfileSelector
LogPluginManager: Mounting plugin LocationServicesBPLibrary
LogPluginManager: Mounting plugin MobilePatchingUtils
LogPluginManager: Mounting plugin OculusVR
LogPluginManager: Plugin shader directory ../../../Engine/Plugins/Runtime/Oculus/OculusVR/Shaders found
LogPluginManager: Mapping shader source directory ../../../Engine/Plugins/Runtime/Oculus/OculusVR/Shaders to virtual directory /Plugin/OculusVR
LogPluginManager: Mounting plugin PhysXVehicles
LogPluginManager: Mounting plugin ProceduralMeshComponent
LogPluginManager: Mounting plugin RuntimePhysXCooking
LogPluginManager: Mounting plugin SteamVR
LogPluginManager: Mounting plugin WindowsMoviePlayer
LogModuleManager: Display: Found up-to-date module file ../../../../../../Users/u1141834/Documents/GitHub/Team_heresy/CastleOfPerdition/Binaries/Win64/UE4Editor-CastleOfPerdition.dll (API version 3709383).
LogModuleManager: Display: Found up-to-date module file ../../../Engine/Plugins/2D/Paper2D/Binaries/Win64/UE4Editor-Paper2D.dll (API version 3709383).
LogModuleManager: Display: Found up-to-date module file ../../../Engine/Plugins/2D/Paper2D/Binaries/Win64/UE4Editor-Paper2DEditor.dll (API version 3709383).
LogModuleManager: Display: Found up-to-date module file ../../../Engine/Plugins/2D/Paper2D/Binaries/Win64/UE4Editor-PaperSpriteSheetImporter.dll (API version 3709383).
LogModuleManager: Display: Found up-to-date module file ../../../Engine/Plugins/2D/Paper2D/Binaries/Win64/UE4Editor-PaperTiledImporter.dll (API version 3709383).
LogModuleManager: Display: Found up-to-date module file ../../../Engine/Plugins/2D/Paper2D/Binaries/Win64/UE4Editor-SmartSnapping.dll (API version 3709383).
LogModuleManager: Display: Found up-to-date module file ../../../Engine/Plugins/Blendables/LightPropagationVolume/Binaries/Win64/UE4Editor-LightPropagationVolumeRuntime.dll (API version 3709383).
LogModuleManager: Display: Found up-to-date module file ../../../Engine/Plugins/Blendables/LightPropagationVolume/Binaries/Win64/UE4Editor-LightPropagationVolumeEditor.dll (API version 3709383).
LogModuleManager: Display: Found up-to-date module file ../../../Engine/Plugins/Developer/GitSourceControl/Binaries/Win64/UE4Editor-GitSourceControl.dll (API version 3709383).
LogModuleManager: Display: Found up-to-date module file ../../../Engine/Plugins/Developer/PerforceSourceControl/Binaries/Win64/UE4Editor-PerforceSourceControl.dll (API version 3709383).
LogModuleManager: Display: Found up-to-date module file ../../../Engine/Plugins/Developer/SubversionSourceControl/Binaries/Win64/UE4Editor-SubversionSourceControl.dll (API version 3709383).
LogModuleManager: Display: Found up-to-date module file ../../../Engine/Plugins/Developer/UObjectPlugin/Binaries/Win64/UE4Editor-UObjectPlugin.dll (API version 3709383).
LogModuleManager: Display: Found up-to-date module file ../../../Engine/Plugins/Developer/VisualStudioCodeSourceCodeAccess/Binaries/Win64/UE4Editor-VisualStudioCodeSourceCodeAccess.dll (API version 3709383).
LogModuleManager: Display: Found up-to-date module file ../../../Engine/Plugins/Developer/VisualStudioSourceCodeAccess/Binaries/Win64/UE4Editor-VisualStudioSourceCodeAccess.dll (API version 3709383).
LogModuleManager: Display: Found up-to-date module file ../../../Engine/Plugins/Editor/AssetManagerEditor/Binaries/Win64/UE4Editor-AssetManagerEditor.dll (API version 3709383).
LogModuleManager: Display: Found up-to-date module file ../../../Engine/Plugins/Editor/AudioCapture/Binaries/Win64/UE4Editor-AudioCapture.dll (API version 3709383).
LogModuleManager: Display: Found up-to-date module file ../../../Engine/Plugins/Editor/FacialAnimation/Binaries/Win64/UE4Editor-FacialAnimation.dll (API version 3709383).
LogModuleManager: Display: Found up-to-date module file ../../../Engine/Plugins/Editor/FacialAnimation/Binaries/Win64/UE4Editor-FacialAnimationEditor.dll (API version 3709383).
LogModuleManager: Display: Found up-to-date module file ../../../Engine/Plugins/Editor/GameplayTagsEditor/Binaries/Win64/UE4Editor-GameplayTagsEditor.dll (API version 3709383).
LogModuleManager: Display: Found up-to-date module file ../../../Engine/Plugins/Editor/MobileLauncherProfileWizard/Binaries/Win64/UE4Editor-MobileLauncherProfileWizard.dll (API version 3709383).
LogModuleManager: Display: Found up-to-date module file ../../../Engine/Plugins/Editor/PluginBrowser/Binaries/Win64/UE4Editor-PluginBrowser.dll (API version 3709383).
LogModuleManager: Display: Found up-to-date module file ../../../Engine/Plugins/Editor/SpeedTreeImporter/Binaries/Win64/UE4Editor-SpeedTreeImporter.dll (API version 3709383).
LogModuleManager: Display: Found up-to-date module file ../../../Engine/Plugins/Experimental/AlembicImporter/Binaries/Win64/UE4Editor-AlembicImporter.dll (API version 3709383).
LogModuleManager: Display: Found up-to-date module file ../../../Engine/Plugins/Experimental/AlembicImporter/Binaries/Win64/UE4Editor-AlembicLibrary.dll (API version 3709383).
LogModuleManager: Display: Found up-to-date module file ../../../Engine/Plugins/Experimental/CharacterAI/Binaries/Win64/UE4Editor-CharacterAI.dll (API version 3709383).
LogModuleManager: Display: Found up-to-date module file ../../../Engine/Plugins/Experimental/HTML5Networking/Binaries/Win64/UE4Editor-HTML5Networking.dll (API version 3709383).
LogModuleManager: Display: Found up-to-date module file ../../../Engine/Plugins/Media/AndroidMedia/Binaries/Win64/UE4Editor-AndroidMediaEditor.dll (API version 3709383).
LogModuleManager: Display: Found up-to-date module file ../../../Engine/Plugins/Media/AndroidMedia/Binaries/Win64/UE4Editor-AndroidMediaFactory.dll (API version 3709383).
LogModuleManager: Display: Found up-to-date module file ../../../Engine/Plugins/Media/AvfMedia/Binaries/Win64/UE4Editor-AvfMediaEditor.dll (API version 3709383).
LogModuleManager: Display: Found up-to-date module file ../../../Engine/Plugins/Media/AvfMedia/Binaries/Win64/UE4Editor-AvfMediaFactory.dll (API version 3709383).
LogModuleManager: Display: Found up-to-date module file ../../../Engine/Plugins/Media/AvfMedia/Binaries/Win64/UE4Editor-AvfMediaFactory.dll (API version 3709383).
LogModuleManager: Display: Found up-to-date module file ../../../Engine/Plugins/Media/ImgMedia/Binaries/Win64/UE4Editor-ImgMedia.dll (API version 3709383).
LogModuleManager: Display: Found up-to-date module file ../../../Engine/Plugins/Media/ImgMedia/Binaries/Win64/UE4Editor-ImgMediaEditor.dll (API version 3709383).
LogModuleManager: Display: Found up-to-date module file ../../../Engine/Plugins/Media/ImgMedia/Binaries/Win64/UE4Editor-ImgMediaFactory.dll (API version 3709383).
LogModuleManager: Display: Found up-to-date module file ../../../Engine/Plugins/Media/ImgMedia/Binaries/Win64/UE4Editor-ImgMediaFactory.dll (API version 3709383).
LogModuleManager: Display: Found up-to-date module file ../../../Engine/Plugins/Media/ImgMedia/Binaries/Win64/UE4Editor-OpenExrWrapper.dll (API version 3709383).
LogModuleManager: Display: Found up-to-date module file ../../../Engine/Plugins/Media/MediaCompositing/Binaries/Win64/UE4Editor-MediaCompositing.dll (API version 3709383).
LogModuleManager: Display: Found up-to-date module file ../../../Engine/Plugins/Media/MediaCompositing/Binaries/Win64/UE4Editor-MediaCompositingEditor.dll (API version 3709383).
LogModuleManager: Display: Found up-to-date module file ../../../Engine/Plugins/Media/MediaPlayerEditor/Binaries/Win64/UE4Editor-MediaPlayerEditor.dll (API version 3709383).
LogModuleManager: Display: Found up-to-date module file ../../../Engine/Plugins/Media/WmfMedia/Binaries/Win64/UE4Editor-WmfMedia.dll (API version 3709383).
LogModuleManager: Display: Found up-to-date module file ../../../Engine/Plugins/Media/WmfMedia/Binaries/Win64/UE4Editor-WmfMediaEditor.dll (API version 3709383).
LogModuleManager: Display: Found up-to-date module file ../../../Engine/Plugins/Media/WmfMedia/Binaries/Win64/UE4Editor-WmfMediaFactory.dll (API version 3709383).
LogModuleManager: Display: Found up-to-date module file ../../../Engine/Plugins/Media/WmfMedia/Binaries/Win64/UE4Editor-WmfMediaFactory.dll (API version 3709383).
LogModuleManager: Display: Found up-to-date module file ../../../Engine/Plugins/Messaging/TcpMessaging/Binaries/Win64/UE4Editor-TcpMessaging.dll (API version 3709383).
LogModuleManager: Display: Found up-to-date module file ../../../Engine/Plugins/Messaging/UdpMessaging/Binaries/Win64/UE4Editor-UdpMessaging.dll (API version 3709383).
LogModuleManager: Display: Found up-to-date module file ../../../Engine/Plugins/MovieScene/ActorSequence/Binaries/Win64/UE4Editor-ActorSequence.dll (API version 3709383).
LogModuleManager: Display: Found up-to-date module file ../../../Engine/Plugins/MovieScene/LevelSequenceEditor/Binaries/Win64/UE4Editor-LevelSequenceEditor.dll (API version 3709383).
LogModuleManager: Display: Found up-to-date module file ../../../Engine/Plugins/MovieScene/MatineeToLevelSequence/Binaries/Win64/UE4Editor-MatineeToLevelSequence.dll (API version 3709383).
LogModuleManager: Display: Found up-to-date module file ../../../Engine/Plugins/Online/OnlineSubsystem/Binaries/Win64/UE4Editor-OnlineSubsystem.dll (API version 3709383).
LogModuleManager: Display: Found up-to-date module file ../../../Engine/Plugins/Online/OnlineSubsystemNull/Binaries/Win64/UE4Editor-OnlineSubsystemNull.dll (API version 3709383).
LogModuleManager: Display: Found up-to-date module file ../../../Engine/Plugins/Online/OnlineSubsystemUtils/Binaries/Win64/UE4Editor-OnlineSubsystemUtils.dll (API version 3709383).
LogModuleManager: Display: Found up-to-date module file ../../../Engine/Plugins/Online/OnlineSubsystemUtils/Binaries/Win64/UE4Editor-OnlineBlueprintSupport.dll (API version 3709383).
LogModuleManager: Display: Found up-to-date module file ../../../Engine/Plugins/Runtime/AndroidDeviceProfileSelector/Binaries/Win64/UE4Editor-AndroidDeviceProfileSelector.dll (API version 3709383).
LogModuleManager: Display: Found up-to-date module file ../../../Engine/Plugins/Runtime/AndroidPermission/Binaries/Win64/UE4Editor-AndroidPermission.dll (API version 3709383).
LogModuleManager: Display: Found up-to-date module file ../../../Engine/Plugins/Runtime/AppleARKit/Binaries/Win64/UE4Editor-AppleARKit.dll (API version 3709383).
LogModuleManager: Display: Found up-to-date module file ../../../Engine/Plugins/Runtime/ArchVisCharacter/Binaries/Win64/UE4Editor-ArchVisCharacter.dll (API version 3709383).
LogModuleManager: Display: Found up-to-date module file ../../../Engine/Plugins/Runtime/CableComponent/Binaries/Win64/UE4Editor-CableComponent.dll (API version 3709383).
LogModuleManager: Display: Found up-to-date module file ../../../Engine/Plugins/Runtime/CustomMeshComponent/Binaries/Win64/UE4Editor-CustomMeshComponent.dll (API version 3709383).
LogModuleManager: Display: Found up-to-date module file ../../../Engine/Plugins/Runtime/ExampleDeviceProfileSelector/Binaries/Win64/UE4Editor-ExampleDeviceProfileSelector.dll (API version 3709383).
LogModuleManager: Display: Found up-to-date module file ../../../Engine/Plugins/Runtime/ImmediatePhysics/Binaries/Win64/UE4Editor-ImmediatePhysics.dll (API version 3709383).
LogModuleManager: Display: Found up-to-date module file ../../../Engine/Plugins/Runtime/ImmediatePhysics/Binaries/Win64/UE4Editor-ImmediatePhysicsEditor.dll (API version 3709383).
LogModuleManager: Display: Found up-to-date module file ../../../Engine/Plugins/Runtime/LocationServicesBPLibrary/Binaries/Win64/UE4Editor-LocationServicesBPLibrary.dll (API version 3709383).
LogModuleManager: Display: Found up-to-date module file ../../../Engine/Plugins/Runtime/MobilePatchingUtils/Binaries/Win64/UE4Editor-MobilePatchingUtils.dll (API version 3709383).
LogModuleManager: Display: Found up-to-date module file ../../../Engine/Plugins/Runtime/Oculus/OculusVR/Binaries/Win64/UE4Editor-OculusHMD.dll (API version 3709383).
LogModuleManager: Display: Found up-to-date module file ../../../Engine/Plugins/Runtime/Oculus/OculusVR/Binaries/Win64/UE4Editor-OculusInput.dll (API version 3709383).
LogModuleManager: Display: Found up-to-date module file ../../../Engine/Plugins/Runtime/Oculus/OculusVR/Binaries/Win64/UE4Editor-OculusEditor.dll (API version 3709383).
LogModuleManager: Display: Found up-to-date module file ../../../Engine/Plugins/Runtime/PhysXVehicles/Binaries/Win64/UE4Editor-PhysXVehicles.dll (API version 3709383).
LogModuleManager: Display: Found up-to-date module file ../../../Engine/Plugins/Runtime/PhysXVehicles/Binaries/Win64/UE4Editor-PhysXVehiclesEditor.dll (API version 3709383).
LogModuleManager: Display: Found up-to-date module file ../../../Engine/Plugins/Runtime/ProceduralMeshComponent/Binaries/Win64/UE4Editor-ProceduralMeshComponent.dll (API version 3709383).
LogModuleManager: Display: Found up-to-date module file ../../../Engine/Plugins/Runtime/ProceduralMeshComponent/Binaries/Win64/UE4Editor-ProceduralMeshComponentEditor.dll (API version 3709383).
LogModuleManager: Display: Found up-to-date module file ../../../Engine/Plugins/Runtime/RuntimePhysXCooking/Binaries/Win64/UE4Editor-RuntimePhysXCooking.dll (API version 3709383).
LogModuleManager: Display: Found up-to-date module file ../../../Engine/Plugins/Runtime/Steam/SteamVR/Binaries/Win64/UE4Editor-SteamVR.dll (API version 3709383).
LogModuleManager: Display: Found up-to-date module file ../../../Engine/Plugins/Runtime/Steam/SteamVR/Binaries/Win64/UE4Editor-SteamVRController.dll (API version 3709383).
LogModuleManager: Display: Found up-to-date module file ../../../Engine/Plugins/Runtime/WindowsMoviePlayer/Binaries/Win64/UE4Editor-WindowsMoviePlayer.dll (API version 3709383).
LogInit: Using libcurl 7.47.1
LogInit:  - built for x86_64-pc-win32
LogInit:  - supports SSL with OpenSSL/1.0.2g
LogInit:  - supports HTTP deflate (compression) using libz 1.2.8
LogInit:  - other features:
LogInit:      CURL_VERSION_SSL
LogInit:      CURL_VERSION_LIBZ
LogInit:      CURL_VERSION_IPV6
LogInit:      CURL_VERSION_ASYNCHDNS
LogInit:      CURL_VERSION_LARGEFILE
LogInit:      CURL_VERSION_IDN
LogInit:  CurlRequestOptions (configurable via config and command line):
LogInit:  - bVerifyPeer = false  - Libcurl will NOT verify peer certificate
LogInit:  - bUseHttpProxy = false  - Libcurl will NOT use HTTP proxy
LogInit:  - bDontReuseConnections = false  - Libcurl will reuse connections
LogInit:  - CertBundlePath = nullptr  - Libcurl will use whatever was configured at build time.
LogInit: Build: ++UE4+Release-4.18-CL-3754814
LogInit: Engine Version: 4.18.1-3754814+++UE4+Release-4.18
LogInit: Compatible Engine Version: 4.18.0-3709383+++UE4+Release-4.18
LogInit: Net CL: 3709383
LogDevObjectVersion: Number of dev versions registered: 16
LogDevObjectVersion:   Dev-Blueprints (B0D832E4-1F89-4F0D-ACCF-7EB736FD4AA2): 10
LogDevObjectVersion:   Dev-Build (E1C64328-A22C-4D53-A36C-8E866417BD8C): 0
LogDevObjectVersion:   Dev-Core (375EC13C-06E4-48FB-B500-84F0262A717E): 2
LogDevObjectVersion:   Dev-Editor (E4B068ED-F494-42E9-A231-DA0B2E46BB41): 20
LogDevObjectVersion:   Dev-Framework (CFFC743F-43B0-4480-9391-14DF171D2073): 30
LogDevObjectVersion:   Dev-Mobile (B02B49B5-BB20-44E9-A304-32B752E40360): 0
LogDevObjectVersion:   Dev-Networking (A4E4105C-59A1-49B5-A7C5-40C4547EDFEE): 0
LogDevObjectVersion:   Dev-Online (39C831C9-5AE6-47DC-9A44-9C173E1C8E7C): 0
LogDevObjectVersion:   Dev-Physics (78F01B33-EBEA-4F98-B9B4-84EACCB95AA2): 0
LogDevObjectVersion:   Dev-Platform (6631380F-2D4D-43E0-8009-CF276956A95A): 0
LogDevObjectVersion:   Dev-Rendering (12F88B9F-8875-4AFC-A67C-D90C383ABD29): 20
LogDevObjectVersion:   Dev-Sequencer (7B5AE74C-D270-4C10-A958-57980B212A5A): 4
LogDevObjectVersion:   Dev-VR (D7296918-1DD6-4BDD-9DE2-64A83CC13884): 0
LogDevObjectVersion:   Dev-LoadTimes (C2A15278-BFE7-4AFE-6C17-90FF531DF755): 1
LogDevObjectVersion:   Private-Geometry (6EACA3D4-40EC-4CC1-B786-8BED09428FC5): 1
LogDevObjectVersion:   Dev-AnimPhys (29E575DD-E0A3-4627-9D10-D276232CDCEA): 12
LogInit: Compiled (64-bit): Nov 14 2017 02:05:55
LogInit: Compiled with Visual C++: 19.00.24215.01
LogInit: Build Configuration: Development
LogInit: Branch Name: ++UE4+Release-4.18
LogInit: Command line: -EpicPortal 
LogInit: Base directory: C:/Program Files/Epic Games/UE_4.18/Engine/Binaries/Win64/
LogInit: Installed Engine Build: 1
LogInit: Presizing for max 8388607 objects, including 0 objects not considered by GC, pre-allocating 0 bytes for permanent pool.
LogInit: Object subsystem initialized
[2017.12.07-00.51.59:070][  0]LogInit: Selected Device Profile: [Windows]
[2017.12.07-00.51.59:070][  0]LogInit: Applying CVar settings loaded from the selected device profile: [Windows]
[2017.12.07-00.51.59:082][  0]LogInit: Computer: eae-d-084
[2017.12.07-00.51.59:082][  0]LogInit: User: u1141834
[2017.12.07-00.51.59:082][  0]LogInit: CPU Page size=4096, Cores=4
[2017.12.07-00.51.59:082][  0]LogInit: High frequency timer resolution =3.320315 MHz
[2017.12.07-00.51.59:083][  0]LogMemory: Memory total: Physical=31.9GB (32GB approx)
[2017.12.07-00.51.59:083][  0]LogMemory: Platform Memory Stats for Windows
[2017.12.07-00.51.59:083][  0]LogMemory: Process Physical Memory: 272.50 MB used, 272.50 MB peak
[2017.12.07-00.51.59:083][  0]LogMemory: Process Virtual Memory: 269.73 MB used, 269.73 MB peak
[2017.12.07-00.51.59:083][  0]LogMemory: Physical Memory: 8073.54 MB used,  24632.17 MB free, 32705.71 MB total
[2017.12.07-00.51.59:083][  0]LogMemory: Virtual Memory: 644.27 MB used,  24632.17 MB free, 134217728.00 MB total
[2017.12.07-00.51.59:242][  0]LogInit: Using OS detected language (en-US).
[2017.12.07-00.51.59:242][  0]LogInit: Using OS detected locale (en-US).
[2017.12.07-00.51.59:245][  0]LogTextLocalizationManager: No specific localization for 'en-US' exists, so the 'en' localization will be used.
[2017.12.07-00.51.59:697][  0]LogInit: Setting process to per monitor DPI aware
[2017.12.07-00.51.59:925][  0]LogD3D11RHI: D3D11 adapters:
[2017.12.07-00.51.59:961][  0]LogD3D11RHI:    0. 'NVIDIA GeForce GTX 1070' (Feature Level 11_0)
[2017.12.07-00.51.59:961][  0]LogD3D11RHI:       8096/0/16352 MB DedicatedVideo/DedicatedSystem/SharedSystem, Outputs:2, VendorId:0x10de
[2017.12.07-00.51.59:963][  0]LogD3D11RHI:    1. 'Microsoft Basic Render Driver' (Feature Level 11_0)
[2017.12.07-00.51.59:963][  0]LogD3D11RHI:       0/0/16352 MB DedicatedVideo/DedicatedSystem/SharedSystem, Outputs:0, VendorId:0x1414
[2017.12.07-00.51.59:963][  0]LogD3D11RHI: Chosen D3D11 Adapter: 0
[2017.12.07-00.51.59:968][  0]LogD3D11RHI: Creating new Direct3DDevice
[2017.12.07-00.51.59:968][  0]LogD3D11RHI:     GPU DeviceId: 0x1b81 (for the marketing name, search the web for "GPU Device Id")
[2017.12.07-00.51.59:968][  0]LogWindows: EnumDisplayDevices:
[2017.12.07-00.51.59:968][  0]LogWindows:    0. 'NVIDIA GeForce GTX 1070' (P:1 D:1)
[2017.12.07-00.51.59:968][  0]LogWindows:    1. 'NVIDIA GeForce GTX 1070' (P:0 D:1)
[2017.12.07-00.51.59:968][  0]LogWindows:    2. 'NVIDIA GeForce GTX 1070' (P:0 D:0)
[2017.12.07-00.51.59:968][  0]LogWindows:    3. 'NVIDIA GeForce GTX 1070' (P:0 D:0)
[2017.12.07-00.51.59:968][  0]LogWindows: DebugString: FoundDriverCount:4 
[2017.12.07-00.51.59:968][  0]LogD3D11RHI:     Adapter Name: NVIDIA GeForce GTX 1070
[2017.12.07-00.51.59:968][  0]LogD3D11RHI:   Driver Version: 388.31 (internal:23.21.13.8831, unified:388.31)
[2017.12.07-00.51.59:968][  0]LogD3D11RHI:      Driver Date: 11-14-2017
[2017.12.07-00.51.59:968][  0]LogRHI: Texture pool is 5667 MB (70% of 8096 MB)
[2017.12.07-00.51.59:992][  0]LogD3D11RHI: Async texture creation enabled
[2017.12.07-00.52.00:050][  0]LogD3D11RHI: GPU Timing Frequency: 1000.000000 (Debug: 2 1)
[2017.12.07-00.52.00:140][  0]LogShaderCompilers: Guid format shader working directory is -31 characters bigger than the processId version (../../../../../../Users/u1141834/Documents/GitHub/Team_heresy/CastleOfPerdition/Intermediate/Shaders/WorkingDirectory/10380/).
[2017.12.07-00.52.00:140][  0]LogShaderCompilers: Cleaned the shader compiler working directory 'C:/Users/u1141834/AppData/Local/Temp/UnrealShaderWorkingDir/3DD33A1F47170235AE24EB922E44335B/'.
[2017.12.07-00.52.00:140][  0]LogShaderCompilers: Display: Using Local Shader Compiler.
[2017.12.07-00.52.01:010][  0]LogTemp: Display: Loaded TP AllDesktopTargetPlatform
[2017.12.07-00.52.01:057][  0]LogTemp: Display: Loaded TP MacClientTargetPlatform
[2017.12.07-00.52.01:104][  0]LogTemp: Display: Loaded TP MacNoEditorTargetPlatform
[2017.12.07-00.52.01:150][  0]LogTemp: Display: Loaded TP MacServerTargetPlatform
[2017.12.07-00.52.01:197][  0]LogTemp: Display: Loaded TP MacTargetPlatform
[2017.12.07-00.52.01:243][  0]LogTemp: Display: Loaded TP WindowsClientTargetPlatform
[2017.12.07-00.52.01:289][  0]LogTemp: Display: Loaded TP WindowsNoEditorTargetPlatform
[2017.12.07-00.52.01:334][  0]LogTemp: Display: Loaded TP WindowsServerTargetPlatform
[2017.12.07-00.52.01:375][  0]LogTemp: Display: Loaded TP WindowsTargetPlatform
[2017.12.07-00.52.01:420][  0]LogTemp: Display: Loaded TP Android_ASTCTargetPlatform
[2017.12.07-00.52.01:466][  0]LogTemp: Display: Loaded TP Android_ATCTargetPlatform
[2017.12.07-00.52.01:511][  0]LogTemp: Display: Loaded TP Android_DXTTargetPlatform
[2017.12.07-00.52.01:556][  0]LogTemp: Display: Loaded TP Android_ETC1TargetPlatform
[2017.12.07-00.52.01:600][  0]LogTemp: Display: Loaded TP Android_ETC2TargetPlatform
[2017.12.07-00.52.01:691][  0]LogTemp: Display: Loaded TP Android_MultiTargetPlatform
[2017.12.07-00.52.01:691][  0]LogTemp: Display: Loaded TP Android_PVRTCTargetPlatform
[2017.12.07-00.52.01:738][  0]LogTemp: Display: Loaded TP AndroidTargetPlatform
[2017.12.07-00.52.01:773][  0]LogTemp: Display: Loaded TP HTML5TargetPlatform
[2017.12.07-00.52.01:856][  0]LogTemp: Display: Loaded TP IOSTargetPlatform
[2017.12.07-00.52.01:880][  0]LogTemp: Display: Loaded TP TVOSTargetPlatform
[2017.12.07-00.52.01:925][  0]LogTemp: Display: Loaded TP LinuxClientTargetPlatform
[2017.12.07-00.52.01:969][  0]LogTemp: Display: Loaded TP LinuxNoEditorTargetPlatform
[2017.12.07-00.52.02:014][  0]LogTemp: Display: Loaded TP LinuxServerTargetPlatform
[2017.12.07-00.52.02:061][  0]LogTemp: Display: Loaded TP LinuxTargetPlatform
[2017.12.07-00.52.02:061][  0]LogTargetPlatformManager: Display: Building Assets For Windows
[2017.12.07-00.52.02:486][  0]LogDerivedDataCache: Display: Max Cache Size: 512 MB
[2017.12.07-00.52.02:563][  0]LogDerivedDataCache: Loaded boot cache 0.08s 78MB C:/Users/u1141834/AppData/Local/UnrealEngine/4.18/DerivedDataCache/Boot.ddc.
[2017.12.07-00.52.02:563][  0]LogDerivedDataCache: Display: Loaded Boot cache: C:/Users/u1141834/AppData/Local/UnrealEngine/4.18/DerivedDataCache/Boot.ddc
[2017.12.07-00.52.02:563][  0]LogDerivedDataCache: FDerivedDataBackendGraph:  Pak pak cache file ../../../../../../Users/u1141834/Documents/GitHub/Team_heresy/CastleOfPerdition/DerivedDataCache/DDC.ddp not found, will not use a pak cache.
[2017.12.07-00.52.02:563][  0]LogDerivedDataCache: Unable to find inner node Pak for hierarchical cache Hierarchy.
[2017.12.07-00.52.02:563][  0]LogDerivedDataCache: FDerivedDataBackendGraph:  CompressedPak pak cache file ../../../../../../Users/u1141834/Documents/GitHub/Team_heresy/CastleOfPerdition/DerivedDataCache/Compressed.ddp not found, will not use a pak cache.
[2017.12.07-00.52.02:563][  0]LogDerivedDataCache: Unable to find inner node CompressedPak for hierarchical cache Hierarchy.
[2017.12.07-00.52.02:579][  0]LogDerivedDataCache: Display: Pak cache opened for reading ../../../Engine/DerivedDataCache/Compressed.ddp.
[2017.12.07-00.52.02:590][  0]LogDerivedDataCache: Using Local data cache path C:/Users/u1141834/AppData/Local/UnrealEngine/Common/DerivedDataCache: Writable
[2017.12.07-00.52.02:599][  0]LogMaterial: Verifying Global Shaders for PCD3D_SM5
[2017.12.07-00.52.02:600][  0]LogSlate: Using Freetype 2.6.0
[2017.12.07-00.52.02:600][  0]LogSlate: SlateFontCache - WITH_FREETYPE: 1, WITH_HARFBUZZ: 1
[2017.12.07-00.52.02:600][  0]LogSlate: SlateFontCache - WITH_FREETYPE: 1, WITH_HARFBUZZ: 1
[2017.12.07-00.52.02:947][  0]LogInit: Selected Device Profile: [Windows]
[2017.12.07-00.52.03:256][  0]LogSimplygon: Simplygon DLL not present - disabling.
[2017.12.07-00.52.03:291][  0]LogMeshReduction: Using SimplygonSwarm for distributed automatic mesh merging
[2017.12.07-00.52.03:291][  0]LogMeshReduction: Using QuadricMeshReduction for automatic static mesh reduction
[2017.12.07-00.52.03:291][  0]LogMeshReduction: No automatic skeletal mesh reduction module available
[2017.12.07-00.52.03:291][  0]LogMeshReduction: No automatic mesh merging module available
[2017.12.07-00.52.03:291][  0]LogMeshMerging: No automatic mesh merging module available
[2017.12.07-00.52.03:320][  0]LogNetVersion: CastleOfPerdition , NetCL: 3709383, EngineNetVer: 2, GameNetVer: 0 (Checksum: 261315538)
[2017.12.07-00.52.03:468][  0]LogAssetRegistry: FAssetRegistry took 0.0253 seconds to start up
[2017.12.07-00.52.03:943][  0]LogPackageLocalizationCache: Processed 7 localized package path(s) for 2 prioritized culture(s) in 0.069580 seconds
[2017.12.07-00.52.03:949][  0]LogUObjectArray: 35900 objects as part of root set at end of initial load.
[2017.12.07-00.52.03:949][  0]LogUObjectAllocator: 7372016 out of 0 bytes used by permanent object pool.
[2017.12.07-00.52.03:949][  0]LogUObjectArray: CloseDisregardForGC: 0/0 objects in disregard for GC pool
[2017.12.07-00.52.03:999][  0]LogInit: WinSock: version 1.1 (2.2), MaxSocks=32767, MaxUdp=65467
[2017.12.07-00.52.06:624][  0]LogTcpMessaging: Initializing TcpMessaging bridge
[2017.12.07-00.52.06:663][  0]LogUdpMessaging: Initializing bridge on interface 0.0.0.0:0 to multicast group 230.0.0.1:6666.
[2017.12.07-00.52.07:326][  0]LogMaterial: Uniform references updated for custom material expression Custom.
[2017.12.07-00.52.07:718][  0]SourceControl: Source control is disabled
[2017.12.07-00.52.07:718][  0]SourceControl: Source control is disabled
[2017.12.07-00.52.07:768][  0]SourceControl: Source control is disabled
[2017.12.07-00.52.07:819][  0]SourceControl: Source control is disabled
[2017.12.07-00.52.08:582][  0]LogAndroidPermission: UAndroidPermissionCallbackProxy::GetInstance
[2017.12.07-00.52.08:824][  0]LogOcInput: OculusInput pre-init called
[2017.12.07-00.52.09:067][  0]LogEngine: Initializing Engine...
[2017.12.07-00.52.09:069][  0]LogHMD: Failed to initialize OpenVR with code 110
[2017.12.07-00.52.09:269][  0]LogStats: UGameplayTagsManager::ConstructGameplayTagTree: Construct from data asset -  0.000 s
[2017.12.07-00.52.09:270][  0]LogStats: UGameplayTagsManager::ConstructGameplayTagTree: GameplayTagTreeChangedEvent.Broadcast -  0.000 s
[2017.12.07-00.52.09:382][  0]LogAIModule: Creating AISystem for world Untitled
[2017.12.07-00.52.09:393][  0]LogInit: XAudio2 using 'Headphones (High Definition Audio Device)' : 2 channels at 48 kHz using 16 bits per sample (channel mask 0x3)
[2017.12.07-00.52.09:402][  0]LogInit: FAudioDevice initialized.
[2017.12.07-00.52.09:475][  0]LogDerivedDataCache: Saved boot cache 0.07s 78MB C:/Users/u1141834/AppData/Local/UnrealEngine/4.18/DerivedDataCache/Boot.ddc.
[2017.12.07-00.52.09:488][  0]LogInit: Texture streaming: Enabled
[2017.12.07-00.52.09:575][  0]LogEngineSessionManager: EngineSessionManager initialized
[2017.12.07-00.52.09:691][  0]LogInit: Transaction tracking system initialized
[2017.12.07-00.52.09:965][  0]BlueprintLog: New page: Editor Load
[2017.12.07-00.52.10:755][  0]LocalizationService: Localization service is disabled
[2017.12.07-00.52.11:406][  0]LogConsoleResponse: Display: 
[2017.12.07-00.52.11:565][  0]LogCook: Display: Max memory allowance for cook 16384mb min free memory 0mb
[2017.12.07-00.52.11:565][  0]LogCook: Display: Mobile HDR setting 1
[2017.12.07-00.52.11:565][  0]LogGameplayTags: Display: UGameplayTagsManager::DoneAddingNativeTags. DelegateIsBound: 0
[2017.12.07-00.52.11:866][  0]LogFileCache: Scanning file cache for directory 'C:/Users/u1141834/Documents/GitHub/Team_heresy/CastleOfPerdition/Content/' took 0.01s
[2017.12.07-00.52.12:659][  0]SourceControl: Source control is disabled
[2017.12.07-00.52.12:659][  0]Cmd: MAP LOAD FILE="../../../../../../Users/u1141834/Documents/GitHub/Team_heresy/CastleOfPerdition/Content/2DSideScrollerCPP/Maps/2DSideScrollerExampleMap.umap" TEMPLATE=0 SHOWPROGRESS=1 FEATURELEVEL=3
[2017.12.07-00.52.12:659][  0]LightingResults: New page: Lighting Build
[2017.12.07-00.52.12:697][  0]MapCheck: New page: Map Check
[2017.12.07-00.52.12:697][  0]LightingResults: New page: Lighting Build
[2017.12.07-00.52.13:043][  0]LogAIModule: Creating AISystem for world 2DSideScrollerExampleMap
[2017.12.07-00.52.13:053][  0]LogEditorServer: Finished looking for orphan Actors (0.000 secs)
[2017.12.07-00.52.13:064][  0]Cmd: MAP CHECKDEP NOCLEARLOG
[2017.12.07-00.52.13:112][  0]MapCheck: Map check complete: 0 Error(s), 0 Warning(s), took 47.964ms to complete.
[2017.12.07-00.52.13:112][  0]LogFileHelpers: Loading map '2DSideScrollerExampleMap' took 0.453
[2017.12.07-00.52.13:246][  0]LogCollectionManager: Loaded 0 collections in 0.002097 seconds
[2017.12.07-00.52.13:322][  0]LogFileCache: Scanning file cache for directory 'C:/Users/u1141834/Documents/GitHub/Team_heresy/CastleOfPerdition/Saved/Collections/' took 0.01s
[2017.12.07-00.52.13:322][  0]LogFileCache: Scanning file cache for directory 'C:/Users/u1141834/Documents/GitHub/Team_heresy/CastleOfPerdition/Content/Developers/u1141834/Collections/' took 0.01s
[2017.12.07-00.52.13:322][  0]LogFileCache: Scanning file cache for directory 'C:/Users/u1141834/Documents/GitHub/Team_heresy/CastleOfPerdition/Content/Collections/' took 0.01s
[2017.12.07-00.52.13:322][  0]LogCollectionManager: Rebuilt the GUID cache for 0 collections in 0.000000 seconds
[2017.12.07-00.52.13:331][  0]LogContentBrowser: Native class hierarchy populated in 0.0084 seconds. Added 2365 classes and 521 folders.
[2017.12.07-00.52.13:389][  0]LogContentBrowser: Native class hierarchy updated for 'WidgetCarousel' in 0.0007 seconds. Added 0 classes and 0 folders.
[2017.12.07-00.52.13:429][  0]LogContentBrowser: Native class hierarchy updated for 'AddContentDialog' in 0.0006 seconds. Added 0 classes and 0 folders.
[2017.12.07-00.52.13:466][  0]LogContentBrowser: Native class hierarchy updated for 'SceneOutliner' in 0.0007 seconds. Added 1 classes and 2 folders.
[2017.12.07-00.52.13:499][  0]LogSlate: Took 0.000227 seconds to synchronously load lazily loaded font '../../../Engine/Content/Slate/Fonts/Roboto-Regular.ttf' (155K)
[2017.12.07-00.52.13:501][  0]LogSlate: Took 0.000250 seconds to synchronously load lazily loaded font '../../../Engine/Content/Slate/Fonts/Roboto-Bold.ttf' (160K)
[2017.12.07-00.52.13:507][  0]LogSlate: Took 0.000167 seconds to synchronously load lazily loaded font '../../../Engine/Content/Editor/Slate/Fonts/FontAwesome.ttf' (139K)
[2017.12.07-00.52.13:595][  0]LogRenderer: Reallocating scene render targets to support 1208x656 Format 10 NumSamples 1 (Frame:1).
[2017.12.07-00.52.13:769][  0]LogContentBrowser: Native class hierarchy updated for 'HierarchicalLODOutliner' in 0.0007 seconds. Added 1 classes and 2 folders.
[2017.12.07-00.52.13:769][  0]LogLoad: (Engine Initialization) Total time: 17.34 seconds
[2017.12.07-00.52.13:769][  0]LogLoad: (Engine Initialization) Total Blueprint compile time: 0.00 seconds
[2017.12.07-00.52.13:769][  0]LogExternalProfiler: Found external profiler: VSPerf
[2017.12.07-00.52.13:769][  0]LogExternalProfiler: Using external profiler: VSPerf
[2017.12.07-00.52.13:780][  0]LogWindowsTextInputMethodSystem: Display: IME system now deactivated.
[2017.12.07-00.52.13:799][  0]LogContentStreaming: Texture pool size now 1000 MB
[2017.12.07-00.52.13:854][  0]LogSlate: Took 0.000223 seconds to synchronously load lazily loaded font '../../../Engine/Content/Slate/Fonts/Roboto-Light.ttf' (159K)
[2017.12.07-00.52.13:863][  1]LogAssetRegistry: Asset discovery search completed in 10.4163 seconds
[2017.12.07-00.52.13:865][  1]LogCollectionManager: Rebuilt the object cache for 0 collections in 0.000000 seconds (found 0 objects)
[2017.12.07-00.52.13:865][  1]LogCollectionManager: Fixed up redirectors for 0 collections in 0.000057 seconds (updated 0 objects)
[2017.12.07-00.52.14:814][109]LogSlate: Took 0.000232 seconds to synchronously load lazily loaded font '../../../Engine/Content/Slate/Fonts/Roboto-Light.ttf' (159K)
[2017.12.07-00.52.25:374][757]LogEditorViewport: Clicking on Actor (LMB): BP_2DSideScrollerCharacter_C (TP_2DSideScrollerCharacter)
[2017.12.07-00.52.31:427][121]LogTemp: Repeating last play command: Selected Viewport
[2017.12.07-00.52.31:466][121]LogBlueprintUserMessages: Early PlayInEditor Detection: Level '/Game/2DSideScrollerCPP/Maps/2DSideScrollerExampleMap.2DSideScrollerExampleMap:PersistentLevel' has LevelScriptBlueprint '/Game/2DSideScrollerCPP/Maps/2DSideScrollerExampleMap.2DSideScrollerExampleMap:PersistentLevel.2DSideScrollerExampleMap' with GeneratedClass '/Game/2DSideScrollerCPP/Maps/2DSideScrollerExampleMap.2DSideScrollerExampleMap_C' with ClassGeneratedBy '/Game/2DSideScrollerCPP/Maps/2DSideScrollerExampleMap.2DSideScrollerExampleMap:PersistentLevel.2DSideScrollerExampleMap'
[2017.12.07-00.52.31:466][121]LogPlayLevel: PlayLevel: No blueprints needed recompiling
[2017.12.07-00.52.31:466][121]PIE: New page: PIE session: 2DSideScrollerExampleMap (Dec 6, 2017, 10:52:31 AM)
[2017.12.07-00.52.31:466][121]LogPlayLevel: Creating play world package: /Game/2DSideScrollerCPP/Maps/UEDPIE_0_2DSideScrollerExampleMap
[2017.12.07-00.52.31:469][121]LogPlayLevel: PIE: StaticDuplicateObject took: (0.002980s)
[2017.12.07-00.52.31:470][121]LogAIModule: Creating AISystem for world 2DSideScrollerExampleMap
[2017.12.07-00.52.31:470][121]LogPlayLevel: PIE: World Init took: (0.000548s)
[2017.12.07-00.52.31:470][121]LogPlayLevel: PIE: Created PIE world by copying editor world from /Game/2DSideScrollerCPP/Maps/2DSideScrollerExampleMap.2DSideScrollerExampleMap to /Game/2DSideScrollerCPP/Maps/UEDPIE_0_2DSideScrollerExampleMap.2DSideScrollerExampleMap (0.003747s)
[2017.12.07-00.52.31:513][121]LogInit: XAudio2 using 'Headphones (High Definition Audio Device)' : 2 channels at 48 kHz using 16 bits per sample (channel mask 0x3)
[2017.12.07-00.52.31:518][121]LogInit: FAudioDevice initialized.
[2017.12.07-00.52.31:564][121]LogLoad: Game class is 'CastleOfPerditionGameMode'
[2017.12.07-00.52.31:567][121]LogWorld: Bringing World /Game/2DSideScrollerCPP/Maps/UEDPIE_0_2DSideScrollerExampleMap.2DSideScrollerExampleMap up for play (max tick rate 0) at 2017.12.06-17.52.31
[2017.12.07-00.52.31:567][121]LogWorld: Bringing up level for play took: 0.001544
[2017.12.07-00.52.31:604][121]LogContentBrowser: Native class hierarchy updated for 'MovieSceneCapture' in 0.0008 seconds. Added 11 classes and 0 folders.
[2017.12.07-00.52.31:605][121]PIE: Play in editor start time for /Game/2DSideScrollerCPP/Maps/UEDPIE_0_2DSideScrollerExampleMap 0.078
[2017.12.07-00.52.31:605][121]LogBlueprintUserMessages: Late PlayInEditor Detection: Level '/Game/2DSideScrollerCPP/Maps/2DSideScrollerExampleMap.2DSideScrollerExampleMap:PersistentLevel' has LevelScriptBlueprint '/Game/2DSideScrollerCPP/Maps/2DSideScrollerExampleMap.2DSideScrollerExampleMap:PersistentLevel.2DSideScrollerExampleMap' with GeneratedClass '/Game/2DSideScrollerCPP/Maps/2DSideScrollerExampleMap.2DSideScrollerExampleMap_C' with ClassGeneratedBy '/Game/2DSideScrollerCPP/Maps/2DSideScrollerExampleMap.2DSideScrollerExampleMap:PersistentLevel.2DSideScrollerExampleMap'
[2017.12.07-00.53.03:615][174]LogBlueprintUserMessages: Early EndPlayMap Detection: Level '/Game/2DSideScrollerCPP/Maps/2DSideScrollerExampleMap.2DSideScrollerExampleMap:PersistentLevel' has LevelScriptBlueprint '/Game/2DSideScrollerCPP/Maps/2DSideScrollerExampleMap.2DSideScrollerExampleMap:PersistentLevel.2DSideScrollerExampleMap' with GeneratedClass '/Game/2DSideScrollerCPP/Maps/2DSideScrollerExampleMap.2DSideScrollerExampleMap_C' with ClassGeneratedBy '/Game/2DSideScrollerCPP/Maps/2DSideScrollerExampleMap.2DSideScrollerExampleMap:PersistentLevel.2DSideScrollerExampleMap'
[2017.12.07-00.53.03:666][174]LogBlueprintUserMessages: Late EndPlayMap Detection: Level '/Game/2DSideScrollerCPP/Maps/2DSideScrollerExampleMap.2DSideScrollerExampleMap:PersistentLevel' has LevelScriptBlueprint '/Game/2DSideScrollerCPP/Maps/2DSideScrollerExampleMap.2DSideScrollerExampleMap:PersistentLevel.2DSideScrollerExampleMap' with GeneratedClass '/Game/2DSideScrollerCPP/Maps/2DSideScrollerExampleMap.2DSideScrollerExampleMap_C' with ClassGeneratedBy '/Game/2DSideScrollerCPP/Maps/2DSideScrollerExampleMap.2DSideScrollerExampleMap:PersistentLevel.2DSideScrollerExampleMap'
[2017.12.07-00.53.12:549][492]LogSlate: Took 0.000179 seconds to synchronously load lazily loaded font '../../../Engine/Content/Slate/Fonts/Roboto-Light.ttf' (159K)
[2017.12.07-00.53.12:949][492]LogContentBrowser: Native class hierarchy updated for 'BlueprintGraph' in 0.0010 seconds. Added 116 classes and 0 folders.
[2017.12.07-00.53.13:556][492]LogSlate: Took 0.000128 seconds to synchronously load lazily loaded font '../../../Engine/Content/Slate/Fonts/Roboto-Regular.ttf' (155K)
[2017.12.07-00.53.13:631][492]LogSlate: Took 0.000172 seconds to synchronously load lazily loaded font '../../../Engine/Content/Editor/Slate/Fonts/Roboto-BoldCondensed.ttf' (158K)
[2017.12.07-00.53.14:029][493]LogSlate: Took 0.000193 seconds to synchronously load lazily loaded font '../../../Engine/Content/Editor/Slate/Fonts/Roboto-Italic.ttf' (157K)
[2017.12.07-00.54.51:522][ 52]LogRenderer: Reallocating scene render targets to support 1304x712 Format 10 NumSamples 1 (Frame:3576).
[2017.12.07-00.55.13:431][174]BlueprintLog: New page: Compile BP_2DSideScrollerCharacter
[2017.12.07-00.55.14:992][203]LogSavePackage: Save=231.89ms
[2017.12.07-00.55.14:992][203]LogSavePackage: Moving '../../../../../../Users/u1141834/Documents/GitHub/Team_heresy/CastleOfPerdition/Saved/BP_2DSideScrollerCharacter9E30AB144AA0205C89B21B8C85450861.tmp' to '../../../../../../Users/u1141834/Documents/GitHub/Team_heresy/CastleOfPerdition/Content/2DSideScrollerCPP/Blueprints/BP_2DSideScrollerCharacter.uasset'
[2017.12.07-00.55.14:995][203]LogSavePackage: Display: Finished SavePackage ../../../../../../Users/u1141834/Documents/GitHub/Team_heresy/CastleOfPerdition/Content/2DSideScrollerCPP/Blueprints/BP_2DSideScrollerCharacter.uasset
[2017.12.07-00.55.25:195][798]LogTemp: Repeating last play command: Selected Viewport
[2017.12.07-00.55.25:229][798]LogBlueprintUserMessages: Early PlayInEditor Detection: Level '/Game/2DSideScrollerCPP/Maps/2DSideScrollerExampleMap.2DSideScrollerExampleMap:PersistentLevel' has LevelScriptBlueprint '/Game/2DSideScrollerCPP/Maps/2DSideScrollerExampleMap.2DSideScrollerExampleMap:PersistentLevel.2DSideScrollerExampleMap' with GeneratedClass '/Game/2DSideScrollerCPP/Maps/2DSideScrollerExampleMap.2DSideScrollerExampleMap_C' with ClassGeneratedBy '/Game/2DSideScrollerCPP/Maps/2DSideScrollerExampleMap.2DSideScrollerExampleMap:PersistentLevel.2DSideScrollerExampleMap'
[2017.12.07-00.55.25:229][798]LogPlayLevel: PlayLevel: No blueprints needed recompiling
[2017.12.07-00.55.25:229][798]PIE: New page: PIE session: 2DSideScrollerExampleMap (Dec 6, 2017, 10:55:25 AM)
[2017.12.07-00.55.25:229][798]LogPlayLevel: Creating play world package: /Game/2DSideScrollerCPP/Maps/UEDPIE_0_2DSideScrollerExampleMap
[2017.12.07-00.55.25:232][798]LogPlayLevel: PIE: StaticDuplicateObject took: (0.003112s)
[2017.12.07-00.55.25:233][798]LogAIModule: Creating AISystem for world 2DSideScrollerExampleMap
[2017.12.07-00.55.25:233][798]LogPlayLevel: PIE: World Init took: (0.000598s)
[2017.12.07-00.55.25:233][798]LogPlayLevel: PIE: Created PIE world by copying editor world from /Game/2DSideScrollerCPP/Maps/2DSideScrollerExampleMap.2DSideScrollerExampleMap to /Game/2DSideScrollerCPP/Maps/UEDPIE_0_2DSideScrollerExampleMap.2DSideScrollerExampleMap (0.003949s)
[2017.12.07-00.55.25:258][798]LogInit: XAudio2 using 'Headphones (High Definition Audio Device)' : 2 channels at 48 kHz using 16 bits per sample (channel mask 0x3)
[2017.12.07-00.55.25:263][798]LogInit: FAudioDevice initialized.
[2017.12.07-00.55.25:293][798]LogLoad: Game class is 'CastleOfPerditionGameMode'
[2017.12.07-00.55.25:295][798]LogWorld: Bringing World /Game/2DSideScrollerCPP/Maps/UEDPIE_0_2DSideScrollerExampleMap.2DSideScrollerExampleMap up for play (max tick rate 0) at 2017.12.06-17.55.25
[2017.12.07-00.55.25:295][798]LogWorld: Bringing up level for play took: 0.001419
[2017.12.07-00.55.25:296][798]PIE: Play in editor start time for /Game/2DSideScrollerCPP/Maps/UEDPIE_0_2DSideScrollerExampleMap -0.228
[2017.12.07-00.55.25:297][798]LogBlueprintUserMessages: Late PlayInEditor Detection: Level '/Game/2DSideScrollerCPP/Maps/2DSideScrollerExampleMap.2DSideScrollerExampleMap:PersistentLevel' has LevelScriptBlueprint '/Game/2DSideScrollerCPP/Maps/2DSideScrollerExampleMap.2DSideScrollerExampleMap:PersistentLevel.2DSideScrollerExampleMap' with GeneratedClass '/Game/2DSideScrollerCPP/Maps/2DSideScrollerExampleMap.2DSideScrollerExampleMap_C' with ClassGeneratedBy '/Game/2DSideScrollerCPP/Maps/2DSideScrollerExampleMap.2DSideScrollerExampleMap:PersistentLevel.2DSideScrollerExampleMap'
[2017.12.07-00.55.44:191][180]LogBlueprintUserMessages: Early EndPlayMap Detection: Level '/Game/2DSideScrollerCPP/Maps/2DSideScrollerExampleMap.2DSideScrollerExampleMap:PersistentLevel' has LevelScriptBlueprint '/Game/2DSideScrollerCPP/Maps/2DSideScrollerExampleMap.2DSideScrollerExampleMap:PersistentLevel.2DSideScrollerExampleMap' with GeneratedClass '/Game/2DSideScrollerCPP/Maps/2DSideScrollerExampleMap.2DSideScrollerExampleMap_C' with ClassGeneratedBy '/Game/2DSideScrollerCPP/Maps/2DSideScrollerExampleMap.2DSideScrollerExampleMap:PersistentLevel.2DSideScrollerExampleMap'
[2017.12.07-00.55.44:240][180]LogBlueprintUserMessages: Late EndPlayMap Detection: Level '/Game/2DSideScrollerCPP/Maps/2DSideScrollerExampleMap.2DSideScrollerExampleMap:PersistentLevel' has LevelScriptBlueprint '/Game/2DSideScrollerCPP/Maps/2DSideScrollerExampleMap.2DSideScrollerExampleMap:PersistentLevel.2DSideScrollerExampleMap' with GeneratedClass '/Game/2DSideScrollerCPP/Maps/2DSideScrollerExampleMap.2DSideScrollerExampleMap_C' with ClassGeneratedBy '/Game/2DSideScrollerCPP/Maps/2DSideScrollerExampleMap.2DSideScrollerExampleMap:PersistentLevel.2DSideScrollerExampleMap'
[2017.12.07-00.56.28:700][860]BlueprintLog: New page: Compile BP_2DSideScrollerCharacter
[2017.12.07-00.56.30:013][877]LogSavePackage: Save=231.13ms
[2017.12.07-00.56.30:013][877]LogSavePackage: Moving '../../../../../../Users/u1141834/Documents/GitHub/Team_heresy/CastleOfPerdition/Saved/BP_2DSideScrollerCharacter664EF9E3454971C66C15679652FB30C7.tmp' to '../../../../../../Users/u1141834/Documents/GitHub/Team_heresy/CastleOfPerdition/Content/2DSideScrollerCPP/Blueprints/BP_2DSideScrollerCharacter.uasset'
[2017.12.07-00.56.30:016][877]LogSavePackage: Display: Finished SavePackage ../../../../../../Users/u1141834/Documents/GitHub/Team_heresy/CastleOfPerdition/Content/2DSideScrollerCPP/Blueprints/BP_2DSideScrollerCharacter.uasset
[2017.12.07-00.57.04:679][821]BlueprintLog: New page: Compile BP_2DSideScrollerCharacter
[2017.12.07-00.57.05:849][842]LogSavePackage: Save=236.68ms
[2017.12.07-00.57.05:849][842]LogSavePackage: Moving '../../../../../../Users/u1141834/Documents/GitHub/Team_heresy/CastleOfPerdition/Saved/BP_2DSideScrollerCharacter8345463742DF7D82976C3B823CF77864.tmp' to '../../../../../../Users/u1141834/Documents/GitHub/Team_heresy/CastleOfPerdition/Content/2DSideScrollerCPP/Blueprints/BP_2DSideScrollerCharacter.uasset'
[2017.12.07-00.57.05:852][842]LogSavePackage: Display: Finished SavePackage ../../../../../../Users/u1141834/Documents/GitHub/Team_heresy/CastleOfPerdition/Content/2DSideScrollerCPP/Blueprints/BP_2DSideScrollerCharacter.uasset
[2017.12.07-00.57.06:816][894]LogTemp: Repeating last play command: Selected Viewport
[2017.12.07-00.57.06:872][894]LogBlueprintUserMessages: Early PlayInEditor Detection: Level '/Game/2DSideScrollerCPP/Maps/2DSideScrollerExampleMap.2DSideScrollerExampleMap:PersistentLevel' has LevelScriptBlueprint '/Game/2DSideScrollerCPP/Maps/2DSideScrollerExampleMap.2DSideScrollerExampleMap:PersistentLevel.2DSideScrollerExampleMap' with GeneratedClass '/Game/2DSideScrollerCPP/Maps/2DSideScrollerExampleMap.2DSideScrollerExampleMap_C' with ClassGeneratedBy '/Game/2DSideScrollerCPP/Maps/2DSideScrollerExampleMap.2DSideScrollerExampleMap:PersistentLevel.2DSideScrollerExampleMap'
[2017.12.07-00.57.06:873][894]LogPlayLevel: PlayLevel: No blueprints needed recompiling
[2017.12.07-00.57.06:873][894]PIE: New page: PIE session: 2DSideScrollerExampleMap (Dec 6, 2017, 10:57:06 AM)
[2017.12.07-00.57.06:873][894]LogPlayLevel: Creating play world package: /Game/2DSideScrollerCPP/Maps/UEDPIE_0_2DSideScrollerExampleMap
[2017.12.07-00.57.06:876][894]LogPlayLevel: PIE: StaticDuplicateObject took: (0.002980s)
[2017.12.07-00.57.06:876][894]LogAIModule: Creating AISystem for world 2DSideScrollerExampleMap
[2017.12.07-00.57.06:876][894]LogPlayLevel: PIE: World Init took: (0.000521s)
[2017.12.07-00.57.06:877][894]LogPlayLevel: PIE: Created PIE world by copying editor world from /Game/2DSideScrollerCPP/Maps/2DSideScrollerExampleMap.2DSideScrollerExampleMap to /Game/2DSideScrollerCPP/Maps/UEDPIE_0_2DSideScrollerExampleMap.2DSideScrollerExampleMap (0.003736s)
[2017.12.07-00.57.06:899][894]LogInit: XAudio2 using 'Headphones (High Definition Audio Device)' : 2 channels at 48 kHz using 16 bits per sample (channel mask 0x3)
[2017.12.07-00.57.06:905][894]LogInit: FAudioDevice initialized.
[2017.12.07-00.57.06:934][894]LogLoad: Game class is 'CastleOfPerditionGameMode'
[2017.12.07-00.57.06:936][894]LogWorld: Bringing World /Game/2DSideScrollerCPP/Maps/UEDPIE_0_2DSideScrollerExampleMap.2DSideScrollerExampleMap up for play (max tick rate 0) at 2017.12.06-17.57.06
[2017.12.07-00.57.06:936][894]LogWorld: Bringing up level for play took: 0.001350
[2017.12.07-00.57.06:937][894]PIE: Play in editor start time for /Game/2DSideScrollerCPP/Maps/UEDPIE_0_2DSideScrollerExampleMap -0.586
[2017.12.07-00.57.06:938][894]LogBlueprintUserMessages: Late PlayInEditor Detection: Level '/Game/2DSideScrollerCPP/Maps/2DSideScrollerExampleMap.2DSideScrollerExampleMap:PersistentLevel' has LevelScriptBlueprint '/Game/2DSideScrollerCPP/Maps/2DSideScrollerExampleMap.2DSideScrollerExampleMap:PersistentLevel.2DSideScrollerExampleMap' with GeneratedClass '/Game/2DSideScrollerCPP/Maps/2DSideScrollerExampleMap.2DSideScrollerExampleMap_C' with ClassGeneratedBy '/Game/2DSideScrollerCPP/Maps/2DSideScrollerExampleMap.2DSideScrollerExampleMap:PersistentLevel.2DSideScrollerExampleMap'
[2017.12.07-00.57.50:400][681]LogBlueprintUserMessages: Early EndPlayMap Detection: Level '/Game/2DSideScrollerCPP/Maps/2DSideScrollerExampleMap.2DSideScrollerExampleMap:PersistentLevel' has LevelScriptBlueprint '/Game/2DSideScrollerCPP/Maps/2DSideScrollerExampleMap.2DSideScrollerExampleMap:PersistentLevel.2DSideScrollerExampleMap' with GeneratedClass '/Game/2DSideScrollerCPP/Maps/2DSideScrollerExampleMap.2DSideScrollerExampleMap_C' with ClassGeneratedBy '/Game/2DSideScrollerCPP/Maps/2DSideScrollerExampleMap.2DSideScrollerExampleMap:PersistentLevel.2DSideScrollerExampleMap'
[2017.12.07-00.57.50:503][681]LogBlueprintUserMessages: Late EndPlayMap Detection: Level '/Game/2DSideScrollerCPP/Maps/2DSideScrollerExampleMap.2DSideScrollerExampleMap:PersistentLevel' has LevelScriptBlueprint '/Game/2DSideScrollerCPP/Maps/2DSideScrollerExampleMap.2DSideScrollerExampleMap:PersistentLevel.2DSideScrollerExampleMap' with GeneratedClass '/Game/2DSideScrollerCPP/Maps/2DSideScrollerExampleMap.2DSideScrollerExampleMap_C' with ClassGeneratedBy '/Game/2DSideScrollerCPP/Maps/2DSideScrollerExampleMap.2DSideScrollerExampleMap:PersistentLevel.2DSideScrollerExampleMap'
[2017.12.07-00.57.53:419][743]LogTemp: Repeating last play command: Selected Viewport
[2017.12.07-00.57.53:439][743]LogBlueprintUserMessages: Early PlayInEditor Detection: Level '/Game/2DSideScrollerCPP/Maps/2DSideScrollerExampleMap.2DSideScrollerExampleMap:PersistentLevel' has LevelScriptBlueprint '/Game/2DSideScrollerCPP/Maps/2DSideScrollerExampleMap.2DSideScrollerExampleMap:PersistentLevel.2DSideScrollerExampleMap' with GeneratedClass '/Game/2DSideScrollerCPP/Maps/2DSideScrollerExampleMap.2DSideScrollerExampleMap_C' with ClassGeneratedBy '/Game/2DSideScrollerCPP/Maps/2DSideScrollerExampleMap.2DSideScrollerExampleMap:PersistentLevel.2DSideScrollerExampleMap'
[2017.12.07-00.57.53:439][743]LogPlayLevel: PlayLevel: No blueprints needed recompiling
[2017.12.07-00.57.53:440][743]PIE: New page: PIE session: 2DSideScrollerExampleMap (Dec 6, 2017, 10:57:53 AM)
[2017.12.07-00.57.53:440][743]LogPlayLevel: Creating play world package: /Game/2DSideScrollerCPP/Maps/UEDPIE_0_2DSideScrollerExampleMap
[2017.12.07-00.57.53:443][743]LogPlayLevel: PIE: StaticDuplicateObject took: (0.003740s)
[2017.12.07-00.57.53:444][743]LogAIModule: Creating AISystem for world 2DSideScrollerExampleMap
[2017.12.07-00.57.53:444][743]LogPlayLevel: PIE: World Init took: (0.000518s)
[2017.12.07-00.57.53:444][743]LogPlayLevel: PIE: Created PIE world by copying editor world from /Game/2DSideScrollerCPP/Maps/2DSideScrollerExampleMap.2DSideScrollerExampleMap to /Game/2DSideScrollerCPP/Maps/UEDPIE_0_2DSideScrollerExampleMap.2DSideScrollerExampleMap (0.004475s)
[2017.12.07-00.57.53:469][743]LogInit: XAudio2 using 'Headphones (High Definition Audio Device)' : 2 channels at 48 kHz using 16 bits per sample (channel mask 0x3)
[2017.12.07-00.57.53:476][743]LogInit: FAudioDevice initialized.
[2017.12.07-00.57.53:528][743]LogLoad: Game class is 'CastleOfPerditionGameMode'
[2017.12.07-00.57.53:529][743]LogWorld: Bringing World /Game/2DSideScrollerCPP/Maps/UEDPIE_0_2DSideScrollerExampleMap.2DSideScrollerExampleMap up for play (max tick rate 0) at 2017.12.06-17.57.53
[2017.12.07-00.57.53:530][743]LogWorld: Bringing up level for play took: 0.001497
[2017.12.07-00.57.53:531][743]PIE: Play in editor start time for /Game/2DSideScrollerCPP/Maps/UEDPIE_0_2DSideScrollerExampleMap 0.008
[2017.12.07-00.57.53:531][743]LogBlueprintUserMessages: Late PlayInEditor Detection: Level '/Game/2DSideScrollerCPP/Maps/2DSideScrollerExampleMap.2DSideScrollerExampleMap:PersistentLevel' has LevelScriptBlueprint '/Game/2DSideScrollerCPP/Maps/2DSideScrollerExampleMap.2DSideScrollerExampleMap:PersistentLevel.2DSideScrollerExampleMap' with GeneratedClass '/Game/2DSideScrollerCPP/Maps/2DSideScrollerExampleMap.2DSideScrollerExampleMap_C' with ClassGeneratedBy '/Game/2DSideScrollerCPP/Maps/2DSideScrollerExampleMap.2DSideScrollerExampleMap:PersistentLevel.2DSideScrollerExampleMap'
[2017.12.07-00.59.28:926][180]LogBlueprintUserMessages: Early EndPlayMap Detection: Level '/Game/2DSideScrollerCPP/Maps/2DSideScrollerExampleMap.2DSideScrollerExampleMap:PersistentLevel' has LevelScriptBlueprint '/Game/2DSideScrollerCPP/Maps/2DSideScrollerExampleMap.2DSideScrollerExampleMap:PersistentLevel.2DSideScrollerExampleMap' with GeneratedClass '/Game/2DSideScrollerCPP/Maps/2DSideScrollerExampleMap.2DSideScrollerExampleMap_C' with ClassGeneratedBy '/Game/2DSideScrollerCPP/Maps/2DSideScrollerExampleMap.2DSideScrollerExampleMap:PersistentLevel.2DSideScrollerExampleMap'
[2017.12.07-00.59.28:961][180]LogBlueprintUserMessages: Late EndPlayMap Detection: Level '/Game/2DSideScrollerCPP/Maps/2DSideScrollerExampleMap.2DSideScrollerExampleMap:PersistentLevel' has LevelScriptBlueprint '/Game/2DSideScrollerCPP/Maps/2DSideScrollerExampleMap.2DSideScrollerExampleMap:PersistentLevel.2DSideScrollerExampleMap' with GeneratedClass '/Game/2DSideScrollerCPP/Maps/2DSideScrollerExampleMap.2DSideScrollerExampleMap_C' with ClassGeneratedBy '/Game/2DSideScrollerCPP/Maps/2DSideScrollerExampleMap.2DSideScrollerExampleMap:PersistentLevel.2DSideScrollerExampleMap'
[2017.12.07-00.59.53:856][954]LogTemp: Repeating last play command: Selected Viewport
[2017.12.07-00.59.53:877][954]LogBlueprintUserMessages: Early PlayInEditor Detection: Level '/Game/2DSideScrollerCPP/Maps/2DSideScrollerExampleMap.2DSideScrollerExampleMap:PersistentLevel' has LevelScriptBlueprint '/Game/2DSideScrollerCPP/Maps/2DSideScrollerExampleMap.2DSideScrollerExampleMap:PersistentLevel.2DSideScrollerExampleMap' with GeneratedClass '/Game/2DSideScrollerCPP/Maps/2DSideScrollerExampleMap.2DSideScrollerExampleMap_C' with ClassGeneratedBy '/Game/2DSideScrollerCPP/Maps/2DSideScrollerExampleMap.2DSideScrollerExampleMap:PersistentLevel.2DSideScrollerExampleMap'
[2017.12.07-00.59.53:877][954]LogPlayLevel: PlayLevel: No blueprints needed recompiling
[2017.12.07-00.59.53:877][954]PIE: New page: PIE session: 2DSideScrollerExampleMap (Dec 6, 2017, 10:59:53 AM)
[2017.12.07-00.59.53:877][954]LogPlayLevel: Creating play world package: /Game/2DSideScrollerCPP/Maps/UEDPIE_0_2DSideScrollerExampleMap
[2017.12.07-00.59.53:880][954]LogPlayLevel: PIE: StaticDuplicateObject took: (0.003049s)
[2017.12.07-00.59.53:881][954]LogAIModule: Creating AISystem for world 2DSideScrollerExampleMap
[2017.12.07-00.59.53:881][954]LogPlayLevel: PIE: World Init took: (0.000595s)
[2017.12.07-00.59.53:881][954]LogPlayLevel: PIE: Created PIE world by copying editor world from /Game/2DSideScrollerCPP/Maps/2DSideScrollerExampleMap.2DSideScrollerExampleMap to /Game/2DSideScrollerCPP/Maps/UEDPIE_0_2DSideScrollerExampleMap.2DSideScrollerExampleMap (0.003846s)
[2017.12.07-00.59.53:905][954]LogInit: XAudio2 using 'Headphones (High Definition Audio Device)' : 2 channels at 48 kHz using 16 bits per sample (channel mask 0x3)
[2017.12.07-00.59.53:912][954]LogInit: FAudioDevice initialized.
[2017.12.07-00.59.53:959][954]LogLoad: Game class is 'CastleOfPerditionGameMode'
[2017.12.07-00.59.53:960][954]LogWorld: Bringing World /Game/2DSideScrollerCPP/Maps/UEDPIE_0_2DSideScrollerExampleMap.2DSideScrollerExampleMap up for play (max tick rate 0) at 2017.12.06-17.59.53
[2017.12.07-00.59.53:961][954]LogWorld: Bringing up level for play took: 0.001392
[2017.12.07-00.59.53:962][954]PIE: Play in editor start time for /Game/2DSideScrollerCPP/Maps/UEDPIE_0_2DSideScrollerExampleMap 0.441
[2017.12.07-00.59.53:963][954]LogBlueprintUserMessages: Late PlayInEditor Detection: Level '/Game/2DSideScrollerCPP/Maps/2DSideScrollerExampleMap.2DSideScrollerExampleMap:PersistentLevel' has LevelScriptBlueprint '/Game/2DSideScrollerCPP/Maps/2DSideScrollerExampleMap.2DSideScrollerExampleMap:PersistentLevel.2DSideScrollerExampleMap' with GeneratedClass '/Game/2DSideScrollerCPP/Maps/2DSideScrollerExampleMap.2DSideScrollerExampleMap_C' with ClassGeneratedBy '/Game/2DSideScrollerCPP/Maps/2DSideScrollerExampleMap.2DSideScrollerExampleMap:PersistentLevel.2DSideScrollerExampleMap'
[2017.12.07-01.01.36:360][229]LogBlueprintUserMessages: Early EndPlayMap Detection: Level '/Game/2DSideScrollerCPP/Maps/2DSideScrollerExampleMap.2DSideScrollerExampleMap:PersistentLevel' has LevelScriptBlueprint '/Game/2DSideScrollerCPP/Maps/2DSideScrollerExampleMap.2DSideScrollerExampleMap:PersistentLevel.2DSideScrollerExampleMap' with GeneratedClass '/Game/2DSideScrollerCPP/Maps/2DSideScrollerExampleMap.2DSideScrollerExampleMap_C' with ClassGeneratedBy '/Game/2DSideScrollerCPP/Maps/2DSideScrollerExampleMap.2DSideScrollerExampleMap:PersistentLevel.2DSideScrollerExampleMap'
[2017.12.07-01.01.36:430][229]LogBlueprintUserMessages: Late EndPlayMap Detection: Level '/Game/2DSideScrollerCPP/Maps/2DSideScrollerExampleMap.2DSideScrollerExampleMap:PersistentLevel' has LevelScriptBlueprint '/Game/2DSideScrollerCPP/Maps/2DSideScrollerExampleMap.2DSideScrollerExampleMap:PersistentLevel.2DSideScrollerExampleMap' with GeneratedClass '/Game/2DSideScrollerCPP/Maps/2DSideScrollerExampleMap.2DSideScrollerExampleMap_C' with ClassGeneratedBy '/Game/2DSideScrollerCPP/Maps/2DSideScrollerExampleMap.2DSideScrollerExampleMap:PersistentLevel.2DSideScrollerExampleMap'
[2017.12.07-01.01.37:913][361]LogTemp: Repeating last play command: Selected Viewport
[2017.12.07-01.01.37:935][361]LogBlueprintUserMessages: Early PlayInEditor Detection: Level '/Game/2DSideScrollerCPP/Maps/2DSideScrollerExampleMap.2DSideScrollerExampleMap:PersistentLevel' has LevelScriptBlueprint '/Game/2DSideScrollerCPP/Maps/2DSideScrollerExampleMap.2DSideScrollerExampleMap:PersistentLevel.2DSideScrollerExampleMap' with GeneratedClass '/Game/2DSideScrollerCPP/Maps/2DSideScrollerExampleMap.2DSideScrollerExampleMap_C' with ClassGeneratedBy '/Game/2DSideScrollerCPP/Maps/2DSideScrollerExampleMap.2DSideScrollerExampleMap:PersistentLevel.2DSideScrollerExampleMap'
[2017.12.07-01.01.37:935][361]LogPlayLevel: PlayLevel: No blueprints needed recompiling
[2017.12.07-01.01.37:935][361]PIE: New page: PIE session: 2DSideScrollerExampleMap (Dec 6, 2017, 11:01:37 AM)
[2017.12.07-01.01.37:935][361]LogPlayLevel: Creating play world package: /Game/2DSideScrollerCPP/Maps/UEDPIE_0_2DSideScrollerExampleMap
[2017.12.07-01.01.37:939][361]LogPlayLevel: PIE: StaticDuplicateObject took: (0.003360s)
[2017.12.07-01.01.37:939][361]LogAIModule: Creating AISystem for world 2DSideScrollerExampleMap
[2017.12.07-01.01.37:939][361]LogPlayLevel: PIE: World Init took: (0.000575s)
[2017.12.07-01.01.37:940][361]LogPlayLevel: PIE: Created PIE world by copying editor world from /Game/2DSideScrollerCPP/Maps/2DSideScrollerExampleMap.2DSideScrollerExampleMap to /Game/2DSideScrollerCPP/Maps/UEDPIE_0_2DSideScrollerExampleMap.2DSideScrollerExampleMap (0.004208s)
[2017.12.07-01.01.37:965][361]LogInit: XAudio2 using 'Headphones (High Definition Audio Device)' : 2 channels at 48 kHz using 16 bits per sample (channel mask 0x3)
[2017.12.07-01.01.37:971][361]LogInit: FAudioDevice initialized.
[2017.12.07-01.01.38:023][361]LogLoad: Game class is 'CastleOfPerditionGameMode'
[2017.12.07-01.01.38:025][361]LogWorld: Bringing World /Game/2DSideScrollerCPP/Maps/UEDPIE_0_2DSideScrollerExampleMap.2DSideScrollerExampleMap up for play (max tick rate 0) at 2017.12.06-18.01.38
[2017.12.07-01.01.38:025][361]LogWorld: Bringing up level for play took: 0.001609
[2017.12.07-01.01.38:027][361]PIE: Play in editor start time for /Game/2DSideScrollerCPP/Maps/UEDPIE_0_2DSideScrollerExampleMap 0.507
[2017.12.07-01.01.38:027][361]LogBlueprintUserMessages: Late PlayInEditor Detection: Level '/Game/2DSideScrollerCPP/Maps/2DSideScrollerExampleMap.2DSideScrollerExampleMap:PersistentLevel' has LevelScriptBlueprint '/Game/2DSideScrollerCPP/Maps/2DSideScrollerExampleMap.2DSideScrollerExampleMap:PersistentLevel.2DSideScrollerExampleMap' with GeneratedClass '/Game/2DSideScrollerCPP/Maps/2DSideScrollerExampleMap.2DSideScrollerExampleMap_C' with ClassGeneratedBy '/Game/2DSideScrollerCPP/Maps/2DSideScrollerExampleMap.2DSideScrollerExampleMap:PersistentLevel.2DSideScrollerExampleMap'
[2017.12.07-01.02.18:883][257]LogBlueprintUserMessages: Early EndPlayMap Detection: Level '/Game/2DSideScrollerCPP/Maps/2DSideScrollerExampleMap.2DSideScrollerExampleMap:PersistentLevel' has LevelScriptBlueprint '/Game/2DSideScrollerCPP/Maps/2DSideScrollerExampleMap.2DSideScrollerExampleMap:PersistentLevel.2DSideScrollerExampleMap' with GeneratedClass '/Game/2DSideScrollerCPP/Maps/2DSideScrollerExampleMap.2DSideScrollerExampleMap_C' with ClassGeneratedBy '/Game/2DSideScrollerCPP/Maps/2DSideScrollerExampleMap.2DSideScrollerExampleMap:PersistentLevel.2DSideScrollerExampleMap'
[2017.12.07-01.02.18:921][257]LogBlueprintUserMessages: Late EndPlayMap Detection: Level '/Game/2DSideScrollerCPP/Maps/2DSideScrollerExampleMap.2DSideScrollerExampleMap:PersistentLevel' has LevelScriptBlueprint '/Game/2DSideScrollerCPP/Maps/2DSideScrollerExampleMap.2DSideScrollerExampleMap:PersistentLevel.2DSideScrollerExampleMap' with GeneratedClass '/Game/2DSideScrollerCPP/Maps/2DSideScrollerExampleMap.2DSideScrollerExampleMap_C' with ClassGeneratedBy '/Game/2DSideScrollerCPP/Maps/2DSideScrollerExampleMap.2DSideScrollerExampleMap:PersistentLevel.2DSideScrollerExampleMap'
[2017.12.07-01.02.27:608][951]LogEditorViewport: Clicking on Actor (LMB): BP_2DSideScrollerCharacter_C (TP_2DSideScrollerCharacter)
[2017.12.07-01.02.33:670][510]LogEditorViewport: Clicking on Actor (LMB): BP_2DSideScrollerCharacter_C (TP_2DSideScrollerCharacter)
[2017.12.07-01.02.34:476][587]LogEditorViewport: Clicking on Actor (LMB): BP_2DSideScrollerCharacter_C (TP_2DSideScrollerCharacter)
[2017.12.07-01.02.44:168][250]LogTemp: Repeating last play command: Selected Viewport
[2017.12.07-01.02.44:188][250]LogBlueprintUserMessages: Early PlayInEditor Detection: Level '/Game/2DSideScrollerCPP/Maps/2DSideScrollerExampleMap.2DSideScrollerExampleMap:PersistentLevel' has LevelScriptBlueprint '/Game/2DSideScrollerCPP/Maps/2DSideScrollerExampleMap.2DSideScrollerExampleMap:PersistentLevel.2DSideScrollerExampleMap' with GeneratedClass '/Game/2DSideScrollerCPP/Maps/2DSideScrollerExampleMap.2DSideScrollerExampleMap_C' with ClassGeneratedBy '/Game/2DSideScrollerCPP/Maps/2DSideScrollerExampleMap.2DSideScrollerExampleMap:PersistentLevel.2DSideScrollerExampleMap'
[2017.12.07-01.02.44:188][250]LogPlayLevel: PlayLevel: No blueprints needed recompiling
[2017.12.07-01.02.44:188][250]PIE: New page: PIE session: 2DSideScrollerExampleMap (Dec 6, 2017, 11:02:44 AM)
[2017.12.07-01.02.44:188][250]LogPlayLevel: Creating play world package: /Game/2DSideScrollerCPP/Maps/UEDPIE_0_2DSideScrollerExampleMap
[2017.12.07-01.02.44:191][250]LogPlayLevel: PIE: StaticDuplicateObject took: (0.002965s)
[2017.12.07-01.02.44:191][250]LogAIModule: Creating AISystem for world 2DSideScrollerExampleMap
[2017.12.07-01.02.44:192][250]LogPlayLevel: PIE: World Init took: (0.000505s)
[2017.12.07-01.02.44:192][250]LogPlayLevel: PIE: Created PIE world by copying editor world from /Game/2DSideScrollerCPP/Maps/2DSideScrollerExampleMap.2DSideScrollerExampleMap to /Game/2DSideScrollerCPP/Maps/UEDPIE_0_2DSideScrollerExampleMap.2DSideScrollerExampleMap (0.003708s)
[2017.12.07-01.02.44:242][250]LogInit: XAudio2 using 'Headphones (High Definition Audio Device)' : 2 channels at 48 kHz using 16 bits per sample (channel mask 0x3)
[2017.12.07-01.02.44:248][250]LogInit: FAudioDevice initialized.
[2017.12.07-01.02.44:283][250]LogLoad: Game class is 'CastleOfPerditionGameMode'
[2017.12.07-01.02.44:284][250]LogWorld: Bringing World /Game/2DSideScrollerCPP/Maps/UEDPIE_0_2DSideScrollerExampleMap.2DSideScrollerExampleMap up for play (max tick rate 0) at 2017.12.06-18.02.44
[2017.12.07-01.02.44:285][250]LogWorld: Bringing up level for play took: 0.001382
[2017.12.07-01.02.44:286][250]PIE: Play in editor start time for /Game/2DSideScrollerCPP/Maps/UEDPIE_0_2DSideScrollerExampleMap 0.767
[2017.12.07-01.02.44:286][250]LogBlueprintUserMessages: Late PlayInEditor Detection: Level '/Game/2DSideScrollerCPP/Maps/2DSideScrollerExampleMap.2DSideScrollerExampleMap:PersistentLevel' has LevelScriptBlueprint '/Game/2DSideScrollerCPP/Maps/2DSideScrollerExampleMap.2DSideScrollerExampleMap:PersistentLevel.2DSideScrollerExampleMap' with GeneratedClass '/Game/2DSideScrollerCPP/Maps/2DSideScrollerExampleMap.2DSideScrollerExampleMap_C' with ClassGeneratedBy '/Game/2DSideScrollerCPP/Maps/2DSideScrollerExampleMap.2DSideScrollerExampleMap:PersistentLevel.2DSideScrollerExampleMap'
[2017.12.07-01.02.57:373][819]LogBlueprintUserMessages: Early EndPlayMap Detection: Level '/Game/2DSideScrollerCPP/Maps/2DSideScrollerExampleMap.2DSideScrollerExampleMap:PersistentLevel' has LevelScriptBlueprint '/Game/2DSideScrollerCPP/Maps/2DSideScrollerExampleMap.2DSideScrollerExampleMap:PersistentLevel.2DSideScrollerExampleMap' with GeneratedClass '/Game/2DSideScrollerCPP/Maps/2DSideScrollerExampleMap.2DSideScrollerExampleMap_C' with ClassGeneratedBy '/Game/2DSideScrollerCPP/Maps/2DSideScrollerExampleMap.2DSideScrollerExampleMap:PersistentLevel.2DSideScrollerExampleMap'
[2017.12.07-01.02.57:408][819]LogBlueprintUserMessages: Late EndPlayMap Detection: Level '/Game/2DSideScrollerCPP/Maps/2DSideScrollerExampleMap.2DSideScrollerExampleMap:PersistentLevel' has LevelScriptBlueprint '/Game/2DSideScrollerCPP/Maps/2DSideScrollerExampleMap.2DSideScrollerExampleMap:PersistentLevel.2DSideScrollerExampleMap' with GeneratedClass '/Game/2DSideScrollerCPP/Maps/2DSideScrollerExampleMap.2DSideScrollerExampleMap_C' with ClassGeneratedBy '/Game/2DSideScrollerCPP/Maps/2DSideScrollerExampleMap.2DSideScrollerExampleMap:PersistentLevel.2DSideScrollerExampleMap'
[2017.12.07-01.03.03:094][427]LogEditorViewport: Clicking on Actor (LMB): BP_2DSideScrollerCharacter_C (TP_2DSideScrollerCharacter)
[2017.12.07-01.03.13:141][247]LogTemp: Repeating last play command: Selected Viewport
[2017.12.07-01.03.13:164][247]LogBlueprintUserMessages: Early PlayInEditor Detection: Level '/Game/2DSideScrollerCPP/Maps/2DSideScrollerExampleMap.2DSideScrollerExampleMap:PersistentLevel' has LevelScriptBlueprint '/Game/2DSideScrollerCPP/Maps/2DSideScrollerExampleMap.2DSideScrollerExampleMap:PersistentLevel.2DSideScrollerExampleMap' with GeneratedClass '/Game/2DSideScrollerCPP/Maps/2DSideScrollerExampleMap.2DSideScrollerExampleMap_C' with ClassGeneratedBy '/Game/2DSideScrollerCPP/Maps/2DSideScrollerExampleMap.2DSideScrollerExampleMap:PersistentLevel.2DSideScrollerExampleMap'
[2017.12.07-01.03.13:164][247]LogPlayLevel: PlayLevel: No blueprints needed recompiling
[2017.12.07-01.03.13:165][247]PIE: New page: PIE session: 2DSideScrollerExampleMap (Dec 6, 2017, 11:03:13 AM)
[2017.12.07-01.03.13:165][247]LogPlayLevel: Creating play world package: /Game/2DSideScrollerCPP/Maps/UEDPIE_0_2DSideScrollerExampleMap
[2017.12.07-01.03.13:168][247]LogPlayLevel: PIE: StaticDuplicateObject took: (0.003623s)
[2017.12.07-01.03.13:169][247]LogAIModule: Creating AISystem for world 2DSideScrollerExampleMap
[2017.12.07-01.03.13:169][247]LogPlayLevel: PIE: World Init took: (0.000521s)
[2017.12.07-01.03.13:169][247]LogPlayLevel: PIE: Created PIE world by copying editor world from /Game/2DSideScrollerCPP/Maps/2DSideScrollerExampleMap.2DSideScrollerExampleMap to /Game/2DSideScrollerCPP/Maps/UEDPIE_0_2DSideScrollerExampleMap.2DSideScrollerExampleMap (0.004394s)
[2017.12.07-01.03.13:219][247]LogInit: XAudio2 using 'Headphones (High Definition Audio Device)' : 2 channels at 48 kHz using 16 bits per sample (channel mask 0x3)
[2017.12.07-01.03.13:225][247]LogInit: FAudioDevice initialized.
[2017.12.07-01.03.13:259][247]LogLoad: Game class is 'CastleOfPerditionGameMode'
[2017.12.07-01.03.13:261][247]LogWorld: Bringing World /Game/2DSideScrollerCPP/Maps/UEDPIE_0_2DSideScrollerExampleMap.2DSideScrollerExampleMap up for play (max tick rate 0) at 2017.12.06-18.03.13
[2017.12.07-01.03.13:261][247]LogWorld: Bringing up level for play took: 0.001422
[2017.12.07-01.03.13:262][247]PIE: Play in editor start time for /Game/2DSideScrollerCPP/Maps/UEDPIE_0_2DSideScrollerExampleMap -0.256
[2017.12.07-01.03.13:262][247]LogBlueprintUserMessages: Late PlayInEditor Detection: Level '/Game/2DSideScrollerCPP/Maps/2DSideScrollerExampleMap.2DSideScrollerExampleMap:PersistentLevel' has LevelScriptBlueprint '/Game/2DSideScrollerCPP/Maps/2DSideScrollerExampleMap.2DSideScrollerExampleMap:PersistentLevel.2DSideScrollerExampleMap' with GeneratedClass '/Game/2DSideScrollerCPP/Maps/2DSideScrollerExampleMap.2DSideScrollerExampleMap_C' with ClassGeneratedBy '/Game/2DSideScrollerCPP/Maps/2DSideScrollerExampleMap.2DSideScrollerExampleMap:PersistentLevel.2DSideScrollerExampleMap'
[2017.12.07-01.03.17:297][730]LogBlueprintUserMessages: Early EndPlayMap Detection: Level '/Game/2DSideScrollerCPP/Maps/2DSideScrollerExampleMap.2DSideScrollerExampleMap:PersistentLevel' has LevelScriptBlueprint '/Game/2DSideScrollerCPP/Maps/2DSideScrollerExampleMap.2DSideScrollerExampleMap:PersistentLevel.2DSideScrollerExampleMap' with GeneratedClass '/Game/2DSideScrollerCPP/Maps/2DSideScrollerExampleMap.2DSideScrollerExampleMap_C' with ClassGeneratedBy '/Game/2DSideScrollerCPP/Maps/2DSideScrollerExampleMap.2DSideScrollerExampleMap:PersistentLevel.2DSideScrollerExampleMap'
[2017.12.07-01.03.17:332][730]LogBlueprintUserMessages: Late EndPlayMap Detection: Level '/Game/2DSideScrollerCPP/Maps/2DSideScrollerExampleMap.2DSideScrollerExampleMap:PersistentLevel' has LevelScriptBlueprint '/Game/2DSideScrollerCPP/Maps/2DSideScrollerExampleMap.2DSideScrollerExampleMap:PersistentLevel.2DSideScrollerExampleMap' with GeneratedClass '/Game/2DSideScrollerCPP/Maps/2DSideScrollerExampleMap.2DSideScrollerExampleMap_C' with ClassGeneratedBy '/Game/2DSideScrollerCPP/Maps/2DSideScrollerExampleMap.2DSideScrollerExampleMap:PersistentLevel.2DSideScrollerExampleMap'
[2017.12.07-01.04.23:703][ 57]LogTemp: Repeating last play command: Selected Viewport
[2017.12.07-01.04.23:723][ 57]LogBlueprintUserMessages: Early PlayInEditor Detection: Level '/Game/2DSideScrollerCPP/Maps/2DSideScrollerExampleMap.2DSideScrollerExampleMap:PersistentLevel' has LevelScriptBlueprint '/Game/2DSideScrollerCPP/Maps/2DSideScrollerExampleMap.2DSideScrollerExampleMap:PersistentLevel.2DSideScrollerExampleMap' with GeneratedClass '/Game/2DSideScrollerCPP/Maps/2DSideScrollerExampleMap.2DSideScrollerExampleMap_C' with ClassGeneratedBy '/Game/2DSideScrollerCPP/Maps/2DSideScrollerExampleMap.2DSideScrollerExampleMap:PersistentLevel.2DSideScrollerExampleMap'
[2017.12.07-01.04.23:723][ 57]LogPlayLevel: PlayLevel: No blueprints needed recompiling
[2017.12.07-01.04.23:723][ 57]PIE: New page: PIE session: 2DSideScrollerExampleMap (Dec 6, 2017, 11:04:23 AM)
[2017.12.07-01.04.23:724][ 57]LogPlayLevel: Creating play world package: /Game/2DSideScrollerCPP/Maps/UEDPIE_0_2DSideScrollerExampleMap
[2017.12.07-01.04.23:727][ 57]LogPlayLevel: PIE: StaticDuplicateObject took: (0.003479s)
[2017.12.07-01.04.23:728][ 57]LogAIModule: Creating AISystem for world 2DSideScrollerExampleMap
[2017.12.07-01.04.23:728][ 57]LogPlayLevel: PIE: World Init took: (0.000611s)
[2017.12.07-01.04.23:728][ 57]LogPlayLevel: PIE: Created PIE world by copying editor world from /Game/2DSideScrollerCPP/Maps/2DSideScrollerExampleMap.2DSideScrollerExampleMap to /Game/2DSideScrollerCPP/Maps/UEDPIE_0_2DSideScrollerExampleMap.2DSideScrollerExampleMap (0.004335s)
[2017.12.07-01.04.23:751][ 57]LogInit: XAudio2 using 'Headphones (High Definition Audio Device)' : 2 channels at 48 kHz using 16 bits per sample (channel mask 0x3)
[2017.12.07-01.04.23:757][ 57]LogInit: FAudioDevice initialized.
[2017.12.07-01.04.23:788][ 57]LogLoad: Game class is 'CastleOfPerditionGameMode'
[2017.12.07-01.04.23:790][ 57]LogWorld: Bringing World /Game/2DSideScrollerCPP/Maps/UEDPIE_0_2DSideScrollerExampleMap.2DSideScrollerExampleMap up for play (max tick rate 0) at 2017.12.06-18.04.23
[2017.12.07-01.04.23:790][ 57]LogWorld: Bringing up level for play took: 0.001784
[2017.12.07-01.04.23:791][ 57]PIE: Play in editor start time for /Game/2DSideScrollerCPP/Maps/UEDPIE_0_2DSideScrollerExampleMap 0.273
[2017.12.07-01.04.23:792][ 57]LogBlueprintUserMessages: Late PlayInEditor Detection: Level '/Game/2DSideScrollerCPP/Maps/2DSideScrollerExampleMap.2DSideScrollerExampleMap:PersistentLevel' has LevelScriptBlueprint '/Game/2DSideScrollerCPP/Maps/2DSideScrollerExampleMap.2DSideScrollerExampleMap:PersistentLevel.2DSideScrollerExampleMap' with GeneratedClass '/Game/2DSideScrollerCPP/Maps/2DSideScrollerExampleMap.2DSideScrollerExampleMap_C' with ClassGeneratedBy '/Game/2DSideScrollerCPP/Maps/2DSideScrollerExampleMap.2DSideScrollerExampleMap:PersistentLevel.2DSideScrollerExampleMap'
[2017.12.07-01.06.47:913][338]LogBlueprintUserMessages: Early EndPlayMap Detection: Level '/Game/2DSideScrollerCPP/Maps/2DSideScrollerExampleMap.2DSideScrollerExampleMap:PersistentLevel' has LevelScriptBlueprint '/Game/2DSideScrollerCPP/Maps/2DSideScrollerExampleMap.2DSideScrollerExampleMap:PersistentLevel.2DSideScrollerExampleMap' with GeneratedClass '/Game/2DSideScrollerCPP/Maps/2DSideScrollerExampleMap.2DSideScrollerExampleMap_C' with ClassGeneratedBy '/Game/2DSideScrollerCPP/Maps/2DSideScrollerExampleMap.2DSideScrollerExampleMap:PersistentLevel.2DSideScrollerExampleMap'
[2017.12.07-01.06.47:980][338]LogBlueprintUserMessages: Late EndPlayMap Detection: Level '/Game/2DSideScrollerCPP/Maps/2DSideScrollerExampleMap.2DSideScrollerExampleMap:PersistentLevel' has LevelScriptBlueprint '/Game/2DSideScrollerCPP/Maps/2DSideScrollerExampleMap.2DSideScrollerExampleMap:PersistentLevel.2DSideScrollerExampleMap' with GeneratedClass '/Game/2DSideScrollerCPP/Maps/2DSideScrollerExampleMap.2DSideScrollerExampleMap_C' with ClassGeneratedBy '/Game/2DSideScrollerCPP/Maps/2DSideScrollerExampleMap.2DSideScrollerExampleMap:PersistentLevel.2DSideScrollerExampleMap'
[2017.12.07-01.07.16:930][637]LogEditorViewport: Clicking on Actor (LMB): 2DLift_C (2DLift3)
[2017.12.07-01.07.30:123][173]LogEditorViewport: Clicking on Actor (LMB): PaperSpriteActor (Background_Sprite)
[2017.12.07-01.07.30:904][246]LogTemp: Repeating last play command: Selected Viewport
[2017.12.07-01.07.30:924][246]LogBlueprintUserMessages: Early PlayInEditor Detection: Level '/Game/2DSideScrollerCPP/Maps/2DSideScrollerExampleMap.2DSideScrollerExampleMap:PersistentLevel' has LevelScriptBlueprint '/Game/2DSideScrollerCPP/Maps/2DSideScrollerExampleMap.2DSideScrollerExampleMap:PersistentLevel.2DSideScrollerExampleMap' with GeneratedClass '/Game/2DSideScrollerCPP/Maps/2DSideScrollerExampleMap.2DSideScrollerExampleMap_C' with ClassGeneratedBy '/Game/2DSideScrollerCPP/Maps/2DSideScrollerExampleMap.2DSideScrollerExampleMap:PersistentLevel.2DSideScrollerExampleMap'
[2017.12.07-01.07.30:924][246]LogPlayLevel: PlayLevel: No blueprints needed recompiling
[2017.12.07-01.07.30:924][246]PIE: New page: PIE session: 2DSideScrollerExampleMap (Dec 6, 2017, 11:07:30 AM)
[2017.12.07-01.07.30:924][246]LogPlayLevel: Creating play world package: /Game/2DSideScrollerCPP/Maps/UEDPIE_0_2DSideScrollerExampleMap
[2017.12.07-01.07.30:927][246]LogPlayLevel: PIE: StaticDuplicateObject took: (0.003102s)
[2017.12.07-01.07.30:928][246]LogAIModule: Creating AISystem for world 2DSideScrollerExampleMap
[2017.12.07-01.07.30:928][246]LogPlayLevel: PIE: World Init took: (0.000520s)
[2017.12.07-01.07.30:928][246]LogPlayLevel: PIE: Created PIE world by copying editor world from /Game/2DSideScrollerCPP/Maps/2DSideScrollerExampleMap.2DSideScrollerExampleMap to /Game/2DSideScrollerCPP/Maps/UEDPIE_0_2DSideScrollerExampleMap.2DSideScrollerExampleMap (0.003875s)
[2017.12.07-01.07.30:952][246]LogInit: XAudio2 using 'Headphones (High Definition Audio Device)' : 2 channels at 48 kHz using 16 bits per sample (channel mask 0x3)
[2017.12.07-01.07.30:958][246]LogInit: FAudioDevice initialized.
[2017.12.07-01.07.30:988][246]LogLoad: Game class is 'CastleOfPerditionGameMode'
[2017.12.07-01.07.30:990][246]LogWorld: Bringing World /Game/2DSideScrollerCPP/Maps/UEDPIE_0_2DSideScrollerExampleMap.2DSideScrollerExampleMap up for play (max tick rate 0) at 2017.12.06-18.07.30
[2017.12.07-01.07.30:991][246]LogWorld: Bringing up level for play took: 0.001991
[2017.12.07-01.07.30:992][246]PIE: Play in editor start time for /Game/2DSideScrollerCPP/Maps/UEDPIE_0_2DSideScrollerExampleMap -0.525
[2017.12.07-01.07.30:992][246]LogBlueprintUserMessages: Late PlayInEditor Detection: Level '/Game/2DSideScrollerCPP/Maps/2DSideScrollerExampleMap.2DSideScrollerExampleMap:PersistentLevel' has LevelScriptBlueprint '/Game/2DSideScrollerCPP/Maps/2DSideScrollerExampleMap.2DSideScrollerExampleMap:PersistentLevel.2DSideScrollerExampleMap' with GeneratedClass '/Game/2DSideScrollerCPP/Maps/2DSideScrollerExampleMap.2DSideScrollerExampleMap_C' with ClassGeneratedBy '/Game/2DSideScrollerCPP/Maps/2DSideScrollerExampleMap.2DSideScrollerExampleMap:PersistentLevel.2DSideScrollerExampleMap'
[2017.12.07-01.08.05:802][421]LogBlueprintUserMessages: Early EndPlayMap Detection: Level '/Game/2DSideScrollerCPP/Maps/2DSideScrollerExampleMap.2DSideScrollerExampleMap:PersistentLevel' has LevelScriptBlueprint '/Game/2DSideScrollerCPP/Maps/2DSideScrollerExampleMap.2DSideScrollerExampleMap:PersistentLevel.2DSideScrollerExampleMap' with GeneratedClass '/Game/2DSideScrollerCPP/Maps/2DSideScrollerExampleMap.2DSideScrollerExampleMap_C' with ClassGeneratedBy '/Game/2DSideScrollerCPP/Maps/2DSideScrollerExampleMap.2DSideScrollerExampleMap:PersistentLevel.2DSideScrollerExampleMap'
[2017.12.07-01.08.05:873][421]LogBlueprintUserMessages: Late EndPlayMap Detection: Level '/Game/2DSideScrollerCPP/Maps/2DSideScrollerExampleMap.2DSideScrollerExampleMap:PersistentLevel' has LevelScriptBlueprint '/Game/2DSideScrollerCPP/Maps/2DSideScrollerExampleMap.2DSideScrollerExampleMap:PersistentLevel.2DSideScrollerExampleMap' with GeneratedClass '/Game/2DSideScrollerCPP/Maps/2DSideScrollerExampleMap.2DSideScrollerExampleMap_C' with ClassGeneratedBy '/Game/2DSideScrollerCPP/Maps/2DSideScrollerExampleMap.2DSideScrollerExampleMap:PersistentLevel.2DSideScrollerExampleMap'
